54.0 APEX_CODE,FINEST;APEX_PROFILING,INFO;CALLOUT,INFO;DB,INFO;NBA,INFO;SYSTEM,DEBUG;VALIDATION,INFO;VISUALFORCE,FINER;WAVE,INFO;WORKFLOW,INFO
17:40:37.0 (142576)|USER_INFO|[EXTERNAL]|0051D00000BAMDm|test-prqudpxcsqbl@example.com|(GMT-07:00) Pacific Daylight Time (America/Los_Angeles)|GMT-07:00
17:40:37.0 (179123)|EXECUTION_STARTED
17:40:37.0 (186356)|CODE_UNIT_STARTED|[EXTERNAL]|apex://CmtUiService/ACTION$getCMTRecordsSingleCall
17:40:37.0 (957795)|HEAP_ALLOCATE|[EXTERNAL]|Bytes:16
17:40:37.0 (1408517)|CODE_UNIT_STARTED|[EXTERNAL]|01p1D00000VS7UD|CmtUiService.getCMTRecordsSingleCall(List<String>)
17:40:37.0 (1604894)|HEAP_ALLOCATE|[79]|Bytes:3
17:40:37.0 (1655199)|HEAP_ALLOCATE|[84]|Bytes:152
17:40:37.0 (1674922)|HEAP_ALLOCATE|[399]|Bytes:408
17:40:37.0 (1693588)|HEAP_ALLOCATE|[412]|Bytes:408
17:40:37.0 (1709809)|HEAP_ALLOCATE|[520]|Bytes:48
17:40:37.0 (1736260)|HEAP_ALLOCATE|[139]|Bytes:6
17:40:37.0 (1787783)|HEAP_ALLOCATE|[EXTERNAL]|Bytes:8
17:40:37.0 (1794779)|HEAP_ALLOCATE|[EXTERNAL]|Bytes:2
17:40:37.0 (1804883)|METHOD_ENTRY|[8]|01p1D00000VS7UD|CmtUiService.CmtUiService()
17:40:37.0 (1814485)|STATEMENT_EXECUTE|[8]
17:40:37.0 (1820982)|STATEMENT_EXECUTE|[8]
17:40:37.0 (1851218)|HEAP_ALLOCATE|[52]|Bytes:5
17:40:37.0 (1880822)|HEAP_ALLOCATE|[58]|Bytes:5
17:40:37.0 (1890289)|HEAP_ALLOCATE|[66]|Bytes:7
17:40:37.0 (1915839)|HEAP_ALLOCATE|[EXTERNAL]|Bytes:5
17:40:37.0 (1928442)|METHOD_EXIT|[8]|CmtUiService
17:40:37.0 (1976818)|HEAP_ALLOCATE|[EXTERNAL]|Bytes:16
17:40:37.0 (1986105)|VARIABLE_SCOPE_BEGIN|[45]|cmts|List<String>|true|false
17:40:37.0 (2041713)|VARIABLE_ASSIGNMENT|[45]|cmts|["Badge_to_Keep","Badge_Product_to_Del (3 more) ...","Example_CMT"]|0x717d1238
17:40:37.0 (2069047)|HEAP_ALLOCATE|[46]|Bytes:5
17:40:37.0 (2076627)|STATEMENT_EXECUTE|[45]
17:40:37.0 (2129995)|STATEMENT_EXECUTE|[46]
17:40:37.0 (2133113)|STATEMENT_EXECUTE|[51]
17:40:37.0 (76005146)|HEAP_ALLOCATE|[51]|Bytes:4340
17:40:37.0 (76056155)|VARIABLE_SCOPE_BEGIN|[51]|globalDescribeMap|Map<String,Schema.SObjectType>|true|false
17:40:37.0 (76953839)|VARIABLE_ASSIGNMENT|[51]|globalDescribeMap|"{acceptedeventrelation=AcceptedEventRelation, account=Account, accountchangeevent=AccountChangeEvent, accountcleaninfo=AccountCleanInfo, accountcontactrole=AccountContactRole, accountcontactrolechangeevent=AccountContactRoleChangeEvent, accountfeed=AccountFeed, accounthistory=AccountHistory, accountpartner=AccountPartner, accountshare=AccountShare, ...}"|0x76ec760a
17:40:37.0 (76975497)|STATEMENT_EXECUTE|[53]
17:40:37.0 (77059835)|HEAP_ALLOCATE|[53]|Bytes:4
17:40:37.0 (77191539)|VARIABLE_SCOPE_BEGIN|[53]|cmtDescribes|List<Schema.DescribeSObjectResult>|true|false
17:40:37.0 (77224640)|HEAP_ALLOCATE|[EXTERNAL]|Bytes:4
17:40:37.0 (77243802)|VARIABLE_ASSIGNMENT|[53]|cmtDescribes|[]|0x4cce3bac
17:40:37.0 (77374342)|HEAP_ALLOCATE|[55]|Bytes:5
17:40:37.0 (77399436)|HEAP_ALLOCATE|[55]|Bytes:13
17:40:37.0 (77412484)|VARIABLE_SCOPE_BEGIN|[55]|cmt|String|false|false
17:40:37.0 (77430705)|VARIABLE_ASSIGNMENT|[55]|cmt|"Badge_to_Keep"
17:40:37.0 (77439208)|STATEMENT_EXECUTE|[55]
17:40:37.0 (77441871)|STATEMENT_EXECUTE|[56]
17:40:37.0 (77500606)|HEAP_ALLOCATE|[56]|Bytes:13
17:40:37.0 (77520115)|HEAP_ALLOCATE|[56]|Bytes:5
17:40:37.0 (77533424)|HEAP_ALLOCATE|[56]|Bytes:18
17:40:37.0 (79031582)|HEAP_ALLOCATE|[56]|Bytes:4
17:40:37.0 (79082195)|HEAP_ALLOCATE|[EXTERNAL]|Bytes:4
17:40:37.0 (79107449)|HEAP_ALLOCATE|[55]|Bytes:5
17:40:37.0 (79121503)|HEAP_ALLOCATE|[55]|Bytes:23
17:40:37.0 (79130511)|VARIABLE_SCOPE_BEGIN|[55]|cmt|String|false|false
17:40:37.0 (79147715)|VARIABLE_ASSIGNMENT|[55]|cmt|"Badge_Product_to_Del (3 more) ..."
17:40:37.0 (79156415)|STATEMENT_EXECUTE|[55]
17:40:37.0 (79159014)|STATEMENT_EXECUTE|[56]
17:40:37.0 (79176699)|HEAP_ALLOCATE|[56]|Bytes:23
17:40:37.0 (79191589)|HEAP_ALLOCATE|[56]|Bytes:28
17:40:37.0 (80156149)|HEAP_ALLOCATE|[56]|Bytes:4
17:40:37.0 (80190019)|HEAP_ALLOCATE|[EXTERNAL]|Bytes:4
17:40:37.0 (80212984)|HEAP_ALLOCATE|[55]|Bytes:5
17:40:37.0 (80227483)|HEAP_ALLOCATE|[55]|Bytes:11
17:40:37.0 (80236510)|VARIABLE_SCOPE_BEGIN|[55]|cmt|String|false|false
17:40:37.0 (80252431)|VARIABLE_ASSIGNMENT|[55]|cmt|"Example_CMT"
17:40:37.0 (80260779)|STATEMENT_EXECUTE|[55]
17:40:37.0 (80263282)|STATEMENT_EXECUTE|[56]
17:40:37.0 (80280220)|HEAP_ALLOCATE|[56]|Bytes:11
17:40:37.0 (80295417)|HEAP_ALLOCATE|[56]|Bytes:16
17:40:37.0 (81242337)|HEAP_ALLOCATE|[56]|Bytes:4
17:40:37.0 (81283949)|HEAP_ALLOCATE|[EXTERNAL]|Bytes:4
17:40:37.0 (81316298)|HEAP_ALLOCATE|[55]|Bytes:5
17:40:37.0 (81345512)|VARIABLE_ASSIGNMENT|[55]|cmt|null
17:40:37.0 (81360422)|STATEMENT_EXECUTE|[59]
17:40:37.0 (81923576)|HEAP_ALLOCATE|[59]|Bytes:4
17:40:37.0 (81975647)|VARIABLE_SCOPE_BEGIN|[59]|customMetadataTypeInfos|Map<String,CustomMetadataTypeWrapper>|true|false
17:40:37.0 (82000722)|VARIABLE_ASSIGNMENT|[59]|customMetadataTypeInfos|{}|0x21e801fb
17:40:37.0 (82157487)|HEAP_ALLOCATE|[61]|Bytes:5
17:40:37.0 (82186435)|HEAP_ALLOCATE|[61]|Bytes:4
17:40:37.0 (82223171)|VARIABLE_SCOPE_BEGIN|[61]|cmt|Schema.DescribeSObjectResult|true|false
17:40:37.0 (82424860)|VARIABLE_ASSIGNMENT|[61]|cmt|"common.api.soap.wsdl.DescribeSObjectResult@e65f669a"|0x9723dd6
17:40:37.0 (82451123)|STATEMENT_EXECUTE|[61]
17:40:37.0 (82455016)|STATEMENT_EXECUTE|[62]
17:40:37.0 (82853627)|HEAP_ALLOCATE|[62]|Bytes:36
17:40:37.0 (82872366)|VARIABLE_SCOPE_BEGIN|[62]|cmtFields|Map<String,Schema.SObjectField>|true|false
17:40:37.0 (83053893)|VARIABLE_ASSIGNMENT|[62]|cmtFields|"{badge_name__c=Badge_Name__c, developername=DeveloperName, id=Id, label=Label, language=Language, masterlabel=MasterLabel, namespaceprefix=NamespacePrefix, qualifiedapiname=QualifiedApiName}"|0x30f16a59
17:40:37.0 (83073701)|STATEMENT_EXECUTE|[63]
17:40:37.0 (83086718)|HEAP_ALLOCATE|[63]|Bytes:4
17:40:37.0 (83126330)|VARIABLE_SCOPE_BEGIN|[63]|fieldsToQuery|List<String>|true|false
17:40:37.0 (83155859)|HEAP_ALLOCATE|[EXTERNAL]|Bytes:4
17:40:37.0 (83170574)|VARIABLE_ASSIGNMENT|[63]|fieldsToQuery|[]|0x490830ff
17:40:37.0 (83178524)|STATEMENT_EXECUTE|[64]
17:40:37.0 (83202628)|HEAP_ALLOCATE|[64]|Bytes:4
17:40:37.0 (83225843)|VARIABLE_SCOPE_BEGIN|[64]|describeFieldResults|List<Map<String,ANY>>|true|false
17:40:37.0 (83256312)|HEAP_ALLOCATE|[EXTERNAL]|Bytes:4
17:40:37.0 (83265345)|VARIABLE_ASSIGNMENT|[64]|describeFieldResults|[]|0x4cc36d4b
17:40:37.0 (83277624)|HEAP_ALLOCATE|[66]|Bytes:4
17:40:37.0 (83334769)|HEAP_ALLOCATE|[66]|Bytes:119
17:40:37.0 (83360551)|HEAP_ALLOCATE|[66]|Bytes:32
17:40:37.0 (83387241)|HEAP_ALLOCATE|[66]|Bytes:5
17:40:37.0 (83404169)|VARIABLE_SCOPE_BEGIN|[66]|cmtField|String|false|false
17:40:37.0 (83418564)|VARIABLE_ASSIGNMENT|[66]|cmtField|"id"
17:40:37.0 (83426073)|STATEMENT_EXECUTE|[66]
17:40:37.0 (83428406)|STATEMENT_EXECUTE|[67]
17:40:37.0 (83494511)|SYSTEM_MODE_ENTER|true
17:40:37.0 (84520034)|HEAP_ALLOCATE|[EXTERNAL]|Bytes:4
17:40:37.0 (84724135)|HEAP_ALLOCATE|[67]|Bytes:8
17:40:37.0 (84790571)|VARIABLE_SCOPE_BEGIN|[67]|tempFieldResult|Schema.DescribeFieldResult|true|false
17:40:37.0 (84964238)|VARIABLE_ASSIGNMENT|[67]|tempFieldResult|"common.api.soap.wsdl.Field@8c32805d"|0x6c4e1c57
17:40:37.0 (85029020)|STATEMENT_EXECUTE|[69]
17:40:37.0 (85084386)|HEAP_ALLOCATE|[66]|Bytes:5
17:40:37.0 (85137787)|VARIABLE_SCOPE_BEGIN|[66]|cmtField|String|false|false
17:40:37.0 (85181615)|VARIABLE_ASSIGNMENT|[66]|cmtField|"developername"
17:40:37.0 (85203102)|STATEMENT_EXECUTE|[66]
17:40:37.0 (85211556)|STATEMENT_EXECUTE|[67]
17:40:37.0 (85278902)|SYSTEM_MODE_ENTER|true
17:40:37.0 (85542513)|HEAP_ALLOCATE|[EXTERNAL]|Bytes:4
17:40:37.0 (85683923)|HEAP_ALLOCATE|[67]|Bytes:8
17:40:37.0 (94227977)|VARIABLE_SCOPE_BEGIN|[67]|tempFieldResult|Schema.DescribeFieldResult|true|false
17:40:37.0 (94405543)|VARIABLE_ASSIGNMENT|[67]|tempFieldResult|"common.api.soap.wsdl.Field@400b9ce7"|0x1cedcca3
17:40:37.0 (94454850)|STATEMENT_EXECUTE|[69]
17:40:37.0 (94492046)|HEAP_ALLOCATE|[66]|Bytes:5
17:40:37.0 (94525813)|VARIABLE_SCOPE_BEGIN|[66]|cmtField|String|false|false
17:40:37.0 (94546781)|VARIABLE_ASSIGNMENT|[66]|cmtField|"masterlabel"
17:40:37.0 (94558354)|STATEMENT_EXECUTE|[66]
17:40:37.0 (94561674)|STATEMENT_EXECUTE|[67]
17:40:37.0 (94606937)|SYSTEM_MODE_ENTER|true
17:40:37.0 (94811451)|HEAP_ALLOCATE|[EXTERNAL]|Bytes:4
17:40:37.0 (94914957)|HEAP_ALLOCATE|[67]|Bytes:8
17:40:37.0 (94936273)|VARIABLE_SCOPE_BEGIN|[67]|tempFieldResult|Schema.DescribeFieldResult|true|false
17:40:37.0 (95044734)|VARIABLE_ASSIGNMENT|[67]|tempFieldResult|"common.api.soap.wsdl.Field@259618b4"|0x7b5be98
17:40:37.0 (95070587)|STATEMENT_EXECUTE|[69]
17:40:37.0 (95091601)|HEAP_ALLOCATE|[66]|Bytes:5
17:40:37.0 (95115069)|VARIABLE_SCOPE_BEGIN|[66]|cmtField|String|false|false
17:40:37.0 (95134835)|VARIABLE_ASSIGNMENT|[66]|cmtField|"language"
17:40:37.0 (95144613)|STATEMENT_EXECUTE|[66]
17:40:37.0 (95147688)|STATEMENT_EXECUTE|[67]
17:40:37.0 (95181156)|SYSTEM_MODE_ENTER|true
17:40:37.0 (95318685)|HEAP_ALLOCATE|[EXTERNAL]|Bytes:4
17:40:37.0 (95397368)|HEAP_ALLOCATE|[67]|Bytes:8
17:40:37.0 (95417349)|VARIABLE_SCOPE_BEGIN|[67]|tempFieldResult|Schema.DescribeFieldResult|true|false
17:40:37.0 (96712914)|VARIABLE_ASSIGNMENT|[67]|tempFieldResult|"common.api.soap.wsdl.Field@1b545bea"|0x4ff3d572
17:40:37.0 (96746434)|STATEMENT_EXECUTE|[69]
17:40:37.0 (96769669)|HEAP_ALLOCATE|[66]|Bytes:5
17:40:37.0 (96797669)|VARIABLE_SCOPE_BEGIN|[66]|cmtField|String|false|false
17:40:37.0 (96818372)|VARIABLE_ASSIGNMENT|[66]|cmtField|"namespaceprefix"
17:40:37.0 (96827842)|STATEMENT_EXECUTE|[66]
17:40:37.0 (96830931)|STATEMENT_EXECUTE|[67]
17:40:37.0 (96867924)|SYSTEM_MODE_ENTER|true
17:40:37.0 (97013730)|HEAP_ALLOCATE|[EXTERNAL]|Bytes:4
17:40:37.0 (97096674)|HEAP_ALLOCATE|[67]|Bytes:8
17:40:37.0 (97117945)|VARIABLE_SCOPE_BEGIN|[67]|tempFieldResult|Schema.DescribeFieldResult|true|false
17:40:37.0 (97231414)|VARIABLE_ASSIGNMENT|[67]|tempFieldResult|"common.api.soap.wsdl.Field@efa74580"|0x6c164a8f
17:40:37.0 (97256054)|STATEMENT_EXECUTE|[69]
17:40:37.0 (97275940)|HEAP_ALLOCATE|[66]|Bytes:5
17:40:37.0 (97299286)|VARIABLE_SCOPE_BEGIN|[66]|cmtField|String|false|false
17:40:37.0 (97317923)|VARIABLE_ASSIGNMENT|[66]|cmtField|"label"
17:40:37.0 (97327276)|STATEMENT_EXECUTE|[66]
17:40:37.0 (97330349)|STATEMENT_EXECUTE|[67]
17:40:37.0 (97362873)|SYSTEM_MODE_ENTER|true
17:40:37.0 (97500451)|HEAP_ALLOCATE|[EXTERNAL]|Bytes:4
17:40:37.0 (97577683)|HEAP_ALLOCATE|[67]|Bytes:8
17:40:37.0 (112145300)|VARIABLE_SCOPE_BEGIN|[67]|tempFieldResult|Schema.DescribeFieldResult|true|false
17:40:37.0 (112368557)|VARIABLE_ASSIGNMENT|[67]|tempFieldResult|"common.api.soap.wsdl.Field@8725e5bc"|0x54fca96f
17:40:37.0 (112411083)|STATEMENT_EXECUTE|[69]
17:40:37.0 (112459698)|HEAP_ALLOCATE|[66]|Bytes:5
17:40:37.0 (112497487)|VARIABLE_SCOPE_BEGIN|[66]|cmtField|String|false|false
17:40:37.0 (112519051)|VARIABLE_ASSIGNMENT|[66]|cmtField|"qualifiedapiname"
17:40:37.0 (112529334)|STATEMENT_EXECUTE|[66]
17:40:37.0 (112532618)|STATEMENT_EXECUTE|[67]
17:40:37.0 (112584571)|SYSTEM_MODE_ENTER|true
17:40:37.0 (112822809)|HEAP_ALLOCATE|[EXTERNAL]|Bytes:4
17:40:37.0 (112949529)|HEAP_ALLOCATE|[67]|Bytes:8
17:40:37.0 (112971404)|VARIABLE_SCOPE_BEGIN|[67]|tempFieldResult|Schema.DescribeFieldResult|true|false
17:40:37.0 (113081469)|VARIABLE_ASSIGNMENT|[67]|tempFieldResult|"common.api.soap.wsdl.Field@41f76f0c"|0x4a7daf1d
17:40:37.0 (113107340)|STATEMENT_EXECUTE|[69]
17:40:37.0 (113128231)|HEAP_ALLOCATE|[66]|Bytes:5
17:40:37.0 (113151999)|VARIABLE_SCOPE_BEGIN|[66]|cmtField|String|false|false
17:40:37.0 (113172041)|VARIABLE_ASSIGNMENT|[66]|cmtField|"badge_name__c"
17:40:37.0 (113182646)|STATEMENT_EXECUTE|[66]
17:40:37.0 (113185818)|STATEMENT_EXECUTE|[67]
17:40:37.0 (113220393)|SYSTEM_MODE_ENTER|true
17:40:37.0 (113377194)|HEAP_ALLOCATE|[EXTERNAL]|Bytes:4
17:40:37.0 (113484966)|HEAP_ALLOCATE|[67]|Bytes:8
17:40:37.0 (113505877)|VARIABLE_SCOPE_BEGIN|[67]|tempFieldResult|Schema.DescribeFieldResult|true|false
17:40:37.0 (113611949)|VARIABLE_ASSIGNMENT|[67]|tempFieldResult|"common.api.soap.wsdl.Field@40c41924"|0x52228bca
17:40:37.0 (113636715)|STATEMENT_EXECUTE|[69]
17:40:37.0 (113640277)|STATEMENT_EXECUTE|[70]
17:40:37.0 (113675234)|HEAP_ALLOCATE|[70]|Bytes:4
17:40:37.0 (113701161)|VARIABLE_SCOPE_BEGIN|[70]|describeFieldResult|Map<String,ANY>|true|false
17:40:37.0 (113739580)|VARIABLE_ASSIGNMENT|[70]|describeFieldResult|{}|0x753eddba
17:40:37.0 (113751784)|STATEMENT_EXECUTE|[71]
17:40:37.0 (113760226)|HEAP_ALLOCATE|[71]|Bytes:13
17:40:37.0 (113788921)|HEAP_ALLOCATE|[71]|Bytes:13
17:40:37.0 (113891677)|HEAP_ALLOCATE|[EXTERNAL]|Bytes:-4
17:40:37.0 (113908943)|STATEMENT_EXECUTE|[72]
17:40:37.0 (113914216)|HEAP_ALLOCATE|[72]|Bytes:11
17:40:37.0 (113933604)|HEAP_ALLOCATE|[72]|Bytes:10
17:40:37.0 (113971692)|HEAP_ALLOCATE|[EXTERNAL]|Bytes:-4
17:40:37.0 (113985408)|STATEMENT_EXECUTE|[73]
17:40:37.0 (113992924)|HEAP_ALLOCATE|[73]|Bytes:8
17:40:37.0 (115276762)|HEAP_ALLOCATE|[73]|Bytes:12
17:40:37.0 (115368808)|HEAP_ALLOCATE|[73]|Bytes:6
17:40:37.0 (115404499)|HEAP_ALLOCATE|[EXTERNAL]|Bytes:-4
17:40:37.0 (115437963)|HEAP_ALLOCATE|[75]|Bytes:12
17:40:37.0 (115486319)|HEAP_ALLOCATE|[75]|Bytes:6
17:40:37.0 (115506379)|HEAP_ALLOCATE|[75]|Bytes:8
17:40:37.0 (115551911)|STATEMENT_EXECUTE|[75]
17:40:37.0 (115557403)|STATEMENT_EXECUTE|[80]
17:40:37.0 (115601188)|HEAP_ALLOCATE|[EXTERNAL]|Bytes:4
17:40:37.0 (115617036)|STATEMENT_EXECUTE|[81]
17:40:37.0 (115629250)|HEAP_ALLOCATE|[81]|Bytes:13
17:40:37.0 (115662584)|HEAP_ALLOCATE|[EXTERNAL]|Bytes:4
17:40:37.0 (115689615)|HEAP_ALLOCATE|[66]|Bytes:5
17:40:37.0 (115714136)|VARIABLE_ASSIGNMENT|[66]|cmtField|null
17:40:37.0 (115726321)|STATEMENT_EXECUTE|[85]
17:40:37.0 (115730955)|HEAP_ALLOCATE|[85]|Bytes:35
17:40:37.0 (115738353)|HEAP_ALLOCATE|[86]|Bytes:2
17:40:37.0 (115797417)|HEAP_ALLOCATE|[86]|Bytes:5
17:40:37.0 (115810497)|HEAP_ALLOCATE|[86]|Bytes:13
17:40:37.0 (115819564)|HEAP_ALLOCATE|[86]|Bytes:5
17:40:37.0 (115827315)|HEAP_ALLOCATE|[86]|Bytes:13
17:40:37.0 (115844713)|HEAP_ALLOCATE|[86]|Bytes:6
17:40:37.0 (115864790)|HEAP_ALLOCATE|[86]|Bytes:18
17:40:37.0 (115883279)|HEAP_ALLOCATE|[85]|Bytes:72
17:40:37.0 (115893212)|VARIABLE_SCOPE_BEGIN|[85]|queryString|String|false|false
17:40:37.0 (115916871)|VARIABLE_ASSIGNMENT|[85]|queryString|"SELECT MasterLabel,  (52 more) ..."
17:40:37.0 (115926605)|STATEMENT_EXECUTE|[87]
17:40:37.0 (116373502)|SOQL_EXECUTE_BEGIN|[87]|Aggregations:0|SELECT MasterLabel, DeveloperName, Badge_Name__c FROM Badge_to_Keep__mdt
17:40:37.0 (121452653)|SOQL_EXECUTE_END|[87]|Rows:19
17:40:37.0 (121509493)|HEAP_ALLOCATE|[87]|Bytes:80
17:40:37.0 (121604243)|HEAP_ALLOCATE|[87]|Bytes:3269
17:40:37.0 (121729250)|HEAP_ALLOCATE|[87]|Bytes:80
17:40:37.0 (121767305)|VARIABLE_SCOPE_BEGIN|[87]|records|List<SObject>|true|false
17:40:37.0 (121816910)|VARIABLE_ASSIGNMENT|[87]|records|"List of size 19 too large to display"|0x2de39796
17:40:37.0 (121837336)|STATEMENT_EXECUTE|[88]
17:40:37.0 (121865357)|HEAP_ALLOCATE|[88]|Bytes:4
17:40:37.0 (121895898)|VARIABLE_SCOPE_BEGIN|[88]|recordMap|Map<String,SObject>|true|false
17:40:37.0 (121932932)|VARIABLE_ASSIGNMENT|[88]|recordMap|{}|0x72fa4f4a
17:40:37.0 (122198566)|HEAP_ALLOCATE|[90]|Bytes:5
17:40:37.0 (122267252)|HEAP_ALLOCATE|[90]|Bytes:20
17:40:37.0 (122307823)|VARIABLE_SCOPE_BEGIN|[90]|record|SObject|true|false
17:40:37.0 (122389790)|VARIABLE_ASSIGNMENT|[90]|record|{"MasterLabel":"Quick Start: Create  (18 more) ...","DeveloperName":"Quick_Start_Create_a (17 more) ...","Badge_Name__c":"Quick Start: Create  (37 more) ...","Id":"m021D000001GSV7QAO"}|0x1ca3073d
17:40:37.0 (122407658)|STATEMENT_EXECUTE|[90]
17:40:37.0 (122411763)|STATEMENT_EXECUTE|[91]
17:40:37.0 (122542310)|HEAP_ALLOCATE|[91]|Bytes:37
17:40:37.0 (122587300)|HEAP_ALLOCATE|[91]|Bytes:37
17:40:37.0 (122640370)|HEAP_ALLOCATE|[EXTERNAL]|Bytes:-4
17:40:37.0 (122672425)|HEAP_ALLOCATE|[90]|Bytes:5
17:40:37.0 (122697359)|HEAP_ALLOCATE|[90]|Bytes:20
17:40:37.0 (122722871)|VARIABLE_SCOPE_BEGIN|[90]|record|SObject|true|false
17:40:37.0 (122762353)|VARIABLE_ASSIGNMENT|[90]|record|{"MasterLabel":"Marketing Cloud Role (17 more) ...","DeveloperName":"Marketing_Cloud_Role (17 more) ...","Badge_Name__c":"Marketing Cloud Role (29 more) ...","Id":"m021D000001GSV3QAO"}|0x7c7f2d55
17:40:37.0 (122778715)|STATEMENT_EXECUTE|[90]
17:40:37.0 (122782290)|STATEMENT_EXECUTE|[91]
17:40:37.0 (122824068)|HEAP_ALLOCATE|[91]|Bytes:37
17:40:37.0 (122858164)|HEAP_ALLOCATE|[91]|Bytes:37
17:40:37.0 (122894940)|HEAP_ALLOCATE|[EXTERNAL]|Bytes:-4
17:40:37.0 (122921495)|HEAP_ALLOCATE|[90]|Bytes:5
17:40:37.0 (122943737)|HEAP_ALLOCATE|[90]|Bytes:20
17:40:37.0 (122966134)|VARIABLE_SCOPE_BEGIN|[90]|record|SObject|true|false
17:40:37.0 (123003488)|VARIABLE_ASSIGNMENT|[90]|record|{"MasterLabel":"Marketing Cloud Prog (18 more) ...","DeveloperName":"Marketing_Cloud_Prog (18 more) ...","Badge_Name__c":"Marketing Cloud Prog (18 more) ...","Id":"m021D000001GSV2QAO"}|0xf77d233
17:40:37.0 (123021051)|STATEMENT_EXECUTE|[90]
17:40:37.0 (123024852)|STATEMENT_EXECUTE|[91]
17:40:37.0 (123062259)|HEAP_ALLOCATE|[91]|Bytes:38
17:40:37.0 (123095491)|HEAP_ALLOCATE|[91]|Bytes:38
17:40:37.0 (123131190)|HEAP_ALLOCATE|[EXTERNAL]|Bytes:-4
17:40:37.0 (123158372)|HEAP_ALLOCATE|[90]|Bytes:5
17:40:37.0 (123180425)|HEAP_ALLOCATE|[90]|Bytes:20
17:40:37.0 (123201795)|VARIABLE_SCOPE_BEGIN|[90]|record|SObject|true|false
17:40:37.0 (123238096)|VARIABLE_ASSIGNMENT|[90]|record|{"MasterLabel":"Volunteers for Sales (5 more) ...","DeveloperName":"Volunteers_for_Sales (5 more) ...","Badge_Name__c":"Volunteers for Sales (23 more) ...","Id":"m021D000001GSVCQA4"}|0x5b98084f
17:40:37.0 (123255347)|STATEMENT_EXECUTE|[90]
17:40:37.0 (123258645)|STATEMENT_EXECUTE|[91]
17:40:37.0 (123295093)|HEAP_ALLOCATE|[91]|Bytes:25
17:40:37.0 (123326579)|HEAP_ALLOCATE|[91]|Bytes:25
17:40:37.0 (123361719)|HEAP_ALLOCATE|[EXTERNAL]|Bytes:-4
17:40:37.0 (123387238)|HEAP_ALLOCATE|[90]|Bytes:5
17:40:37.0 (123408604)|HEAP_ALLOCATE|[90]|Bytes:20
17:40:37.0 (123429296)|VARIABLE_SCOPE_BEGIN|[90]|record|SObject|true|false
17:40:37.0 (123470362)|VARIABLE_ASSIGNMENT|[90]|record|{"MasterLabel":"Einstein Marketing I (19 more) ...","DeveloperName":"Einstein_Marketing_I (19 more) ...","Badge_Name__c":"Einstein Marketing I (31 more) ...","Id":"m021D000001GSUyQAO"}|0x5f8666ee
17:40:37.0 (124040924)|STATEMENT_EXECUTE|[90]
17:40:37.0 (124045235)|STATEMENT_EXECUTE|[91]
17:40:37.0 (124084361)|HEAP_ALLOCATE|[91]|Bytes:39
17:40:37.0 (124117918)|HEAP_ALLOCATE|[91]|Bytes:39
17:40:37.0 (124154458)|HEAP_ALLOCATE|[EXTERNAL]|Bytes:-4
17:40:37.0 (124179645)|HEAP_ALLOCATE|[90]|Bytes:5
17:40:37.0 (124201093)|HEAP_ALLOCATE|[90]|Bytes:20
17:40:37.0 (124222957)|VARIABLE_SCOPE_BEGIN|[90]|record|SObject|true|false
17:40:37.0 (124255874)|VARIABLE_ASSIGNMENT|[90]|record|{"MasterLabel":"Marketing Cloud APIs","DeveloperName":"Marketing_Cloud_APIs","Badge_Name__c":"Marketing Cloud APIs","Id":"m021D000001GSUzQAO"}|0x5a96fdce
17:40:37.0 (124270093)|STATEMENT_EXECUTE|[90]
17:40:37.0 (124273655)|STATEMENT_EXECUTE|[91]
17:40:37.0 (124308944)|HEAP_ALLOCATE|[91]|Bytes:20
17:40:37.0 (124341543)|HEAP_ALLOCATE|[91]|Bytes:20
17:40:37.0 (124374991)|HEAP_ALLOCATE|[EXTERNAL]|Bytes:-4
17:40:37.0 (124400141)|HEAP_ALLOCATE|[90]|Bytes:5
17:40:37.0 (124420329)|HEAP_ALLOCATE|[90]|Bytes:20
17:40:37.0 (124441797)|VARIABLE_SCOPE_BEGIN|[90]|record|SObject|true|false
17:40:37.0 (124484218)|VARIABLE_ASSIGNMENT|[90]|record|{"MasterLabel":"Marketing Cloud Prod (4 more) ...","DeveloperName":"Marketing_Cloud_Prod (4 more) ...","Badge_Name__c":"Marketing Cloud Prod (4 more) ...","Id":"m021D000001GSV1QAO"}|0x6b415ae5
17:40:37.0 (124500155)|STATEMENT_EXECUTE|[90]
17:40:37.0 (124503480)|STATEMENT_EXECUTE|[91]
17:40:37.0 (124540145)|HEAP_ALLOCATE|[91]|Bytes:24
17:40:37.0 (124573162)|HEAP_ALLOCATE|[91]|Bytes:24
17:40:37.0 (124607158)|HEAP_ALLOCATE|[EXTERNAL]|Bytes:-4
17:40:37.0 (124633267)|HEAP_ALLOCATE|[90]|Bytes:5
17:40:37.0 (124654525)|HEAP_ALLOCATE|[90]|Bytes:20
17:40:37.0 (124675723)|VARIABLE_SCOPE_BEGIN|[90]|record|SObject|true|false
17:40:37.0 (124707882)|VARIABLE_ASSIGNMENT|[90]|record|{"MasterLabel":"API Basics","DeveloperName":"API_Basics","Badge_Name__c":"API Basics","Id":"m021D000001GSUuQAO"}|0x7080fdb2
17:40:37.0 (124723045)|STATEMENT_EXECUTE|[90]
17:40:37.0 (124726850)|STATEMENT_EXECUTE|[91]
17:40:37.0 (124763243)|HEAP_ALLOCATE|[91]|Bytes:10
17:40:37.0 (124796361)|HEAP_ALLOCATE|[91]|Bytes:10
17:40:37.0 (124831780)|HEAP_ALLOCATE|[EXTERNAL]|Bytes:-4
17:40:37.0 (124857355)|HEAP_ALLOCATE|[90]|Bytes:5
17:40:37.0 (124883836)|HEAP_ALLOCATE|[90]|Bytes:20
17:40:37.0 (124909868)|VARIABLE_SCOPE_BEGIN|[90]|record|SObject|true|false
17:40:37.0 (124945418)|VARIABLE_ASSIGNMENT|[90]|record|{"MasterLabel":"Marketing Cloud Send (20 more) ...","DeveloperName":"Marketing_Cloud_Send (19 more) ...","Badge_Name__c":"Marketing Cloud Send (20 more) ...","Id":"m021D000001GSV4QAO"}|0x1c5d545a
17:40:37.0 (124962071)|STATEMENT_EXECUTE|[90]
17:40:37.0 (124965475)|STATEMENT_EXECUTE|[91]
17:40:37.0 (125005069)|HEAP_ALLOCATE|[91]|Bytes:39
17:40:37.0 (125038224)|HEAP_ALLOCATE|[91]|Bytes:39
17:40:37.0 (125074402)|HEAP_ALLOCATE|[EXTERNAL]|Bytes:-4
17:40:37.0 (125101553)|HEAP_ALLOCATE|[90]|Bytes:5
17:40:37.0 (125122760)|HEAP_ALLOCATE|[90]|Bytes:20
17:40:37.0 (125143572)|VARIABLE_SCOPE_BEGIN|[90]|record|SObject|true|false
17:40:37.0 (125179143)|VARIABLE_ASSIGNMENT|[90]|record|{"MasterLabel":"Student Success Hub","DeveloperName":"Student_Success_Hub","Badge_Name__c":"Student Success Hub: (11 more) ...","Id":"m021D000001GSVBQA4"}|0x71c8a292
17:40:37.0 (125194682)|STATEMENT_EXECUTE|[90]
17:40:37.0 (125197861)|STATEMENT_EXECUTE|[91]
17:40:37.0 (125241895)|HEAP_ALLOCATE|[91]|Bytes:19
17:40:37.0 (125279028)|HEAP_ALLOCATE|[91]|Bytes:19
17:40:37.0 (125315636)|HEAP_ALLOCATE|[EXTERNAL]|Bytes:-4
17:40:37.0 (125342274)|HEAP_ALLOCATE|[90]|Bytes:5
17:40:37.0 (125363878)|HEAP_ALLOCATE|[90]|Bytes:20
17:40:37.0 (125385590)|VARIABLE_SCOPE_BEGIN|[90]|record|SObject|true|false
17:40:37.0 (125423270)|VARIABLE_ASSIGNMENT|[90]|record|{"MasterLabel":"Self-Serve SSL Certi (20 more) ...","DeveloperName":"Self_Serve_SSL_Certi (20 more) ...","Badge_Name__c":"Self-Serve SSL Certi (38 more) ...","Id":"m021D000001GSVAQA4"}|0x103f583c
17:40:37.0 (125444480)|STATEMENT_EXECUTE|[90]
17:40:37.0 (125454783)|STATEMENT_EXECUTE|[91]
17:40:37.0 (125491863)|HEAP_ALLOCATE|[91]|Bytes:40
17:40:37.0 (125524935)|HEAP_ALLOCATE|[91]|Bytes:40
17:40:37.0 (125561374)|HEAP_ALLOCATE|[EXTERNAL]|Bytes:-4
17:40:37.0 (125587513)|HEAP_ALLOCATE|[90]|Bytes:5
17:40:37.0 (125610878)|HEAP_ALLOCATE|[90]|Bytes:20
17:40:37.0 (125633065)|VARIABLE_SCOPE_BEGIN|[90]|record|SObject|true|false
17:40:37.0 (125667700)|VARIABLE_ASSIGNMENT|[90]|record|{"MasterLabel":"Marketing Cloud Basi (2 more) ...","DeveloperName":"Marketing_Cloud_Basi (2 more) ...","Badge_Name__c":"Marketing Cloud Basi (2 more) ...","Id":"m021D000001GSV0QAO"}|0x67254ae4
17:40:37.0 (125683626)|STATEMENT_EXECUTE|[90]
17:40:37.0 (125687175)|STATEMENT_EXECUTE|[91]
17:40:37.0 (125722982)|HEAP_ALLOCATE|[91]|Bytes:22
17:40:37.0 (125756538)|HEAP_ALLOCATE|[91]|Bytes:22
17:40:37.0 (125792492)|HEAP_ALLOCATE|[EXTERNAL]|Bytes:-4
17:40:37.0 (125817687)|HEAP_ALLOCATE|[90]|Bytes:5
17:40:37.0 (125839393)|HEAP_ALLOCATE|[90]|Bytes:20
17:40:37.0 (125860700)|VARIABLE_SCOPE_BEGIN|[90]|record|SObject|true|false
17:40:37.0 (125897361)|VARIABLE_ASSIGNMENT|[90]|record|{"MasterLabel":"Salesforce Marketer: (11 more) ...","DeveloperName":"Salesforce_Marketer_ (10 more) ...","Badge_Name__c":"Salesforce Marketer: (11 more) ...","Id":"m021D000001GSV9QAO"}|0x112c2dde
17:40:37.0 (125913781)|STATEMENT_EXECUTE|[90]
17:40:37.0 (125917037)|STATEMENT_EXECUTE|[91]
17:40:37.0 (125953065)|HEAP_ALLOCATE|[91]|Bytes:30
17:40:37.0 (125986023)|HEAP_ALLOCATE|[91]|Bytes:30
17:40:37.0 (126022399)|HEAP_ALLOCATE|[EXTERNAL]|Bytes:-4
17:40:37.0 (126048632)|HEAP_ALLOCATE|[90]|Bytes:5
17:40:37.0 (126069576)|HEAP_ALLOCATE|[90]|Bytes:20
17:40:37.0 (126090940)|VARIABLE_SCOPE_BEGIN|[90]|record|SObject|true|false
17:40:37.0 (126126713)|VARIABLE_ASSIGNMENT|[90]|record|{"MasterLabel":"Digital Transformati (2 more) ...","DeveloperName":"Digital_Transformati (2 more) ...","Badge_Name__c":"Digital Transformati (42 more) ...","Id":"m021D000001GSUwQAO"}|0x2544c15b
17:40:37.0 (126142060)|STATEMENT_EXECUTE|[90]
17:40:37.0 (126145563)|STATEMENT_EXECUTE|[91]
17:40:37.0 (126180476)|HEAP_ALLOCATE|[91]|Bytes:22
17:40:37.0 (126213364)|HEAP_ALLOCATE|[91]|Bytes:22
17:40:37.0 (126248289)|HEAP_ALLOCATE|[EXTERNAL]|Bytes:-4
17:40:37.0 (126273119)|HEAP_ALLOCATE|[90]|Bytes:5
17:40:37.0 (126294151)|HEAP_ALLOCATE|[90]|Bytes:20
17:40:37.0 (126316719)|VARIABLE_SCOPE_BEGIN|[90]|record|SObject|true|false
17:40:37.0 (126359057)|VARIABLE_ASSIGNMENT|[90]|record|{"MasterLabel":"Quick Start: Create  (17 more) ...","DeveloperName":"Quick_Start_Create_a (16 more) ...","Badge_Name__c":"Quick Start: Create  (38 more) ...","Id":"m021D000001GSV8QAO"}|0x4fd09377
17:40:37.0 (126375480)|STATEMENT_EXECUTE|[90]
17:40:37.0 (126378806)|STATEMENT_EXECUTE|[91]
17:40:37.0 (126415150)|HEAP_ALLOCATE|[91]|Bytes:36
17:40:37.0 (126454120)|HEAP_ALLOCATE|[91]|Bytes:36
17:40:37.0 (126490091)|HEAP_ALLOCATE|[EXTERNAL]|Bytes:-4
17:40:37.0 (126515733)|HEAP_ALLOCATE|[90]|Bytes:5
17:40:37.0 (126537024)|HEAP_ALLOCATE|[90]|Bytes:20
17:40:37.0 (126557995)|VARIABLE_SCOPE_BEGIN|[90]|record|SObject|true|false
17:40:37.0 (126595422)|VARIABLE_ASSIGNMENT|[90]|record|{"MasterLabel":"Einstein Copy Insigh (14 more) ...","DeveloperName":"Einstein_Copy_Insigh (13 more) ...","Badge_Name__c":"Einstein Copy Insigh (14 more) ...","Id":"m021D000001GSUxQAO"}|0x26f9203
17:40:37.0 (126611648)|STATEMENT_EXECUTE|[90]
17:40:37.0 (126615236)|STATEMENT_EXECUTE|[91]
17:40:37.0 (126650573)|HEAP_ALLOCATE|[91]|Bytes:33
17:40:37.0 (126683745)|HEAP_ALLOCATE|[91]|Bytes:33
17:40:37.0 (126719164)|HEAP_ALLOCATE|[EXTERNAL]|Bytes:-4
17:40:37.0 (126744110)|HEAP_ALLOCATE|[90]|Bytes:5
17:40:37.0 (126766274)|HEAP_ALLOCATE|[90]|Bytes:20
17:40:37.0 (126787838)|VARIABLE_SCOPE_BEGIN|[90]|record|SObject|true|false
17:40:37.0 (126823797)|VARIABLE_ASSIGNMENT|[90]|record|{"MasterLabel":"Pardot Email Sending","DeveloperName":"Pardot_Email_Sending","Badge_Name__c":"Pardot Email Sending (12 more) ...","Id":"m021D000001GSV6QAO"}|0x725d0d4d
17:40:37.0 (126838958)|STATEMENT_EXECUTE|[90]
17:40:37.0 (126842297)|STATEMENT_EXECUTE|[91]
17:40:37.0 (126877382)|HEAP_ALLOCATE|[91]|Bytes:20
17:40:37.0 (126910416)|HEAP_ALLOCATE|[91]|Bytes:20
17:40:37.0 (126946633)|HEAP_ALLOCATE|[EXTERNAL]|Bytes:-4
17:40:37.0 (126971832)|HEAP_ALLOCATE|[90]|Bytes:5
17:40:37.0 (126992233)|HEAP_ALLOCATE|[90]|Bytes:20
17:40:37.0 (127013600)|VARIABLE_SCOPE_BEGIN|[90]|record|SObject|true|false
17:40:37.0 (127047249)|VARIABLE_ASSIGNMENT|[90]|record|{"MasterLabel":"Data Storage","DeveloperName":"Data_Storage","Badge_Name__c":"Data Storage for Edu (33 more) ...","Id":"m021D000001GSUvQAO"}|0x71905444
17:40:37.0 (127062363)|STATEMENT_EXECUTE|[90]
17:40:37.0 (127065648)|STATEMENT_EXECUTE|[91]
17:40:37.0 (127098040)|HEAP_ALLOCATE|[91]|Bytes:12
17:40:37.0 (127130379)|HEAP_ALLOCATE|[91]|Bytes:12
17:40:37.0 (127164505)|HEAP_ALLOCATE|[EXTERNAL]|Bytes:-4
17:40:37.0 (127188488)|HEAP_ALLOCATE|[90]|Bytes:5
17:40:37.0 (127209753)|HEAP_ALLOCATE|[90]|Bytes:20
17:40:37.0 (127231212)|VARIABLE_SCOPE_BEGIN|[90]|record|SObject|true|false
17:40:37.0 (127273740)|VARIABLE_ASSIGNMENT|[90]|record|{"MasterLabel":"Marketing Cloud Setu (1 more) ...","DeveloperName":"Marketing_Cloud_Setu (1 more) ...","Badge_Name__c":"Marketing Cloud Setu (1 more) ...","Id":"m021D000001GSV5QAO"}|0x3a902a2a
17:40:37.0 (127289692)|STATEMENT_EXECUTE|[90]
17:40:37.0 (127293171)|STATEMENT_EXECUTE|[91]
17:40:37.0 (127334770)|HEAP_ALLOCATE|[91]|Bytes:21
17:40:37.0 (127367999)|HEAP_ALLOCATE|[91]|Bytes:21
17:40:37.0 (127403877)|HEAP_ALLOCATE|[EXTERNAL]|Bytes:-4
17:40:37.0 (127430514)|HEAP_ALLOCATE|[90]|Bytes:5
17:40:37.0 (127476026)|VARIABLE_ASSIGNMENT|[90]|record|null|
17:40:37.0 (127491372)|STATEMENT_EXECUTE|[93]
17:40:37.0 (127518250)|HEAP_ALLOCATE|[93]|Bytes:2
17:40:37.0 (127546643)|METHOD_ENTRY|[8]|01p1D00000W0Q32|CustomMetadataTypeWrapper.CustomMetadataTypeWrapper()
17:40:37.0 (127558153)|STATEMENT_EXECUTE|[8]
17:40:37.0 (127564551)|STATEMENT_EXECUTE|[8]
17:40:37.0 (127578504)|HEAP_ALLOCATE|[93]|Bytes:5
17:40:37.0 (127601503)|METHOD_EXIT|[8]|CustomMetadataTypeWrapper
17:40:37.0 (127619192)|HEAP_ALLOCATE|[93]|Bytes:12
17:40:37.0 (127655553)|CONSTRUCTOR_ENTRY|[93]|01p1D00000W0Q32|<init>(Map<String,SObject>,List<Map<String,ANY>>)|CustomMetadataTypeWrapper
17:40:37.0 (127701936)|VARIABLE_SCOPE_BEGIN|[15]|this|CustomMetadataTypeWrapper|true|false
17:40:37.0 (127802764)|VARIABLE_ASSIGNMENT|[15]|this|{}|0x4b62e98d
17:40:37.0 (127817358)|VARIABLE_SCOPE_BEGIN|[15]|recordMap|Map<String,SObject>|true|false
17:40:37.0 (127840991)|VARIABLE_ASSIGNMENT|[15]|recordMap|"Map of size 19 too large to display"|0x72fa4f4a
17:40:37.0 (127852032)|VARIABLE_SCOPE_BEGIN|[15]|stringDescribeResult|List<Map<String,ANY>>|true|false
17:40:37.0 (127892295)|VARIABLE_ASSIGNMENT|[15]|stringDescribeResult|[{"DeveloperName":"Badge_Name__c","MasterLabel":"Badge Name","DataType":"STRING"}]|0x4cc36d4b
17:40:37.0 (127916312)|HEAP_ALLOCATE|[16]|Bytes:5
17:40:37.0 (127927277)|STATEMENT_EXECUTE|[8]
17:40:37.0 (127934185)|HEAP_ALLOCATE|[16]|Bytes:5
17:40:37.0 (127943682)|STATEMENT_EXECUTE|[10]
17:40:37.0 (127946922)|STATEMENT_EXECUTE|[13]
17:40:37.0 (127961858)|HEAP_ALLOCATE|[16]|Bytes:6
17:40:37.0 (130102125)|STATEMENT_EXECUTE|[15]
17:40:37.0 (130106900)|STATEMENT_EXECUTE|[16]
17:40:37.0 (130129509)|VARIABLE_ASSIGNMENT|[16]|this.recordMap|"Map of size 19 too large to display"|0x4b62e98d
17:40:37.0 (130141960)|STATEMENT_EXECUTE|[17]
17:40:37.0 (130162752)|VARIABLE_ASSIGNMENT|[17]|this.stringDescribeResult|[{"DeveloperName":"Badge_Name__c","MasterLabel":"Badge Name","DataType":"STRING"}]|0x4b62e98d
17:40:37.0 (130189958)|CONSTRUCTOR_EXIT|[93]|01p1D00000W0Q32|<init>(Map<String,SObject>,List<Map<String,ANY>>)|CustomMetadataTypeWrapper
17:40:37.0 (130200782)|VARIABLE_SCOPE_BEGIN|[93]|tempWrapper|CustomMetadataTypeWrapper|true|false
17:40:37.0 (130237397)|VARIABLE_ASSIGNMENT|[93]|tempWrapper|{"recordMap":"0x72fa4f4a","stringDescribeResult":"0x4cc36d4b"}|0x4b62e98d
17:40:37.0 (130246743)|STATEMENT_EXECUTE|[94]
17:40:37.0 (130275283)|HEAP_ALLOCATE|[94]|Bytes:18
17:40:37.0 (130335786)|HEAP_ALLOCATE|[EXTERNAL]|Bytes:-4
17:40:37.0 (130363798)|HEAP_ALLOCATE|[61]|Bytes:5
17:40:37.0 (130387842)|HEAP_ALLOCATE|[61]|Bytes:4
17:40:37.0 (130421634)|VARIABLE_SCOPE_BEGIN|[61]|cmt|Schema.DescribeSObjectResult|true|false
17:40:37.0 (130780438)|VARIABLE_ASSIGNMENT|[61]|cmt|"common.api.soap.wsdl.DescribeSObjectResult@488158ad"|0x90ed0c6
17:40:37.0 (130854767)|STATEMENT_EXECUTE|[61]
17:40:37.0 (130857327)|STATEMENT_EXECUTE|[62]
17:40:37.0 (131232369)|HEAP_ALLOCATE|[62]|Bytes:40
17:40:37.0 (131352646)|VARIABLE_SCOPE_BEGIN|[62]|cmtFields|Map<String,Schema.SObjectField>|true|false
17:40:37.0 (131554026)|VARIABLE_ASSIGNMENT|[62]|cmtFields|"{badge_product__c=Badge_Product__c, developername=DeveloperName, id=Id, label=Label, language=Language, masterlabel=MasterLabel, namespaceprefix=NamespacePrefix, qualifiedapiname=QualifiedApiName, trail_product__c=Trail_Product__c}"|0x737f480
17:40:37.0 (131571319)|STATEMENT_EXECUTE|[63]
17:40:37.0 (131585846)|HEAP_ALLOCATE|[63]|Bytes:4
17:40:37.0 (131649326)|VARIABLE_SCOPE_BEGIN|[63]|fieldsToQuery|List<String>|true|false
17:40:37.0 (131684082)|HEAP_ALLOCATE|[EXTERNAL]|Bytes:4
17:40:37.0 (131697340)|VARIABLE_ASSIGNMENT|[63]|fieldsToQuery|[]|0x3ea1b599
17:40:37.0 (131707399)|STATEMENT_EXECUTE|[64]
17:40:37.0 (131722380)|HEAP_ALLOCATE|[64]|Bytes:4
17:40:37.0 (131738153)|VARIABLE_SCOPE_BEGIN|[64]|describeFieldResults|List<Map<String,ANY>>|true|false
17:40:37.0 (131760922)|HEAP_ALLOCATE|[EXTERNAL]|Bytes:4
17:40:37.0 (131769700)|VARIABLE_ASSIGNMENT|[64]|describeFieldResults|[]|0x47f366a9
17:40:37.0 (131783615)|HEAP_ALLOCATE|[66]|Bytes:4
17:40:37.0 (131828219)|HEAP_ALLOCATE|[66]|Bytes:142
17:40:37.0 (131853616)|HEAP_ALLOCATE|[66]|Bytes:36
17:40:37.0 (131881530)|HEAP_ALLOCATE|[66]|Bytes:5
17:40:37.0 (131899959)|VARIABLE_SCOPE_BEGIN|[66]|cmtField|String|false|false
17:40:37.0 (131916308)|VARIABLE_ASSIGNMENT|[66]|cmtField|"id"
17:40:37.0 (131924892)|STATEMENT_EXECUTE|[66]
17:40:37.0 (131927221)|STATEMENT_EXECUTE|[67]
17:40:37.0 (131955405)|SYSTEM_MODE_ENTER|true
17:40:37.0 (132553166)|HEAP_ALLOCATE|[EXTERNAL]|Bytes:4
17:40:37.0 (132647700)|HEAP_ALLOCATE|[67]|Bytes:8
17:40:37.0 (132664667)|VARIABLE_SCOPE_BEGIN|[67]|tempFieldResult|Schema.DescribeFieldResult|true|false
17:40:37.0 (132747499)|VARIABLE_ASSIGNMENT|[67]|tempFieldResult|"common.api.soap.wsdl.Field@8c32805d"|0x167a0033
17:40:37.0 (132770756)|STATEMENT_EXECUTE|[69]
17:40:37.0 (132786720)|HEAP_ALLOCATE|[66]|Bytes:5
17:40:37.0 (132804796)|VARIABLE_SCOPE_BEGIN|[66]|cmtField|String|false|false
17:40:37.0 (132819815)|VARIABLE_ASSIGNMENT|[66]|cmtField|"developername"
17:40:37.0 (132827593)|STATEMENT_EXECUTE|[66]
17:40:37.0 (132829791)|STATEMENT_EXECUTE|[67]
17:40:37.0 (132855102)|SYSTEM_MODE_ENTER|true
17:40:37.0 (133004655)|HEAP_ALLOCATE|[EXTERNAL]|Bytes:4
17:40:37.0 (133066408)|HEAP_ALLOCATE|[67]|Bytes:8
17:40:37.0 (133081698)|VARIABLE_SCOPE_BEGIN|[67]|tempFieldResult|Schema.DescribeFieldResult|true|false
17:40:37.0 (133159566)|VARIABLE_ASSIGNMENT|[67]|tempFieldResult|"common.api.soap.wsdl.Field@400b9ce7"|0x2605c818
17:40:37.0 (133179818)|STATEMENT_EXECUTE|[69]
17:40:37.0 (133194562)|HEAP_ALLOCATE|[66]|Bytes:5
17:40:37.0 (133211633)|VARIABLE_SCOPE_BEGIN|[66]|cmtField|String|false|false
17:40:37.0 (133226518)|VARIABLE_ASSIGNMENT|[66]|cmtField|"masterlabel"
17:40:37.0 (133233840)|STATEMENT_EXECUTE|[66]
17:40:37.0 (133236029)|STATEMENT_EXECUTE|[67]
17:40:37.0 (133260088)|SYSTEM_MODE_ENTER|true
17:40:37.0 (133368248)|HEAP_ALLOCATE|[EXTERNAL]|Bytes:4
17:40:37.0 (133426926)|HEAP_ALLOCATE|[67]|Bytes:8
17:40:37.0 (133441761)|VARIABLE_SCOPE_BEGIN|[67]|tempFieldResult|Schema.DescribeFieldResult|true|false
17:40:37.0 (133528119)|VARIABLE_ASSIGNMENT|[67]|tempFieldResult|"common.api.soap.wsdl.Field@259618b4"|0x167b96c6
17:40:37.0 (133547251)|STATEMENT_EXECUTE|[69]
17:40:37.0 (133561765)|HEAP_ALLOCATE|[66]|Bytes:5
17:40:37.0 (133578419)|VARIABLE_SCOPE_BEGIN|[66]|cmtField|String|false|false
17:40:37.0 (133593768)|VARIABLE_ASSIGNMENT|[66]|cmtField|"language"
17:40:37.0 (133600986)|STATEMENT_EXECUTE|[66]
17:40:37.0 (133603162)|STATEMENT_EXECUTE|[67]
17:40:37.0 (133626796)|SYSTEM_MODE_ENTER|true
17:40:37.0 (133723010)|HEAP_ALLOCATE|[EXTERNAL]|Bytes:4
17:40:37.0 (133780865)|HEAP_ALLOCATE|[67]|Bytes:8
17:40:37.0 (133795415)|VARIABLE_SCOPE_BEGIN|[67]|tempFieldResult|Schema.DescribeFieldResult|true|false
17:40:37.0 (133968775)|VARIABLE_ASSIGNMENT|[67]|tempFieldResult|"common.api.soap.wsdl.Field@1b545bea"|0x5e9654da
17:40:37.0 (133989931)|STATEMENT_EXECUTE|[69]
17:40:37.0 (134005150)|HEAP_ALLOCATE|[66]|Bytes:5
17:40:37.0 (134023316)|VARIABLE_SCOPE_BEGIN|[66]|cmtField|String|false|false
17:40:37.0 (134038249)|VARIABLE_ASSIGNMENT|[66]|cmtField|"namespaceprefix"
17:40:37.0 (134045556)|STATEMENT_EXECUTE|[66]
17:40:37.0 (134047741)|STATEMENT_EXECUTE|[67]
17:40:37.0 (134071346)|SYSTEM_MODE_ENTER|true
17:40:37.0 (134169172)|HEAP_ALLOCATE|[EXTERNAL]|Bytes:4
17:40:37.0 (134225881)|HEAP_ALLOCATE|[67]|Bytes:8
17:40:37.0 (134240895)|VARIABLE_SCOPE_BEGIN|[67]|tempFieldResult|Schema.DescribeFieldResult|true|false
17:40:37.0 (134313002)|VARIABLE_ASSIGNMENT|[67]|tempFieldResult|"common.api.soap.wsdl.Field@efa74580"|0x1ab399c6
17:40:37.0 (134331452)|STATEMENT_EXECUTE|[69]
17:40:37.0 (134346263)|HEAP_ALLOCATE|[66]|Bytes:5
17:40:37.0 (134654702)|VARIABLE_SCOPE_BEGIN|[66]|cmtField|String|false|false
17:40:37.0 (134670937)|VARIABLE_ASSIGNMENT|[66]|cmtField|"label"
17:40:37.0 (134678931)|STATEMENT_EXECUTE|[66]
17:40:37.0 (134681453)|STATEMENT_EXECUTE|[67]
17:40:37.0 (134706967)|SYSTEM_MODE_ENTER|true
17:40:37.0 (134945109)|HEAP_ALLOCATE|[EXTERNAL]|Bytes:4
17:40:37.0 (135004026)|HEAP_ALLOCATE|[67]|Bytes:8
17:40:37.0 (135020747)|VARIABLE_SCOPE_BEGIN|[67]|tempFieldResult|Schema.DescribeFieldResult|true|false
17:40:37.0 (135098408)|VARIABLE_ASSIGNMENT|[67]|tempFieldResult|"common.api.soap.wsdl.Field@8725e5bc"|0x7fdd718f
17:40:37.0 (135116962)|STATEMENT_EXECUTE|[69]
17:40:37.0 (135131334)|HEAP_ALLOCATE|[66]|Bytes:5
17:40:37.0 (135148334)|VARIABLE_SCOPE_BEGIN|[66]|cmtField|String|false|false
17:40:37.0 (135162566)|VARIABLE_ASSIGNMENT|[66]|cmtField|"qualifiedapiname"
17:40:37.0 (135170242)|STATEMENT_EXECUTE|[66]
17:40:37.0 (135172436)|STATEMENT_EXECUTE|[67]
17:40:37.0 (135195325)|SYSTEM_MODE_ENTER|true
17:40:37.0 (135289755)|HEAP_ALLOCATE|[EXTERNAL]|Bytes:4
17:40:37.0 (135346463)|HEAP_ALLOCATE|[67]|Bytes:8
17:40:37.0 (135361618)|VARIABLE_SCOPE_BEGIN|[67]|tempFieldResult|Schema.DescribeFieldResult|true|false
17:40:37.0 (135436444)|VARIABLE_ASSIGNMENT|[67]|tempFieldResult|"common.api.soap.wsdl.Field@41f76f0c"|0x111bbfb7
17:40:37.0 (135461078)|STATEMENT_EXECUTE|[69]
17:40:37.0 (135475006)|HEAP_ALLOCATE|[66]|Bytes:5
17:40:37.0 (135491403)|VARIABLE_SCOPE_BEGIN|[66]|cmtField|String|false|false
17:40:37.0 (135509657)|VARIABLE_ASSIGNMENT|[66]|cmtField|"badge_product__c"
17:40:37.0 (135516643)|STATEMENT_EXECUTE|[66]
17:40:37.0 (135518794)|STATEMENT_EXECUTE|[67]
17:40:37.0 (135542760)|SYSTEM_MODE_ENTER|true
17:40:37.0 (135651467)|HEAP_ALLOCATE|[EXTERNAL]|Bytes:4
17:40:37.0 (135712381)|HEAP_ALLOCATE|[67]|Bytes:8
17:40:37.0 (135727804)|VARIABLE_SCOPE_BEGIN|[67]|tempFieldResult|Schema.DescribeFieldResult|true|false
17:40:37.0 (135803055)|VARIABLE_ASSIGNMENT|[67]|tempFieldResult|"common.api.soap.wsdl.Field@3a9293b1"|0xdd75174
17:40:37.0 (135821483)|STATEMENT_EXECUTE|[69]
17:40:37.0 (135823894)|STATEMENT_EXECUTE|[70]
17:40:37.0 (135838783)|HEAP_ALLOCATE|[70]|Bytes:4
17:40:37.0 (135851556)|VARIABLE_SCOPE_BEGIN|[70]|describeFieldResult|Map<String,ANY>|true|false
17:40:37.0 (135874013)|VARIABLE_ASSIGNMENT|[70]|describeFieldResult|{}|0x619626ed
17:40:37.0 (135882657)|STATEMENT_EXECUTE|[71]
17:40:37.0 (135892413)|HEAP_ALLOCATE|[71]|Bytes:16
17:40:37.0 (135911067)|HEAP_ALLOCATE|[EXTERNAL]|Bytes:-4
17:40:37.0 (135922407)|STATEMENT_EXECUTE|[72]
17:40:37.0 (135930919)|HEAP_ALLOCATE|[72]|Bytes:13
17:40:37.0 (135942614)|HEAP_ALLOCATE|[EXTERNAL]|Bytes:-4
17:40:37.0 (135950950)|STATEMENT_EXECUTE|[73]
17:40:37.0 (135979426)|HEAP_ALLOCATE|[73]|Bytes:12
17:40:37.0 (136016118)|HEAP_ALLOCATE|[73]|Bytes:7
17:40:37.0 (136035860)|HEAP_ALLOCATE|[EXTERNAL]|Bytes:-4
17:40:37.0 (136051079)|HEAP_ALLOCATE|[75]|Bytes:12
17:40:37.0 (136067372)|HEAP_ALLOCATE|[75]|Bytes:7
17:40:37.0 (136100879)|STATEMENT_EXECUTE|[75]
17:40:37.0 (136103759)|STATEMENT_EXECUTE|[80]
17:40:37.0 (136116789)|HEAP_ALLOCATE|[EXTERNAL]|Bytes:4
17:40:37.0 (136127122)|STATEMENT_EXECUTE|[81]
17:40:37.0 (136132376)|HEAP_ALLOCATE|[81]|Bytes:16
17:40:37.0 (136143450)|HEAP_ALLOCATE|[EXTERNAL]|Bytes:4
17:40:37.0 (136161289)|HEAP_ALLOCATE|[66]|Bytes:5
17:40:37.0 (136175755)|VARIABLE_SCOPE_BEGIN|[66]|cmtField|String|false|false
17:40:37.0 (136191099)|VARIABLE_ASSIGNMENT|[66]|cmtField|"trail_product__c"
17:40:37.0 (136198609)|STATEMENT_EXECUTE|[66]
17:40:37.0 (136200667)|STATEMENT_EXECUTE|[67]
17:40:37.0 (136223371)|SYSTEM_MODE_ENTER|true
17:40:37.0 (136325648)|HEAP_ALLOCATE|[EXTERNAL]|Bytes:4
17:40:37.0 (136388045)|HEAP_ALLOCATE|[67]|Bytes:8
17:40:37.0 (136403186)|VARIABLE_SCOPE_BEGIN|[67]|tempFieldResult|Schema.DescribeFieldResult|true|false
17:40:37.0 (136490937)|VARIABLE_ASSIGNMENT|[67]|tempFieldResult|"common.api.soap.wsdl.Field@95b819b1"|0x5afe0e79
17:40:37.0 (136510171)|STATEMENT_EXECUTE|[69]
17:40:37.0 (136512528)|STATEMENT_EXECUTE|[70]
17:40:37.0 (136522507)|HEAP_ALLOCATE|[70]|Bytes:4
17:40:37.0 (136533224)|VARIABLE_SCOPE_BEGIN|[70]|describeFieldResult|Map<String,ANY>|true|false
17:40:37.0 (136551219)|VARIABLE_ASSIGNMENT|[70]|describeFieldResult|{}|0x5db3c70b
17:40:37.0 (136559863)|STATEMENT_EXECUTE|[71]
17:40:37.0 (136566129)|HEAP_ALLOCATE|[71]|Bytes:16
17:40:37.0 (136580415)|HEAP_ALLOCATE|[EXTERNAL]|Bytes:-4
17:40:37.0 (136590505)|STATEMENT_EXECUTE|[72]
17:40:37.0 (136596446)|HEAP_ALLOCATE|[72]|Bytes:13
17:40:37.0 (136606588)|HEAP_ALLOCATE|[EXTERNAL]|Bytes:-4
17:40:37.0 (136614277)|STATEMENT_EXECUTE|[73]
17:40:37.0 (136628265)|HEAP_ALLOCATE|[73]|Bytes:12
17:40:37.0 (136650184)|HEAP_ALLOCATE|[73]|Bytes:7
17:40:37.0 (136667431)|HEAP_ALLOCATE|[EXTERNAL]|Bytes:-4
17:40:37.0 (136682131)|HEAP_ALLOCATE|[75]|Bytes:12
17:40:37.0 (136697790)|HEAP_ALLOCATE|[75]|Bytes:7
17:40:37.0 (136717893)|STATEMENT_EXECUTE|[75]
17:40:37.0 (136720523)|STATEMENT_EXECUTE|[80]
17:40:37.0 (136728432)|HEAP_ALLOCATE|[EXTERNAL]|Bytes:4
17:40:37.0 (136737878)|STATEMENT_EXECUTE|[81]
17:40:37.0 (136742223)|HEAP_ALLOCATE|[81]|Bytes:16
17:40:37.0 (136751952)|HEAP_ALLOCATE|[EXTERNAL]|Bytes:4
17:40:37.0 (136768739)|HEAP_ALLOCATE|[66]|Bytes:5
17:40:37.0 (136785472)|VARIABLE_ASSIGNMENT|[66]|cmtField|null
17:40:37.0 (136793351)|STATEMENT_EXECUTE|[85]
17:40:37.0 (136825294)|HEAP_ALLOCATE|[86]|Bytes:5
17:40:37.0 (136835797)|HEAP_ALLOCATE|[86]|Bytes:16
17:40:37.0 (136842976)|HEAP_ALLOCATE|[86]|Bytes:5
17:40:37.0 (136849018)|HEAP_ALLOCATE|[86]|Bytes:16
17:40:37.0 (136855911)|HEAP_ALLOCATE|[86]|Bytes:5
17:40:37.0 (136862218)|HEAP_ALLOCATE|[86]|Bytes:34
17:40:37.0 (136880220)|HEAP_ALLOCATE|[86]|Bytes:28
17:40:37.0 (136892057)|HEAP_ALLOCATE|[85]|Bytes:103
17:40:37.0 (136898713)|VARIABLE_SCOPE_BEGIN|[85]|queryString|String|false|false
17:40:37.0 (136916397)|VARIABLE_ASSIGNMENT|[85]|queryString|"SELECT MasterLabel,  (83 more) ..."
17:40:37.0 (136924233)|STATEMENT_EXECUTE|[87]
17:40:37.0 (137864108)|SOQL_EXECUTE_BEGIN|[87]|Aggregations:0|SELECT MasterLabel, DeveloperName, Badge_Product__c, Trail_Product__c FROM Badge_Product_to_Delete__mdt
17:40:37.0 (157165169)|SOQL_EXECUTE_END|[87]|Rows:9
17:40:37.0 (157242696)|HEAP_ALLOCATE|[87]|Bytes:40
17:40:37.0 (157354244)|HEAP_ALLOCATE|[87]|Bytes:1262
17:40:37.0 (157554876)|HEAP_ALLOCATE|[87]|Bytes:40
17:40:37.0 (157626296)|VARIABLE_SCOPE_BEGIN|[87]|records|List<SObject>|true|false
17:40:37.0 (157681975)|VARIABLE_ASSIGNMENT|[87]|records|"List of size 9 too large to display"|0xb315286
17:40:37.0 (157721943)|STATEMENT_EXECUTE|[88]
17:40:37.0 (157753459)|HEAP_ALLOCATE|[88]|Bytes:4
17:40:37.0 (157778965)|VARIABLE_SCOPE_BEGIN|[88]|recordMap|Map<String,SObject>|true|false
17:40:37.0 (157816652)|VARIABLE_ASSIGNMENT|[88]|recordMap|{}|0x4eee7004
17:40:37.0 (158091535)|HEAP_ALLOCATE|[90]|Bytes:5
17:40:37.0 (158174895)|HEAP_ALLOCATE|[90]|Bytes:24
17:40:37.0 (158213615)|VARIABLE_SCOPE_BEGIN|[90]|record|SObject|true|false
17:40:37.0 (158274494)|VARIABLE_ASSIGNMENT|[90]|record|{"MasterLabel":"Nonprofit Cloud","DeveloperName":"Nonprofit_Cloud","Badge_Product__c":true,"Trail_Product__c":true,"Id":"m011D000001GJONQA4"}|0x1ab906f6
17:40:37.0 (158300838)|STATEMENT_EXECUTE|[90]
17:40:37.0 (158304704)|STATEMENT_EXECUTE|[91]
17:40:37.0 (158394467)|HEAP_ALLOCATE|[91]|Bytes:15
17:40:37.0 (158464555)|HEAP_ALLOCATE|[91]|Bytes:15
17:40:37.0 (158509451)|HEAP_ALLOCATE|[EXTERNAL]|Bytes:-4
17:40:37.0 (158566275)|HEAP_ALLOCATE|[90]|Bytes:5
17:40:37.0 (158596977)|HEAP_ALLOCATE|[90]|Bytes:24
17:40:37.0 (158618711)|VARIABLE_SCOPE_BEGIN|[90]|record|SObject|true|false
17:40:37.0 (158661748)|VARIABLE_ASSIGNMENT|[90]|record|{"MasterLabel":"Marketing Cloud","DeveloperName":"Marketing_Cloud","Badge_Product__c":true,"Trail_Product__c":true,"Id":"m011D000001GJOLQA4"}|0x6dec669b
17:40:37.0 (158682475)|STATEMENT_EXECUTE|[90]
17:40:37.0 (158686514)|STATEMENT_EXECUTE|[91]
17:40:37.0 (158738124)|HEAP_ALLOCATE|[91]|Bytes:15
17:40:37.0 (158784321)|HEAP_ALLOCATE|[91]|Bytes:15
17:40:37.0 (158826273)|HEAP_ALLOCATE|[EXTERNAL]|Bytes:-4
17:40:37.0 (158868386)|HEAP_ALLOCATE|[90]|Bytes:5
17:40:37.0 (158907032)|HEAP_ALLOCATE|[90]|Bytes:24
17:40:37.0 (158933693)|VARIABLE_SCOPE_BEGIN|[90]|record|SObject|true|false
17:40:37.0 (158979235)|VARIABLE_ASSIGNMENT|[90]|record|{"MasterLabel":"Pardot","DeveloperName":"Pardot","Badge_Product__c":true,"Trail_Product__c":false,"Id":"m011D000001GJOOQA4"}|0x1d815370
17:40:37.0 (159008135)|STATEMENT_EXECUTE|[90]
17:40:37.0 (159013619)|STATEMENT_EXECUTE|[91]
17:40:37.0 (159063001)|HEAP_ALLOCATE|[91]|Bytes:6
17:40:37.0 (159102698)|HEAP_ALLOCATE|[91]|Bytes:6
17:40:37.0 (159143817)|HEAP_ALLOCATE|[EXTERNAL]|Bytes:-4
17:40:37.0 (159194965)|HEAP_ALLOCATE|[90]|Bytes:5
17:40:37.0 (159229965)|HEAP_ALLOCATE|[90]|Bytes:24
17:40:37.0 (159259551)|VARIABLE_SCOPE_BEGIN|[90]|record|SObject|true|false
17:40:37.0 (159296998)|VARIABLE_ASSIGNMENT|[90]|record|{"MasterLabel":"Mulesoft","DeveloperName":"Mulesoft","Badge_Product__c":true,"Trail_Product__c":false,"Id":"m011D000001GJOMQA4"}|0x7036735b
17:40:37.0 (159315922)|STATEMENT_EXECUTE|[90]
17:40:37.0 (159323018)|STATEMENT_EXECUTE|[91]
17:40:37.0 (159380348)|HEAP_ALLOCATE|[91]|Bytes:8
17:40:37.0 (159415959)|HEAP_ALLOCATE|[91]|Bytes:8
17:40:37.0 (159473733)|HEAP_ALLOCATE|[EXTERNAL]|Bytes:-4
17:40:37.0 (159508113)|HEAP_ALLOCATE|[90]|Bytes:5
17:40:37.0 (159539105)|HEAP_ALLOCATE|[90]|Bytes:24
17:40:37.0 (159559320)|VARIABLE_SCOPE_BEGIN|[90]|record|SObject|true|false
17:40:37.0 (159599220)|VARIABLE_ASSIGNMENT|[90]|record|{"MasterLabel":"Education Cloud","DeveloperName":"Education_Cloud","Badge_Product__c":true,"Trail_Product__c":false,"Id":"m011D000001GJOHQA4"}|0x226a551d
17:40:37.0 (159620935)|STATEMENT_EXECUTE|[90]
17:40:37.0 (159631536)|STATEMENT_EXECUTE|[91]
17:40:37.0 (159679842)|HEAP_ALLOCATE|[91]|Bytes:15
17:40:37.0 (159712743)|HEAP_ALLOCATE|[91]|Bytes:15
17:40:37.0 (159752742)|HEAP_ALLOCATE|[EXTERNAL]|Bytes:-4
17:40:37.0 (159779937)|HEAP_ALLOCATE|[90]|Bytes:5
17:40:37.0 (159812455)|HEAP_ALLOCATE|[90]|Bytes:24
17:40:37.0 (159847316)|VARIABLE_SCOPE_BEGIN|[90]|record|SObject|true|false
17:40:37.0 (159899961)|VARIABLE_ASSIGNMENT|[90]|record|{"MasterLabel":"Financial Services C (4 more) ...","DeveloperName":"Financial_Services_C (4 more) ...","Badge_Product__c":true,"Trail_Product__c":false,"Id":"m011D000001GJOJQA4"}|0x2cbc3775
17:40:37.0 (159923481)|STATEMENT_EXECUTE|[90]
17:40:37.0 (159926647)|STATEMENT_EXECUTE|[91]
17:40:37.0 (159966935)|HEAP_ALLOCATE|[91]|Bytes:24
17:40:37.0 (160002617)|HEAP_ALLOCATE|[91]|Bytes:24
17:40:37.0 (160057991)|HEAP_ALLOCATE|[EXTERNAL]|Bytes:-4
17:40:37.0 (160085230)|HEAP_ALLOCATE|[90]|Bytes:5
17:40:37.0 (160111603)|HEAP_ALLOCATE|[90]|Bytes:24
17:40:37.0 (160135785)|VARIABLE_SCOPE_BEGIN|[90]|record|SObject|true|false
17:40:37.0 (160190628)|VARIABLE_ASSIGNMENT|[90]|record|{"MasterLabel":"Commerce Cloud","DeveloperName":"Commerce_Cloud","Badge_Product__c":true,"Trail_Product__c":true,"Id":"m011D000001GJOGQA4"}|0x3bb1fb41
17:40:37.0 (160246514)|STATEMENT_EXECUTE|[90]
17:40:37.0 (160254881)|STATEMENT_EXECUTE|[91]
17:40:37.0 (160300413)|HEAP_ALLOCATE|[91]|Bytes:14
17:40:37.0 (160342903)|HEAP_ALLOCATE|[91]|Bytes:14
17:40:37.0 (160389968)|HEAP_ALLOCATE|[EXTERNAL]|Bytes:-4
17:40:37.0 (160434646)|HEAP_ALLOCATE|[90]|Bytes:5
17:40:37.0 (160461010)|HEAP_ALLOCATE|[90]|Bytes:24
17:40:37.0 (160486230)|VARIABLE_SCOPE_BEGIN|[90]|record|SObject|true|false
17:40:37.0 (160537147)|VARIABLE_ASSIGNMENT|[90]|record|{"MasterLabel":"Education Cloud, Non (12 more) ...","DeveloperName":"Education_Cloud_Nonp (11 more) ...","Badge_Product__c":true,"Trail_Product__c":false,"Id":"m011D000001GJOIQA4"}|0x785efbc7
17:40:37.0 (160564879)|STATEMENT_EXECUTE|[90]
17:40:37.0 (160571505)|STATEMENT_EXECUTE|[91]
17:40:37.0 (160617906)|HEAP_ALLOCATE|[91]|Bytes:31
17:40:37.0 (160656804)|HEAP_ALLOCATE|[91]|Bytes:31
17:40:37.0 (160716997)|HEAP_ALLOCATE|[EXTERNAL]|Bytes:-4
17:40:37.0 (160766952)|HEAP_ALLOCATE|[90]|Bytes:5
17:40:37.0 (160794211)|HEAP_ALLOCATE|[90]|Bytes:24
17:40:37.0 (160816795)|VARIABLE_SCOPE_BEGIN|[90]|record|SObject|true|false
17:40:37.0 (160858043)|VARIABLE_ASSIGNMENT|[90]|record|{"MasterLabel":"Health Cloud","DeveloperName":"Health_Cloud","Badge_Product__c":true,"Trail_Product__c":false,"Id":"m011D000001GJOKQA4"}|0x8ec8b6c
17:40:37.0 (160882539)|STATEMENT_EXECUTE|[90]
17:40:37.0 (160893339)|STATEMENT_EXECUTE|[91]
17:40:37.0 (160951213)|HEAP_ALLOCATE|[91]|Bytes:12
17:40:37.0 (160983530)|HEAP_ALLOCATE|[91]|Bytes:12
17:40:37.0 (161026276)|HEAP_ALLOCATE|[EXTERNAL]|Bytes:-4
17:40:37.0 (161066190)|HEAP_ALLOCATE|[90]|Bytes:5
17:40:37.0 (161099098)|VARIABLE_ASSIGNMENT|[90]|record|null|
17:40:37.0 (161117405)|STATEMENT_EXECUTE|[93]
17:40:37.0 (161133744)|HEAP_ALLOCATE|[93]|Bytes:12
17:40:37.0 (161175764)|CONSTRUCTOR_ENTRY|[93]|01p1D00000W0Q32|<init>(Map<String,SObject>,List<Map<String,ANY>>)|CustomMetadataTypeWrapper
17:40:37.0 (161209119)|VARIABLE_SCOPE_BEGIN|[15]|this|CustomMetadataTypeWrapper|true|false
17:40:37.0 (161288153)|VARIABLE_ASSIGNMENT|[15]|this|{}|0x4045226f
17:40:37.0 (161309885)|VARIABLE_SCOPE_BEGIN|[15]|recordMap|Map<String,SObject>|true|false
17:40:37.0 (161339585)|VARIABLE_ASSIGNMENT|[15]|recordMap|"Map of size 9 too large to display"|0x4eee7004
17:40:37.0 (161362723)|VARIABLE_SCOPE_BEGIN|[15]|stringDescribeResult|List<Map<String,ANY>>|true|false
17:40:37.0 (161437764)|VARIABLE_ASSIGNMENT|[15]|stringDescribeResult|[{"DeveloperName":"Badge_Product__c","MasterLabel":"Badge Product","DataType":"BOOLEAN"},{"DeveloperName":"Trail_Product__c","MasterLabel":"Trail Product","DataType":"BOOLEAN"}]|0x47f366a9
17:40:37.0 (161480276)|HEAP_ALLOCATE|[16]|Bytes:5
17:40:37.0 (161500125)|STATEMENT_EXECUTE|[8]
17:40:37.0 (161506257)|HEAP_ALLOCATE|[16]|Bytes:5
17:40:37.0 (161514619)|STATEMENT_EXECUTE|[10]
17:40:37.0 (161517590)|STATEMENT_EXECUTE|[13]
17:40:37.0 (161565886)|STATEMENT_EXECUTE|[15]
17:40:37.0 (161573366)|STATEMENT_EXECUTE|[16]
17:40:37.0 (161615410)|VARIABLE_ASSIGNMENT|[16]|this.recordMap|"Map of size 9 too large to display"|0x4045226f
17:40:37.0 (161641686)|STATEMENT_EXECUTE|[17]
17:40:37.0 (161688743)|VARIABLE_ASSIGNMENT|[17]|this.stringDescribeResult|[{"DeveloperName":"Badge_Product__c","MasterLabel":"Badge Product","DataType":"BOOLEAN"},{"DeveloperName":"Trail_Product__c","MasterLabel":"Trail Product","DataType":"BOOLEAN"}]|0x4045226f
17:40:37.0 (161722186)|CONSTRUCTOR_EXIT|[93]|01p1D00000W0Q32|<init>(Map<String,SObject>,List<Map<String,ANY>>)|CustomMetadataTypeWrapper
17:40:37.0 (161747660)|VARIABLE_SCOPE_BEGIN|[93]|tempWrapper|CustomMetadataTypeWrapper|true|false
17:40:37.0 (161829340)|VARIABLE_ASSIGNMENT|[93]|tempWrapper|{"recordMap":"0x4eee7004","stringDescribeResult":"0x47f366a9"}|0x4045226f
17:40:37.0 (161847713)|STATEMENT_EXECUTE|[94]
17:40:37.0 (161871012)|HEAP_ALLOCATE|[94]|Bytes:28
17:40:37.0 (161900792)|HEAP_ALLOCATE|[EXTERNAL]|Bytes:-4
17:40:37.0 (161957414)|HEAP_ALLOCATE|[61]|Bytes:5
17:40:37.0 (162010998)|HEAP_ALLOCATE|[61]|Bytes:4
17:40:37.0 (162074491)|VARIABLE_SCOPE_BEGIN|[61]|cmt|Schema.DescribeSObjectResult|true|false
17:40:37.0 (162369435)|VARIABLE_ASSIGNMENT|[61]|cmt|"common.api.soap.wsdl.DescribeSObjectResult@3baddce7"|0x35b26610
17:40:37.0 (162395045)|STATEMENT_EXECUTE|[61]
17:40:37.0 (162410409)|STATEMENT_EXECUTE|[62]
17:40:37.0 (162964352)|HEAP_ALLOCATE|[62]|Bytes:84
17:40:37.0 (162987071)|VARIABLE_SCOPE_BEGIN|[62]|cmtFields|Map<String,Schema.SObjectField>|true|false
17:40:37.0 (163193008)|VARIABLE_ASSIGNMENT|[62]|cmtFields|"{checkbox_field__c=Checkbox_Field__c, date_field__c=Date_Field__c, date_time_field__c=Date_Time_Field__c, decimal_field__c=Decimal_Field__c, developername=DeveloperName, email_field__c=Email_Field__c, id=Id, label=Label, language=Language, masterlabel=MasterLabel, ...}"|0x5a3cc2ea
17:40:37.0 (163211559)|STATEMENT_EXECUTE|[63]
17:40:37.0 (163224361)|HEAP_ALLOCATE|[63]|Bytes:4
17:40:37.0 (163248584)|VARIABLE_SCOPE_BEGIN|[63]|fieldsToQuery|List<String>|true|false
17:40:37.0 (163281962)|HEAP_ALLOCATE|[EXTERNAL]|Bytes:4
17:40:37.0 (163294192)|VARIABLE_ASSIGNMENT|[63]|fieldsToQuery|[]|0x28bc9a6f
17:40:37.0 (163303374)|STATEMENT_EXECUTE|[64]
17:40:37.0 (163317779)|HEAP_ALLOCATE|[64]|Bytes:4
17:40:37.0 (163333357)|VARIABLE_SCOPE_BEGIN|[64]|describeFieldResults|List<Map<String,ANY>>|true|false
17:40:37.0 (163356269)|HEAP_ALLOCATE|[EXTERNAL]|Bytes:4
17:40:37.0 (163365486)|VARIABLE_ASSIGNMENT|[64]|describeFieldResults|[]|0xe6a0bd1
17:40:37.0 (163378815)|HEAP_ALLOCATE|[66]|Bytes:4
17:40:37.0 (163426586)|HEAP_ALLOCATE|[66]|Bytes:360
17:40:37.0 (163459855)|HEAP_ALLOCATE|[66]|Bytes:80
17:40:37.0 (163489546)|HEAP_ALLOCATE|[66]|Bytes:5
17:40:37.0 (163508645)|VARIABLE_SCOPE_BEGIN|[66]|cmtField|String|false|false
17:40:37.0 (163523632)|VARIABLE_ASSIGNMENT|[66]|cmtField|"id"
17:40:37.0 (163532042)|STATEMENT_EXECUTE|[66]
17:40:37.0 (163534439)|STATEMENT_EXECUTE|[67]
17:40:37.0 (163563675)|SYSTEM_MODE_ENTER|true
17:40:37.0 (164315705)|HEAP_ALLOCATE|[EXTERNAL]|Bytes:4
17:40:37.0 (164425087)|HEAP_ALLOCATE|[67]|Bytes:8
17:40:37.0 (164455974)|VARIABLE_SCOPE_BEGIN|[67]|tempFieldResult|Schema.DescribeFieldResult|true|false
17:40:37.0 (164591331)|VARIABLE_ASSIGNMENT|[67]|tempFieldResult|"common.api.soap.wsdl.Field@8c32805d"|0x21184e30
17:40:37.0 (164620637)|STATEMENT_EXECUTE|[69]
17:40:37.0 (164642424)|HEAP_ALLOCATE|[66]|Bytes:5
17:40:37.0 (164664509)|VARIABLE_SCOPE_BEGIN|[66]|cmtField|String|false|false
17:40:37.0 (164680256)|VARIABLE_ASSIGNMENT|[66]|cmtField|"developername"
17:40:37.0 (164687815)|STATEMENT_EXECUTE|[66]
17:40:37.0 (164690131)|STATEMENT_EXECUTE|[67]
17:40:37.0 (164752296)|SYSTEM_MODE_ENTER|true
17:40:37.0 (164893722)|HEAP_ALLOCATE|[EXTERNAL]|Bytes:4
17:40:37.0 (164968369)|HEAP_ALLOCATE|[67]|Bytes:8
17:40:37.0 (164984818)|VARIABLE_SCOPE_BEGIN|[67]|tempFieldResult|Schema.DescribeFieldResult|true|false
17:40:37.0 (165063964)|VARIABLE_ASSIGNMENT|[67]|tempFieldResult|"common.api.soap.wsdl.Field@400b9ce7"|0x5c27c8b0
17:40:37.0 (165084574)|STATEMENT_EXECUTE|[69]
17:40:37.0 (165101033)|HEAP_ALLOCATE|[66]|Bytes:5
17:40:37.0 (165118468)|VARIABLE_SCOPE_BEGIN|[66]|cmtField|String|false|false
17:40:37.0 (165133262)|VARIABLE_ASSIGNMENT|[66]|cmtField|"masterlabel"
17:40:37.0 (165140468)|STATEMENT_EXECUTE|[66]
17:40:37.0 (165142631)|STATEMENT_EXECUTE|[67]
17:40:37.0 (165167701)|SYSTEM_MODE_ENTER|true
17:40:37.0 (165277133)|HEAP_ALLOCATE|[EXTERNAL]|Bytes:4
17:40:37.0 (165337335)|HEAP_ALLOCATE|[67]|Bytes:8
17:40:37.0 (165357798)|VARIABLE_SCOPE_BEGIN|[67]|tempFieldResult|Schema.DescribeFieldResult|true|false
17:40:37.0 (165433217)|VARIABLE_ASSIGNMENT|[67]|tempFieldResult|"common.api.soap.wsdl.Field@259618b4"|0x6d4294b4
17:40:37.0 (165485495)|STATEMENT_EXECUTE|[69]
17:40:37.0 (165501991)|HEAP_ALLOCATE|[66]|Bytes:5
17:40:37.0 (165524057)|VARIABLE_SCOPE_BEGIN|[66]|cmtField|String|false|false
17:40:37.0 (165539720)|VARIABLE_ASSIGNMENT|[66]|cmtField|"language"
17:40:37.0 (165546866)|STATEMENT_EXECUTE|[66]
17:40:37.0 (165549031)|STATEMENT_EXECUTE|[67]
17:40:37.0 (165573982)|SYSTEM_MODE_ENTER|true
17:40:37.0 (165678573)|HEAP_ALLOCATE|[EXTERNAL]|Bytes:4
17:40:37.0 (165738410)|HEAP_ALLOCATE|[67]|Bytes:8
17:40:37.0 (165753306)|VARIABLE_SCOPE_BEGIN|[67]|tempFieldResult|Schema.DescribeFieldResult|true|false
17:40:37.0 (165952178)|VARIABLE_ASSIGNMENT|[67]|tempFieldResult|"common.api.soap.wsdl.Field@1b545bea"|0x70603223
17:40:37.0 (165974704)|STATEMENT_EXECUTE|[69]
17:40:37.0 (165990952)|HEAP_ALLOCATE|[66]|Bytes:5
17:40:37.0 (166008318)|VARIABLE_SCOPE_BEGIN|[66]|cmtField|String|false|false
17:40:37.0 (166024375)|VARIABLE_ASSIGNMENT|[66]|cmtField|"namespaceprefix"
17:40:37.0 (166031599)|STATEMENT_EXECUTE|[66]
17:40:37.0 (166034153)|STATEMENT_EXECUTE|[67]
17:40:37.0 (166059136)|SYSTEM_MODE_ENTER|true
17:40:37.0 (166161836)|HEAP_ALLOCATE|[EXTERNAL]|Bytes:4
17:40:37.0 (166221796)|HEAP_ALLOCATE|[67]|Bytes:8
17:40:37.0 (166237400)|VARIABLE_SCOPE_BEGIN|[67]|tempFieldResult|Schema.DescribeFieldResult|true|false
17:40:37.0 (166311486)|VARIABLE_ASSIGNMENT|[67]|tempFieldResult|"common.api.soap.wsdl.Field@efa74580"|0x28a666e
17:40:37.0 (166330185)|STATEMENT_EXECUTE|[69]
17:40:37.0 (166344728)|HEAP_ALLOCATE|[66]|Bytes:5
17:40:37.0 (166361169)|VARIABLE_SCOPE_BEGIN|[66]|cmtField|String|false|false
17:40:37.0 (166375665)|VARIABLE_ASSIGNMENT|[66]|cmtField|"label"
17:40:37.0 (166382882)|STATEMENT_EXECUTE|[66]
17:40:37.0 (166385019)|STATEMENT_EXECUTE|[67]
17:40:37.0 (166408781)|SYSTEM_MODE_ENTER|true
17:40:37.0 (166513859)|HEAP_ALLOCATE|[EXTERNAL]|Bytes:4
17:40:37.0 (166572051)|HEAP_ALLOCATE|[67]|Bytes:8
17:40:37.0 (166587298)|VARIABLE_SCOPE_BEGIN|[67]|tempFieldResult|Schema.DescribeFieldResult|true|false
17:40:37.0 (166660027)|VARIABLE_ASSIGNMENT|[67]|tempFieldResult|"common.api.soap.wsdl.Field@8725e5bc"|0x7e31e4b6
17:40:37.0 (166679669)|STATEMENT_EXECUTE|[69]
17:40:37.0 (166693522)|HEAP_ALLOCATE|[66]|Bytes:5
17:40:37.0 (166710095)|VARIABLE_SCOPE_BEGIN|[66]|cmtField|String|false|false
17:40:37.0 (166725191)|VARIABLE_ASSIGNMENT|[66]|cmtField|"qualifiedapiname"
17:40:37.0 (166732007)|STATEMENT_EXECUTE|[66]
17:40:37.0 (166734157)|STATEMENT_EXECUTE|[67]
17:40:37.0 (166758095)|SYSTEM_MODE_ENTER|true
17:40:37.0 (166853575)|HEAP_ALLOCATE|[EXTERNAL]|Bytes:4
17:40:37.0 (166912024)|HEAP_ALLOCATE|[67]|Bytes:8
17:40:37.0 (166926642)|VARIABLE_SCOPE_BEGIN|[67]|tempFieldResult|Schema.DescribeFieldResult|true|false
17:40:37.0 (166999057)|VARIABLE_ASSIGNMENT|[67]|tempFieldResult|"common.api.soap.wsdl.Field@41f76f0c"|0x7bf0b439
17:40:37.0 (167017506)|STATEMENT_EXECUTE|[69]
17:40:37.0 (167031973)|HEAP_ALLOCATE|[66]|Bytes:5
17:40:37.0 (167048165)|VARIABLE_SCOPE_BEGIN|[66]|cmtField|String|false|false
17:40:37.0 (167062814)|VARIABLE_ASSIGNMENT|[66]|cmtField|"checkbox_field__c"
17:40:37.0 (167069780)|STATEMENT_EXECUTE|[66]
17:40:37.0 (167071940)|STATEMENT_EXECUTE|[67]
17:40:37.0 (167095336)|SYSTEM_MODE_ENTER|true
17:40:37.0 (167205718)|HEAP_ALLOCATE|[EXTERNAL]|Bytes:4
17:40:37.0 (167266608)|HEAP_ALLOCATE|[67]|Bytes:8
17:40:37.0 (167281244)|VARIABLE_SCOPE_BEGIN|[67]|tempFieldResult|Schema.DescribeFieldResult|true|false
17:40:37.0 (167354710)|VARIABLE_ASSIGNMENT|[67]|tempFieldResult|"common.api.soap.wsdl.Field@1afc03e1"|0x197be4cc
17:40:37.0 (167372876)|STATEMENT_EXECUTE|[69]
17:40:37.0 (167375360)|STATEMENT_EXECUTE|[70]
17:40:37.0 (167392176)|HEAP_ALLOCATE|[70]|Bytes:4
17:40:37.0 (167405285)|VARIABLE_SCOPE_BEGIN|[70]|describeFieldResult|Map<String,ANY>|true|false
17:40:37.0 (167429304)|VARIABLE_ASSIGNMENT|[70]|describeFieldResult|{}|0xadab4bb
17:40:37.0 (167438275)|STATEMENT_EXECUTE|[71]
17:40:37.0 (167455409)|HEAP_ALLOCATE|[71]|Bytes:17
17:40:37.0 (167475252)|HEAP_ALLOCATE|[EXTERNAL]|Bytes:-4
17:40:37.0 (167485842)|STATEMENT_EXECUTE|[72]
17:40:37.0 (167494973)|HEAP_ALLOCATE|[72]|Bytes:14
17:40:37.0 (167508057)|HEAP_ALLOCATE|[EXTERNAL]|Bytes:-4
17:40:37.0 (167516528)|STATEMENT_EXECUTE|[73]
17:40:37.0 (167548446)|HEAP_ALLOCATE|[73]|Bytes:12
17:40:37.0 (167587160)|HEAP_ALLOCATE|[73]|Bytes:7
17:40:37.0 (167605947)|HEAP_ALLOCATE|[EXTERNAL]|Bytes:-4
17:40:37.0 (167621398)|HEAP_ALLOCATE|[75]|Bytes:12
17:40:37.0 (167637149)|HEAP_ALLOCATE|[75]|Bytes:7
17:40:37.0 (167670672)|STATEMENT_EXECUTE|[75]
17:40:37.0 (167673850)|STATEMENT_EXECUTE|[80]
17:40:37.0 (167687306)|HEAP_ALLOCATE|[EXTERNAL]|Bytes:4
17:40:37.0 (167697422)|STATEMENT_EXECUTE|[81]
17:40:37.0 (167702408)|HEAP_ALLOCATE|[81]|Bytes:17
17:40:37.0 (167713587)|HEAP_ALLOCATE|[EXTERNAL]|Bytes:4
17:40:37.0 (167731151)|HEAP_ALLOCATE|[66]|Bytes:5
17:40:37.0 (167745930)|VARIABLE_SCOPE_BEGIN|[66]|cmtField|String|false|false
17:40:37.0 (167761060)|VARIABLE_ASSIGNMENT|[66]|cmtField|"date_field__c"
17:40:37.0 (167768585)|STATEMENT_EXECUTE|[66]
17:40:37.0 (167770668)|STATEMENT_EXECUTE|[67]
17:40:37.0 (167794761)|SYSTEM_MODE_ENTER|true
17:40:37.0 (167896036)|HEAP_ALLOCATE|[EXTERNAL]|Bytes:4
17:40:37.0 (167958578)|HEAP_ALLOCATE|[67]|Bytes:8
17:40:37.0 (167973818)|VARIABLE_SCOPE_BEGIN|[67]|tempFieldResult|Schema.DescribeFieldResult|true|false
17:40:37.0 (168049692)|VARIABLE_ASSIGNMENT|[67]|tempFieldResult|"common.api.soap.wsdl.Field@b7c34b44"|0x23823cbb
17:40:37.0 (168071918)|STATEMENT_EXECUTE|[69]
17:40:37.0 (168074286)|STATEMENT_EXECUTE|[70]
17:40:37.0 (168084112)|HEAP_ALLOCATE|[70]|Bytes:4
17:40:37.0 (168094404)|VARIABLE_SCOPE_BEGIN|[70]|describeFieldResult|Map<String,ANY>|true|false
17:40:37.0 (168111643)|VARIABLE_ASSIGNMENT|[70]|describeFieldResult|{}|0x724c53b3
17:40:37.0 (168122006)|STATEMENT_EXECUTE|[71]
17:40:37.0 (168128724)|HEAP_ALLOCATE|[71]|Bytes:13
17:40:37.0 (168144103)|HEAP_ALLOCATE|[EXTERNAL]|Bytes:-4
17:40:37.0 (168153915)|STATEMENT_EXECUTE|[72]
17:40:37.0 (168159871)|HEAP_ALLOCATE|[72]|Bytes:10
17:40:37.0 (168170488)|HEAP_ALLOCATE|[EXTERNAL]|Bytes:-4
17:40:37.0 (168178216)|STATEMENT_EXECUTE|[73]
17:40:37.0 (168194281)|HEAP_ALLOCATE|[73]|Bytes:12
17:40:37.0 (168216822)|HEAP_ALLOCATE|[73]|Bytes:4
17:40:37.0 (168234432)|HEAP_ALLOCATE|[EXTERNAL]|Bytes:-4
17:40:37.0 (168249624)|HEAP_ALLOCATE|[75]|Bytes:12
17:40:37.0 (168265009)|HEAP_ALLOCATE|[75]|Bytes:4
17:40:37.0 (168285207)|STATEMENT_EXECUTE|[75]
17:40:37.0 (168287861)|STATEMENT_EXECUTE|[80]
17:40:37.0 (168295836)|HEAP_ALLOCATE|[EXTERNAL]|Bytes:4
17:40:37.0 (168305202)|STATEMENT_EXECUTE|[81]
17:40:37.0 (168309393)|HEAP_ALLOCATE|[81]|Bytes:13
17:40:37.0 (168319476)|HEAP_ALLOCATE|[EXTERNAL]|Bytes:4
17:40:37.0 (168336664)|HEAP_ALLOCATE|[66]|Bytes:5
17:40:37.0 (168351281)|VARIABLE_SCOPE_BEGIN|[66]|cmtField|String|false|false
17:40:37.0 (168366898)|VARIABLE_ASSIGNMENT|[66]|cmtField|"date_time_field__c"
17:40:37.0 (168374166)|STATEMENT_EXECUTE|[66]
17:40:37.0 (168376341)|STATEMENT_EXECUTE|[67]
17:40:37.0 (168399768)|SYSTEM_MODE_ENTER|true
17:40:37.0 (168506119)|HEAP_ALLOCATE|[EXTERNAL]|Bytes:4
17:40:37.0 (168570979)|HEAP_ALLOCATE|[67]|Bytes:8
17:40:37.0 (168586259)|VARIABLE_SCOPE_BEGIN|[67]|tempFieldResult|Schema.DescribeFieldResult|true|false
17:40:37.0 (168662231)|VARIABLE_ASSIGNMENT|[67]|tempFieldResult|"common.api.soap.wsdl.Field@b3697189"|0x6eb11df
17:40:37.0 (168681330)|STATEMENT_EXECUTE|[69]
17:40:37.0 (168683665)|STATEMENT_EXECUTE|[70]
17:40:37.0 (168693214)|HEAP_ALLOCATE|[70]|Bytes:4
17:40:37.0 (168703331)|VARIABLE_SCOPE_BEGIN|[70]|describeFieldResult|Map<String,ANY>|true|false
17:40:37.0 (168720738)|VARIABLE_ASSIGNMENT|[70]|describeFieldResult|{}|0x1e7cab04
17:40:37.0 (168729040)|STATEMENT_EXECUTE|[71]
17:40:37.0 (168735410)|HEAP_ALLOCATE|[71]|Bytes:18
17:40:37.0 (168750028)|HEAP_ALLOCATE|[EXTERNAL]|Bytes:-4
17:40:37.0 (168759767)|STATEMENT_EXECUTE|[72]
17:40:37.0 (168765773)|HEAP_ALLOCATE|[72]|Bytes:15
17:40:37.0 (168775895)|HEAP_ALLOCATE|[EXTERNAL]|Bytes:-4
17:40:37.0 (168783322)|STATEMENT_EXECUTE|[73]
17:40:37.0 (168798122)|HEAP_ALLOCATE|[73]|Bytes:12
17:40:37.0 (168820161)|HEAP_ALLOCATE|[73]|Bytes:8
17:40:37.0 (168837490)|HEAP_ALLOCATE|[EXTERNAL]|Bytes:-4
17:40:37.0 (168852140)|HEAP_ALLOCATE|[75]|Bytes:12
17:40:37.0 (168867858)|HEAP_ALLOCATE|[75]|Bytes:8
17:40:37.0 (168887820)|STATEMENT_EXECUTE|[75]
17:40:37.0 (168890443)|STATEMENT_EXECUTE|[80]
17:40:37.0 (168898295)|HEAP_ALLOCATE|[EXTERNAL]|Bytes:4
17:40:37.0 (168907499)|STATEMENT_EXECUTE|[81]
17:40:37.0 (168911785)|HEAP_ALLOCATE|[81]|Bytes:18
17:40:37.0 (168921906)|HEAP_ALLOCATE|[EXTERNAL]|Bytes:4
17:40:37.0 (168939241)|HEAP_ALLOCATE|[66]|Bytes:5
17:40:37.0 (168953877)|VARIABLE_SCOPE_BEGIN|[66]|cmtField|String|false|false
17:40:37.0 (168968934)|VARIABLE_ASSIGNMENT|[66]|cmtField|"email_field__c"
17:40:37.0 (168976026)|STATEMENT_EXECUTE|[66]
17:40:37.0 (168978088)|STATEMENT_EXECUTE|[67]
17:40:37.0 (169001379)|SYSTEM_MODE_ENTER|true
17:40:37.0 (169105726)|HEAP_ALLOCATE|[EXTERNAL]|Bytes:4
17:40:37.0 (169190343)|HEAP_ALLOCATE|[67]|Bytes:8
17:40:37.0 (169210794)|VARIABLE_SCOPE_BEGIN|[67]|tempFieldResult|Schema.DescribeFieldResult|true|false
17:40:37.0 (169314368)|VARIABLE_ASSIGNMENT|[67]|tempFieldResult|"common.api.soap.wsdl.Field@77e8cebd"|0x4c8efff
17:40:37.0 (169340588)|STATEMENT_EXECUTE|[69]
17:40:37.0 (169343732)|STATEMENT_EXECUTE|[70]
17:40:37.0 (169355962)|HEAP_ALLOCATE|[70]|Bytes:4
17:40:37.0 (169370513)|VARIABLE_SCOPE_BEGIN|[70]|describeFieldResult|Map<String,ANY>|true|false
17:40:37.0 (169398469)|VARIABLE_ASSIGNMENT|[70]|describeFieldResult|{}|0x4c10c0e7
17:40:37.0 (169411590)|STATEMENT_EXECUTE|[71]
17:40:37.0 (169420741)|HEAP_ALLOCATE|[71]|Bytes:14
17:40:37.0 (169442162)|HEAP_ALLOCATE|[EXTERNAL]|Bytes:-4
17:40:37.0 (169464637)|STATEMENT_EXECUTE|[72]
17:40:37.0 (169474331)|HEAP_ALLOCATE|[72]|Bytes:11
17:40:37.0 (169491403)|HEAP_ALLOCATE|[EXTERNAL]|Bytes:-4
17:40:37.0 (169504030)|STATEMENT_EXECUTE|[73]
17:40:37.0 (169524902)|HEAP_ALLOCATE|[73]|Bytes:12
17:40:37.0 (169556039)|HEAP_ALLOCATE|[73]|Bytes:5
17:40:37.0 (169586573)|HEAP_ALLOCATE|[EXTERNAL]|Bytes:-4
17:40:37.0 (169609989)|HEAP_ALLOCATE|[75]|Bytes:12
17:40:37.0 (169654474)|HEAP_ALLOCATE|[75]|Bytes:5
17:40:37.0 (169680474)|STATEMENT_EXECUTE|[75]
17:40:37.0 (169683301)|STATEMENT_EXECUTE|[80]
17:40:37.0 (169692725)|HEAP_ALLOCATE|[EXTERNAL]|Bytes:4
17:40:37.0 (169702697)|STATEMENT_EXECUTE|[81]
17:40:37.0 (169707573)|HEAP_ALLOCATE|[81]|Bytes:14
17:40:37.0 (169717954)|HEAP_ALLOCATE|[EXTERNAL]|Bytes:4
17:40:37.0 (169736313)|HEAP_ALLOCATE|[66]|Bytes:5
17:40:37.0 (169751464)|VARIABLE_SCOPE_BEGIN|[66]|cmtField|String|false|false
17:40:37.0 (169767545)|VARIABLE_ASSIGNMENT|[66]|cmtField|"number_field__c"
17:40:37.0 (169775473)|STATEMENT_EXECUTE|[66]
17:40:37.0 (169777593)|STATEMENT_EXECUTE|[67]
17:40:37.0 (169802417)|SYSTEM_MODE_ENTER|true
17:40:37.0 (169909622)|HEAP_ALLOCATE|[EXTERNAL]|Bytes:4
17:40:37.0 (169975693)|HEAP_ALLOCATE|[67]|Bytes:8
17:40:37.0 (169991285)|VARIABLE_SCOPE_BEGIN|[67]|tempFieldResult|Schema.DescribeFieldResult|true|false
17:40:37.0 (170069389)|VARIABLE_ASSIGNMENT|[67]|tempFieldResult|"common.api.soap.wsdl.Field@18898386"|0x721123b2
17:40:37.0 (170088978)|STATEMENT_EXECUTE|[69]
17:40:37.0 (170091362)|STATEMENT_EXECUTE|[70]
17:40:37.0 (170101233)|HEAP_ALLOCATE|[70]|Bytes:4
17:40:37.0 (170112055)|VARIABLE_SCOPE_BEGIN|[70]|describeFieldResult|Map<String,ANY>|true|false
17:40:37.0 (170129142)|VARIABLE_ASSIGNMENT|[70]|describeFieldResult|{}|0x552e7b80
17:40:37.0 (170137857)|STATEMENT_EXECUTE|[71]
17:40:37.0 (170144500)|HEAP_ALLOCATE|[71]|Bytes:15
17:40:37.0 (170159163)|HEAP_ALLOCATE|[EXTERNAL]|Bytes:-4
17:40:37.0 (170169186)|STATEMENT_EXECUTE|[72]
17:40:37.0 (170174942)|HEAP_ALLOCATE|[72]|Bytes:12
17:40:37.0 (170185103)|HEAP_ALLOCATE|[EXTERNAL]|Bytes:-4
17:40:37.0 (170192700)|STATEMENT_EXECUTE|[73]
17:40:37.0 (170207268)|HEAP_ALLOCATE|[73]|Bytes:12
17:40:37.0 (170229906)|HEAP_ALLOCATE|[73]|Bytes:6
17:40:37.0 (170247173)|HEAP_ALLOCATE|[EXTERNAL]|Bytes:-4
17:40:37.0 (170261580)|HEAP_ALLOCATE|[75]|Bytes:12
17:40:37.0 (170280929)|HEAP_ALLOCATE|[75]|Bytes:6
17:40:37.0 (170301392)|STATEMENT_EXECUTE|[75]
17:40:37.0 (170303936)|STATEMENT_EXECUTE|[80]
17:40:37.0 (170312040)|HEAP_ALLOCATE|[EXTERNAL]|Bytes:4
17:40:37.0 (170321724)|STATEMENT_EXECUTE|[81]
17:40:37.0 (170325863)|HEAP_ALLOCATE|[81]|Bytes:15
17:40:37.0 (170335823)|HEAP_ALLOCATE|[EXTERNAL]|Bytes:4
17:40:37.0 (170353399)|HEAP_ALLOCATE|[66]|Bytes:5
17:40:37.0 (170368229)|VARIABLE_SCOPE_BEGIN|[66]|cmtField|String|false|false
17:40:37.0 (170386046)|VARIABLE_ASSIGNMENT|[66]|cmtField|"decimal_field__c"
17:40:37.0 (170393349)|STATEMENT_EXECUTE|[66]
17:40:37.0 (170395443)|STATEMENT_EXECUTE|[67]
17:40:37.0 (170419774)|SYSTEM_MODE_ENTER|true
17:40:37.0 (170526440)|HEAP_ALLOCATE|[EXTERNAL]|Bytes:4
17:40:37.0 (170590936)|HEAP_ALLOCATE|[67]|Bytes:8
17:40:37.0 (170606170)|VARIABLE_SCOPE_BEGIN|[67]|tempFieldResult|Schema.DescribeFieldResult|true|false
17:40:37.0 (170682000)|VARIABLE_ASSIGNMENT|[67]|tempFieldResult|"common.api.soap.wsdl.Field@7abaeeb4"|0x4dd5cbcc
17:40:37.0 (170700141)|STATEMENT_EXECUTE|[69]
17:40:37.0 (170702485)|STATEMENT_EXECUTE|[70]
17:40:37.0 (170712334)|HEAP_ALLOCATE|[70]|Bytes:4
17:40:37.0 (170723134)|VARIABLE_SCOPE_BEGIN|[70]|describeFieldResult|Map<String,ANY>|true|false
17:40:37.0 (170739765)|VARIABLE_ASSIGNMENT|[70]|describeFieldResult|{}|0x3b45c59
17:40:37.0 (170748039)|STATEMENT_EXECUTE|[71]
17:40:37.0 (170754475)|HEAP_ALLOCATE|[71]|Bytes:16
17:40:37.0 (170768639)|HEAP_ALLOCATE|[EXTERNAL]|Bytes:-4
17:40:37.0 (170777949)|STATEMENT_EXECUTE|[72]
17:40:37.0 (170783898)|HEAP_ALLOCATE|[72]|Bytes:13
17:40:37.0 (170794256)|HEAP_ALLOCATE|[EXTERNAL]|Bytes:-4
17:40:37.0 (170802205)|STATEMENT_EXECUTE|[73]
17:40:37.0 (170816129)|HEAP_ALLOCATE|[73]|Bytes:12
17:40:37.0 (170837416)|HEAP_ALLOCATE|[73]|Bytes:6
17:40:37.0 (170855072)|HEAP_ALLOCATE|[EXTERNAL]|Bytes:-4
17:40:37.0 (170869110)|HEAP_ALLOCATE|[75]|Bytes:12
17:40:37.0 (170901531)|HEAP_ALLOCATE|[75]|Bytes:6
17:40:37.0 (170923222)|STATEMENT_EXECUTE|[75]
17:40:37.0 (170925928)|STATEMENT_EXECUTE|[80]
17:40:37.0 (170934153)|HEAP_ALLOCATE|[EXTERNAL]|Bytes:4
17:40:37.0 (170943415)|STATEMENT_EXECUTE|[81]
17:40:37.0 (170948024)|HEAP_ALLOCATE|[81]|Bytes:16
17:40:37.0 (170958263)|HEAP_ALLOCATE|[EXTERNAL]|Bytes:4
17:40:37.0 (170975024)|HEAP_ALLOCATE|[66]|Bytes:5
17:40:37.0 (170989583)|VARIABLE_SCOPE_BEGIN|[66]|cmtField|String|false|false
17:40:37.0 (171004898)|VARIABLE_ASSIGNMENT|[66]|cmtField|"percent_field__c"
17:40:37.0 (171012760)|STATEMENT_EXECUTE|[66]
17:40:37.0 (171014843)|STATEMENT_EXECUTE|[67]
17:40:37.0 (171038605)|SYSTEM_MODE_ENTER|true
17:40:37.0 (171139843)|HEAP_ALLOCATE|[EXTERNAL]|Bytes:4
17:40:37.0 (171221964)|HEAP_ALLOCATE|[67]|Bytes:8
17:40:37.0 (171237949)|VARIABLE_SCOPE_BEGIN|[67]|tempFieldResult|Schema.DescribeFieldResult|true|false
17:40:37.0 (171326053)|VARIABLE_ASSIGNMENT|[67]|tempFieldResult|"common.api.soap.wsdl.Field@4140b41a"|0x2d9b33ab
17:40:37.0 (171345606)|STATEMENT_EXECUTE|[69]
17:40:37.0 (171347925)|STATEMENT_EXECUTE|[70]
17:40:37.0 (171357779)|HEAP_ALLOCATE|[70]|Bytes:4
17:40:37.0 (171368317)|VARIABLE_SCOPE_BEGIN|[70]|describeFieldResult|Map<String,ANY>|true|false
17:40:37.0 (171385482)|VARIABLE_ASSIGNMENT|[70]|describeFieldResult|{}|0x1a60bf0e
17:40:37.0 (171393922)|STATEMENT_EXECUTE|[71]
17:40:37.0 (171400205)|HEAP_ALLOCATE|[71]|Bytes:16
17:40:37.0 (171414272)|HEAP_ALLOCATE|[EXTERNAL]|Bytes:-4
17:40:37.0 (171424135)|STATEMENT_EXECUTE|[72]
17:40:37.0 (171430217)|HEAP_ALLOCATE|[72]|Bytes:13
17:40:37.0 (171440374)|HEAP_ALLOCATE|[EXTERNAL]|Bytes:-4
17:40:37.0 (171453474)|STATEMENT_EXECUTE|[73]
17:40:37.0 (171469329)|HEAP_ALLOCATE|[73]|Bytes:12
17:40:37.0 (171491969)|HEAP_ALLOCATE|[73]|Bytes:7
17:40:37.0 (171509381)|HEAP_ALLOCATE|[EXTERNAL]|Bytes:-4
17:40:37.0 (171525020)|HEAP_ALLOCATE|[75]|Bytes:12
17:40:37.0 (171540337)|HEAP_ALLOCATE|[75]|Bytes:7
17:40:37.0 (171560974)|STATEMENT_EXECUTE|[75]
17:40:37.0 (171563584)|STATEMENT_EXECUTE|[80]
17:40:37.0 (171571550)|HEAP_ALLOCATE|[EXTERNAL]|Bytes:4
17:40:37.0 (171581047)|STATEMENT_EXECUTE|[81]
17:40:37.0 (171585178)|HEAP_ALLOCATE|[81]|Bytes:16
17:40:37.0 (171595138)|HEAP_ALLOCATE|[EXTERNAL]|Bytes:4
17:40:37.0 (171612951)|HEAP_ALLOCATE|[66]|Bytes:5
17:40:37.0 (171627310)|VARIABLE_SCOPE_BEGIN|[66]|cmtField|String|false|false
17:40:37.0 (171642433)|VARIABLE_ASSIGNMENT|[66]|cmtField|"phone_field__c"
17:40:37.0 (171650415)|STATEMENT_EXECUTE|[66]
17:40:37.0 (171652839)|STATEMENT_EXECUTE|[67]
17:40:37.0 (171676375)|SYSTEM_MODE_ENTER|true
17:40:37.0 (171778046)|HEAP_ALLOCATE|[EXTERNAL]|Bytes:4
17:40:37.0 (171843102)|HEAP_ALLOCATE|[67]|Bytes:8
17:40:37.0 (171858381)|VARIABLE_SCOPE_BEGIN|[67]|tempFieldResult|Schema.DescribeFieldResult|true|false
17:40:37.0 (171932929)|VARIABLE_ASSIGNMENT|[67]|tempFieldResult|"common.api.soap.wsdl.Field@752b5937"|0x7a778cbc
17:40:37.0 (171951930)|STATEMENT_EXECUTE|[69]
17:40:37.0 (171954212)|STATEMENT_EXECUTE|[70]
17:40:37.0 (171963758)|HEAP_ALLOCATE|[70]|Bytes:4
17:40:37.0 (171973947)|VARIABLE_SCOPE_BEGIN|[70]|describeFieldResult|Map<String,ANY>|true|false
17:40:37.0 (171991298)|VARIABLE_ASSIGNMENT|[70]|describeFieldResult|{}|0x19ee3960
17:40:37.0 (171999938)|STATEMENT_EXECUTE|[71]
17:40:37.0 (172006265)|HEAP_ALLOCATE|[71]|Bytes:14
17:40:37.0 (172021589)|HEAP_ALLOCATE|[EXTERNAL]|Bytes:-4
17:40:37.0 (172046256)|STATEMENT_EXECUTE|[72]
17:40:37.0 (172053388)|HEAP_ALLOCATE|[72]|Bytes:11
17:40:37.0 (172065542)|HEAP_ALLOCATE|[EXTERNAL]|Bytes:-4
17:40:37.0 (172073829)|STATEMENT_EXECUTE|[73]
17:40:37.0 (172088568)|HEAP_ALLOCATE|[73]|Bytes:12
17:40:37.0 (172110313)|HEAP_ALLOCATE|[73]|Bytes:5
17:40:37.0 (172128024)|HEAP_ALLOCATE|[EXTERNAL]|Bytes:-4
17:40:37.0 (172142974)|HEAP_ALLOCATE|[75]|Bytes:12
17:40:37.0 (172158352)|HEAP_ALLOCATE|[75]|Bytes:5
17:40:37.0 (172179529)|STATEMENT_EXECUTE|[75]
17:40:37.0 (172182129)|STATEMENT_EXECUTE|[80]
17:40:37.0 (172190046)|HEAP_ALLOCATE|[EXTERNAL]|Bytes:4
17:40:37.0 (172199461)|STATEMENT_EXECUTE|[81]
17:40:37.0 (172203538)|HEAP_ALLOCATE|[81]|Bytes:14
17:40:37.0 (172213367)|HEAP_ALLOCATE|[EXTERNAL]|Bytes:4
17:40:37.0 (172230248)|HEAP_ALLOCATE|[66]|Bytes:5
17:40:37.0 (172244613)|VARIABLE_SCOPE_BEGIN|[66]|cmtField|String|false|false
17:40:37.0 (172259403)|VARIABLE_ASSIGNMENT|[66]|cmtField|"text_field__c"
17:40:37.0 (172266975)|STATEMENT_EXECUTE|[66]
17:40:37.0 (172269042)|STATEMENT_EXECUTE|[67]
17:40:37.0 (172291923)|SYSTEM_MODE_ENTER|true
17:40:37.0 (172391433)|HEAP_ALLOCATE|[EXTERNAL]|Bytes:4
17:40:37.0 (172470218)|HEAP_ALLOCATE|[67]|Bytes:8
17:40:37.0 (172485891)|VARIABLE_SCOPE_BEGIN|[67]|tempFieldResult|Schema.DescribeFieldResult|true|false
17:40:37.0 (172569400)|VARIABLE_ASSIGNMENT|[67]|tempFieldResult|"common.api.soap.wsdl.Field@dc12c104"|0x43a798d4
17:40:37.0 (172588442)|STATEMENT_EXECUTE|[69]
17:40:37.0 (172590845)|STATEMENT_EXECUTE|[70]
17:40:37.0 (172600332)|HEAP_ALLOCATE|[70]|Bytes:4
17:40:37.0 (172610566)|VARIABLE_SCOPE_BEGIN|[70]|describeFieldResult|Map<String,ANY>|true|false
17:40:37.0 (172629656)|VARIABLE_ASSIGNMENT|[70]|describeFieldResult|{}|0x62434575
17:40:37.0 (172638216)|STATEMENT_EXECUTE|[71]
17:40:37.0 (172644542)|HEAP_ALLOCATE|[71]|Bytes:13
17:40:37.0 (172658573)|HEAP_ALLOCATE|[EXTERNAL]|Bytes:-4
17:40:37.0 (172668114)|STATEMENT_EXECUTE|[72]
17:40:37.0 (172673782)|HEAP_ALLOCATE|[72]|Bytes:10
17:40:37.0 (172683698)|HEAP_ALLOCATE|[EXTERNAL]|Bytes:-4
17:40:37.0 (172691458)|STATEMENT_EXECUTE|[73]
17:40:37.0 (172706004)|HEAP_ALLOCATE|[73]|Bytes:12
17:40:37.0 (172727346)|HEAP_ALLOCATE|[73]|Bytes:6
17:40:37.0 (172744524)|HEAP_ALLOCATE|[EXTERNAL]|Bytes:-4
17:40:37.0 (172759208)|HEAP_ALLOCATE|[75]|Bytes:12
17:40:37.0 (172774597)|HEAP_ALLOCATE|[75]|Bytes:6
17:40:37.0 (172794424)|STATEMENT_EXECUTE|[75]
17:40:37.0 (172797156)|STATEMENT_EXECUTE|[80]
17:40:37.0 (172804991)|HEAP_ALLOCATE|[EXTERNAL]|Bytes:4
17:40:37.0 (172814652)|STATEMENT_EXECUTE|[81]
17:40:37.0 (172818911)|HEAP_ALLOCATE|[81]|Bytes:13
17:40:37.0 (172828950)|HEAP_ALLOCATE|[EXTERNAL]|Bytes:4
17:40:37.0 (172845888)|HEAP_ALLOCATE|[66]|Bytes:5
17:40:37.0 (172859966)|VARIABLE_SCOPE_BEGIN|[66]|cmtField|String|false|false
17:40:37.0 (172874954)|VARIABLE_ASSIGNMENT|[66]|cmtField|"text_area_field__c"
17:40:37.0 (172881832)|STATEMENT_EXECUTE|[66]
17:40:37.0 (172883930)|STATEMENT_EXECUTE|[67]
17:40:37.0 (172907046)|SYSTEM_MODE_ENTER|true
17:40:37.0 (173006172)|HEAP_ALLOCATE|[EXTERNAL]|Bytes:4
17:40:37.0 (173070045)|HEAP_ALLOCATE|[67]|Bytes:8
17:40:37.0 (173084684)|VARIABLE_SCOPE_BEGIN|[67]|tempFieldResult|Schema.DescribeFieldResult|true|false
17:40:37.0 (173176848)|VARIABLE_ASSIGNMENT|[67]|tempFieldResult|"common.api.soap.wsdl.Field@4c72a6fa"|0x245b2de8
17:40:37.0 (173196914)|STATEMENT_EXECUTE|[69]
17:40:37.0 (173199307)|STATEMENT_EXECUTE|[70]
17:40:37.0 (173209367)|HEAP_ALLOCATE|[70]|Bytes:4
17:40:37.0 (173220078)|VARIABLE_SCOPE_BEGIN|[70]|describeFieldResult|Map<String,ANY>|true|false
17:40:37.0 (173236898)|VARIABLE_ASSIGNMENT|[70]|describeFieldResult|{}|0x7200c7fe
17:40:37.0 (173245492)|STATEMENT_EXECUTE|[71]
17:40:37.0 (173251935)|HEAP_ALLOCATE|[71]|Bytes:18
17:40:37.0 (173266591)|HEAP_ALLOCATE|[EXTERNAL]|Bytes:-4
17:40:37.0 (173276099)|STATEMENT_EXECUTE|[72]
17:40:37.0 (173282154)|HEAP_ALLOCATE|[72]|Bytes:15
17:40:37.0 (173292616)|HEAP_ALLOCATE|[EXTERNAL]|Bytes:-4
17:40:37.0 (173300195)|STATEMENT_EXECUTE|[73]
17:40:37.0 (173315524)|HEAP_ALLOCATE|[73]|Bytes:12
17:40:37.0 (173336457)|HEAP_ALLOCATE|[73]|Bytes:8
17:40:37.0 (173354335)|HEAP_ALLOCATE|[EXTERNAL]|Bytes:-4
17:40:37.0 (173369434)|HEAP_ALLOCATE|[75]|Bytes:12
17:40:37.0 (173384947)|HEAP_ALLOCATE|[75]|Bytes:8
17:40:37.0 (173405411)|STATEMENT_EXECUTE|[75]
17:40:37.0 (173408063)|STATEMENT_EXECUTE|[80]
17:40:37.0 (173416445)|HEAP_ALLOCATE|[EXTERNAL]|Bytes:4
17:40:37.0 (173426003)|STATEMENT_EXECUTE|[81]
17:40:37.0 (173430201)|HEAP_ALLOCATE|[81]|Bytes:18
17:40:37.0 (173439869)|HEAP_ALLOCATE|[EXTERNAL]|Bytes:4
17:40:37.0 (173462615)|HEAP_ALLOCATE|[66]|Bytes:5
17:40:37.0 (173477575)|VARIABLE_SCOPE_BEGIN|[66]|cmtField|String|false|false
17:40:37.0 (173493990)|VARIABLE_ASSIGNMENT|[66]|cmtField|"text_area_long_field (3 more) ..."
17:40:37.0 (173518994)|STATEMENT_EXECUTE|[66]
17:40:37.0 (173521240)|STATEMENT_EXECUTE|[67]
17:40:37.0 (173545206)|SYSTEM_MODE_ENTER|true
17:40:37.0 (173655844)|HEAP_ALLOCATE|[EXTERNAL]|Bytes:4
17:40:37.0 (173720807)|HEAP_ALLOCATE|[67]|Bytes:8
17:40:37.0 (173735615)|VARIABLE_SCOPE_BEGIN|[67]|tempFieldResult|Schema.DescribeFieldResult|true|false
17:40:37.0 (173811192)|VARIABLE_ASSIGNMENT|[67]|tempFieldResult|"common.api.soap.wsdl.Field@19c5a4e9"|0x33374b2
17:40:37.0 (173829950)|STATEMENT_EXECUTE|[69]
17:40:37.0 (173832475)|STATEMENT_EXECUTE|[70]
17:40:37.0 (173842210)|HEAP_ALLOCATE|[70]|Bytes:4
17:40:37.0 (173852685)|VARIABLE_SCOPE_BEGIN|[70]|describeFieldResult|Map<String,ANY>|true|false
17:40:37.0 (173869472)|VARIABLE_ASSIGNMENT|[70]|describeFieldResult|{}|0x6096293a
17:40:37.0 (173877873)|STATEMENT_EXECUTE|[71]
17:40:37.0 (173884181)|HEAP_ALLOCATE|[71]|Bytes:23
17:40:37.0 (173913316)|HEAP_ALLOCATE|[EXTERNAL]|Bytes:-4
17:40:37.0 (173924597)|STATEMENT_EXECUTE|[72]
17:40:37.0 (173931106)|HEAP_ALLOCATE|[72]|Bytes:20
17:40:37.0 (173942145)|HEAP_ALLOCATE|[EXTERNAL]|Bytes:-4
17:40:37.0 (173949806)|STATEMENT_EXECUTE|[73]
17:40:37.0 (173965096)|HEAP_ALLOCATE|[73]|Bytes:12
17:40:37.0 (173986725)|HEAP_ALLOCATE|[73]|Bytes:8
17:40:37.0 (174004321)|HEAP_ALLOCATE|[EXTERNAL]|Bytes:-4
17:40:37.0 (174020180)|HEAP_ALLOCATE|[75]|Bytes:12
17:40:37.0 (174035835)|HEAP_ALLOCATE|[75]|Bytes:8
17:40:37.0 (174055613)|STATEMENT_EXECUTE|[75]
17:40:37.0 (174058290)|STATEMENT_EXECUTE|[80]
17:40:37.0 (174066979)|HEAP_ALLOCATE|[EXTERNAL]|Bytes:4
17:40:37.0 (174076117)|STATEMENT_EXECUTE|[81]
17:40:37.0 (174080386)|HEAP_ALLOCATE|[81]|Bytes:23
17:40:37.0 (174090042)|HEAP_ALLOCATE|[EXTERNAL]|Bytes:4
17:40:37.0 (174106765)|HEAP_ALLOCATE|[66]|Bytes:5
17:40:37.0 (174121093)|VARIABLE_SCOPE_BEGIN|[66]|cmtField|String|false|false
17:40:37.0 (174148217)|VARIABLE_ASSIGNMENT|[66]|cmtField|"url_field__c"
17:40:37.0 (174157143)|STATEMENT_EXECUTE|[66]
17:40:37.0 (174159550)|STATEMENT_EXECUTE|[67]
17:40:37.0 (174184116)|SYSTEM_MODE_ENTER|true
17:40:37.0 (174283347)|HEAP_ALLOCATE|[EXTERNAL]|Bytes:4
17:40:37.0 (174347636)|HEAP_ALLOCATE|[67]|Bytes:8
17:40:37.0 (174362499)|VARIABLE_SCOPE_BEGIN|[67]|tempFieldResult|Schema.DescribeFieldResult|true|false
17:40:37.0 (174458673)|VARIABLE_ASSIGNMENT|[67]|tempFieldResult|"common.api.soap.wsdl.Field@5d3b1762"|0x4fd8591b
17:40:37.0 (174478488)|STATEMENT_EXECUTE|[69]
17:40:37.0 (174480851)|STATEMENT_EXECUTE|[70]
17:40:37.0 (174490673)|HEAP_ALLOCATE|[70]|Bytes:4
17:40:37.0 (174501063)|VARIABLE_SCOPE_BEGIN|[70]|describeFieldResult|Map<String,ANY>|true|false
17:40:37.0 (174518331)|VARIABLE_ASSIGNMENT|[70]|describeFieldResult|{}|0x276ae94f
17:40:37.0 (174526294)|STATEMENT_EXECUTE|[71]
17:40:37.0 (174532689)|HEAP_ALLOCATE|[71]|Bytes:12
17:40:37.0 (174546766)|HEAP_ALLOCATE|[EXTERNAL]|Bytes:-4
17:40:37.0 (174557164)|STATEMENT_EXECUTE|[72]
17:40:37.0 (174562997)|HEAP_ALLOCATE|[72]|Bytes:9
17:40:37.0 (174573502)|HEAP_ALLOCATE|[EXTERNAL]|Bytes:-4
17:40:37.0 (174581244)|STATEMENT_EXECUTE|[73]
17:40:37.0 (174596287)|HEAP_ALLOCATE|[73]|Bytes:12
17:40:37.0 (174621754)|HEAP_ALLOCATE|[73]|Bytes:3
17:40:37.0 (174639176)|HEAP_ALLOCATE|[EXTERNAL]|Bytes:-4
17:40:37.0 (174654501)|HEAP_ALLOCATE|[75]|Bytes:12
17:40:37.0 (174669972)|HEAP_ALLOCATE|[75]|Bytes:3
17:40:37.0 (174689863)|STATEMENT_EXECUTE|[75]
17:40:37.0 (174692612)|STATEMENT_EXECUTE|[80]
17:40:37.0 (174700896)|HEAP_ALLOCATE|[EXTERNAL]|Bytes:4
17:40:37.0 (174710248)|STATEMENT_EXECUTE|[81]
17:40:37.0 (174714565)|HEAP_ALLOCATE|[81]|Bytes:12
17:40:37.0 (174724747)|HEAP_ALLOCATE|[EXTERNAL]|Bytes:4
17:40:37.0 (174741561)|HEAP_ALLOCATE|[66]|Bytes:5
17:40:37.0 (174757586)|VARIABLE_SCOPE_BEGIN|[66]|cmtField|String|false|false
17:40:37.0 (174773024)|VARIABLE_ASSIGNMENT|[66]|cmtField|"picklist_field__c"
17:40:37.0 (174779961)|STATEMENT_EXECUTE|[66]
17:40:37.0 (174782078)|STATEMENT_EXECUTE|[67]
17:40:37.0 (174805968)|SYSTEM_MODE_ENTER|true
17:40:37.0 (174905045)|HEAP_ALLOCATE|[EXTERNAL]|Bytes:4
17:40:37.0 (174969994)|HEAP_ALLOCATE|[67]|Bytes:8
17:40:37.0 (174984581)|VARIABLE_SCOPE_BEGIN|[67]|tempFieldResult|Schema.DescribeFieldResult|true|false
17:40:37.0 (175913086)|VARIABLE_ASSIGNMENT|[67]|tempFieldResult|"common.api.soap.wsdl.Field@feccd2ad"|0x7deb821c
17:40:37.0 (175943301)|STATEMENT_EXECUTE|[69]
17:40:37.0 (175946173)|STATEMENT_EXECUTE|[70]
17:40:37.0 (175957295)|HEAP_ALLOCATE|[70]|Bytes:4
17:40:37.0 (175971022)|VARIABLE_SCOPE_BEGIN|[70]|describeFieldResult|Map<String,ANY>|true|false
17:40:37.0 (175990567)|VARIABLE_ASSIGNMENT|[70]|describeFieldResult|{}|0x5ef66b36
17:40:37.0 (176000288)|STATEMENT_EXECUTE|[71]
17:40:37.0 (176008459)|HEAP_ALLOCATE|[71]|Bytes:17
17:40:37.0 (176025441)|HEAP_ALLOCATE|[EXTERNAL]|Bytes:-4
17:40:37.0 (176036077)|STATEMENT_EXECUTE|[72]
17:40:37.0 (176042441)|HEAP_ALLOCATE|[72]|Bytes:14
17:40:37.0 (176053559)|HEAP_ALLOCATE|[EXTERNAL]|Bytes:-4
17:40:37.0 (176061598)|STATEMENT_EXECUTE|[73]
17:40:37.0 (176077705)|HEAP_ALLOCATE|[73]|Bytes:12
17:40:37.0 (176102332)|HEAP_ALLOCATE|[73]|Bytes:8
17:40:37.0 (176120826)|HEAP_ALLOCATE|[EXTERNAL]|Bytes:-4
17:40:37.0 (176136376)|HEAP_ALLOCATE|[75]|Bytes:12
17:40:37.0 (176152684)|HEAP_ALLOCATE|[75]|Bytes:8
17:40:37.0 (176177594)|STATEMENT_EXECUTE|[75]
17:40:37.0 (176180390)|STATEMENT_EXECUTE|[76]
17:40:37.0 (176231608)|HEAP_ALLOCATE|[EXTERNAL]|Bytes:16
17:40:37.0 (176319222)|HEAP_ALLOCATE|[76]|Bytes:16
17:40:37.0 (176333139)|VARIABLE_SCOPE_BEGIN|[76]|tempPicklistEntries|List<Schema.PicklistEntry>|true|false
17:40:37.0 (176365338)|VARIABLE_ASSIGNMENT|[76]|tempPicklistEntries|[A,B,C]|0x340a184d
17:40:37.0 (176379125)|STATEMENT_EXECUTE|[77]
17:40:37.0 (176386197)|HEAP_ALLOCATE|[77]|Bytes:14
17:40:37.0 (176453595)|HEAP_ALLOCATE|[EXTERNAL]|Bytes:-4
17:40:37.0 (176468637)|STATEMENT_EXECUTE|[80]
17:40:37.0 (176477145)|HEAP_ALLOCATE|[EXTERNAL]|Bytes:4
17:40:37.0 (176485663)|STATEMENT_EXECUTE|[81]
17:40:37.0 (176491434)|HEAP_ALLOCATE|[81]|Bytes:17
17:40:37.0 (176502496)|HEAP_ALLOCATE|[EXTERNAL]|Bytes:4
17:40:37.0 (176520611)|HEAP_ALLOCATE|[66]|Bytes:5
17:40:37.0 (176538338)|VARIABLE_ASSIGNMENT|[66]|cmtField|null
17:40:37.0 (176546691)|STATEMENT_EXECUTE|[85]
17:40:37.0 (176580059)|HEAP_ALLOCATE|[86]|Bytes:5
17:40:37.0 (176589945)|HEAP_ALLOCATE|[86]|Bytes:17
17:40:37.0 (176597265)|HEAP_ALLOCATE|[86]|Bytes:5
17:40:37.0 (176603313)|HEAP_ALLOCATE|[86]|Bytes:13
17:40:37.0 (176609192)|HEAP_ALLOCATE|[86]|Bytes:5
17:40:37.0 (176614901)|HEAP_ALLOCATE|[86]|Bytes:18
17:40:37.0 (176620644)|HEAP_ALLOCATE|[86]|Bytes:5
17:40:37.0 (176626626)|HEAP_ALLOCATE|[86]|Bytes:14
17:40:37.0 (176632006)|HEAP_ALLOCATE|[86]|Bytes:5
17:40:37.0 (176637141)|HEAP_ALLOCATE|[86]|Bytes:15
17:40:37.0 (176643207)|HEAP_ALLOCATE|[86]|Bytes:5
17:40:37.0 (176648638)|HEAP_ALLOCATE|[86]|Bytes:16
17:40:37.0 (176654804)|HEAP_ALLOCATE|[86]|Bytes:5
17:40:37.0 (176660545)|HEAP_ALLOCATE|[86]|Bytes:16
17:40:37.0 (176666143)|HEAP_ALLOCATE|[86]|Bytes:5
17:40:37.0 (176671534)|HEAP_ALLOCATE|[86]|Bytes:14
17:40:37.0 (176677447)|HEAP_ALLOCATE|[86]|Bytes:5
17:40:37.0 (176682747)|HEAP_ALLOCATE|[86]|Bytes:13
17:40:37.0 (176688385)|HEAP_ALLOCATE|[86]|Bytes:5
17:40:37.0 (176693597)|HEAP_ALLOCATE|[86]|Bytes:18
17:40:37.0 (176698974)|HEAP_ALLOCATE|[86]|Bytes:5
17:40:37.0 (176704345)|HEAP_ALLOCATE|[86]|Bytes:23
17:40:37.0 (176710084)|HEAP_ALLOCATE|[86]|Bytes:5
17:40:37.0 (176715272)|HEAP_ALLOCATE|[86]|Bytes:12
17:40:37.0 (176721376)|HEAP_ALLOCATE|[86]|Bytes:5
17:40:37.0 (176726631)|HEAP_ALLOCATE|[86]|Bytes:17
17:40:37.0 (176732795)|HEAP_ALLOCATE|[86]|Bytes:5
17:40:37.0 (176738637)|HEAP_ALLOCATE|[86]|Bytes:230
17:40:37.0 (176758825)|HEAP_ALLOCATE|[86]|Bytes:16
17:40:37.0 (176770315)|HEAP_ALLOCATE|[85]|Bytes:287
17:40:37.0 (176776921)|VARIABLE_SCOPE_BEGIN|[85]|queryString|String|false|false
17:40:37.0 (176793935)|VARIABLE_ASSIGNMENT|[85]|queryString|"SELECT MasterLabel,  (267 more) ..."
17:40:37.0 (176801104)|STATEMENT_EXECUTE|[87]
17:40:37.0 (177284642)|SOQL_EXECUTE_BEGIN|[87]|Aggregations:0|SELECT MasterLabel, DeveloperName, Checkbox_Field__c, Date_Field__c, Date_Time_Field__c, Email_Field__c, Number_Field__c, Decimal_Field__c, Percent_Field__c, Phone_Field__c, Text_Field__c, Text_Area_Field__c, Text_Area_Long_Field__c, URL_Field__c, Picklist_Field__c FROM Example_CMT__mdt
17:40:37.0 (183761111)|SOQL_EXECUTE_END|[87]|Rows:1
17:40:37.0 (183814946)|HEAP_ALLOCATE|[87]|Bytes:8
17:40:37.0 (183861948)|HEAP_ALLOCATE|[87]|Bytes:94
17:40:37.0 (183973016)|HEAP_ALLOCATE|[87]|Bytes:8
17:40:37.0 (184007133)|VARIABLE_SCOPE_BEGIN|[87]|records|List<SObject>|true|false
17:40:37.0 (184059472)|VARIABLE_ASSIGNMENT|[87]|records|[{"MasterLabel":"Test","DeveloperName":"Test","Checkbox_Field__c":false,"Id":"m031D0000013RiQQAU"}]|0x6136c5b8
17:40:37.0 (184074560)|STATEMENT_EXECUTE|[88]
17:40:37.0 (184091365)|HEAP_ALLOCATE|[88]|Bytes:4
17:40:37.0 (184108111)|VARIABLE_SCOPE_BEGIN|[88]|recordMap|Map<String,SObject>|true|false
17:40:37.0 (184131440)|VARIABLE_ASSIGNMENT|[88]|recordMap|{}|0x7cf6b910
17:40:37.0 (184307438)|HEAP_ALLOCATE|[90]|Bytes:5
17:40:37.0 (184350482)|HEAP_ALLOCATE|[90]|Bytes:20
17:40:37.0 (184375499)|VARIABLE_SCOPE_BEGIN|[90]|record|SObject|true|false
17:40:37.0 (184400264)|VARIABLE_ASSIGNMENT|[90]|record|{"MasterLabel":"Test","DeveloperName":"Test","Checkbox_Field__c":false,"Id":"m031D0000013RiQQAU"}|0x6a24e0f1
17:40:37.0 (184411145)|STATEMENT_EXECUTE|[90]
17:40:37.0 (184414000)|STATEMENT_EXECUTE|[91]
17:40:37.0 (184484098)|HEAP_ALLOCATE|[91]|Bytes:4
17:40:37.0 (184512251)|HEAP_ALLOCATE|[91]|Bytes:4
17:40:37.0 (184539209)|HEAP_ALLOCATE|[EXTERNAL]|Bytes:-4
17:40:37.0 (295455700)|HEAP_ALLOCATE|[90]|Bytes:5
17:40:37.0 (295551252)|VARIABLE_ASSIGNMENT|[90]|record|null|
17:40:37.0 (295570812)|STATEMENT_EXECUTE|[93]
17:40:37.0 (295583552)|HEAP_ALLOCATE|[93]|Bytes:12
17:40:37.0 (295620186)|CONSTRUCTOR_ENTRY|[93]|01p1D00000W0Q32|<init>(Map<String,SObject>,List<Map<String,ANY>>)|CustomMetadataTypeWrapper
17:40:37.0 (295639233)|VARIABLE_SCOPE_BEGIN|[15]|this|CustomMetadataTypeWrapper|true|false
17:40:37.0 (295698310)|VARIABLE_ASSIGNMENT|[15]|this|{}|0x15fa3441
17:40:37.0 (295708072)|VARIABLE_SCOPE_BEGIN|[15]|recordMap|Map<String,SObject>|true|false
17:40:37.0 (295744337)|VARIABLE_ASSIGNMENT|[15]|recordMap|{"Test":{"MasterLabel":"Test","DeveloperName":"Test","Checkbox_Field__c":false,"Id":"m031D0000013RiQQAU"}}|0x7cf6b910
17:40:37.0 (295753537)|VARIABLE_SCOPE_BEGIN|[15]|stringDescribeResult|List<Map<String,ANY>>|true|false
17:40:37.0 (295773081)|VARIABLE_ASSIGNMENT|[15]|stringDescribeResult|"List of size 13 too large to display"|0xe6a0bd1
17:40:37.0 (295800199)|HEAP_ALLOCATE|[16]|Bytes:5
17:40:37.0 (295808571)|STATEMENT_EXECUTE|[8]
17:40:37.0 (295813299)|HEAP_ALLOCATE|[16]|Bytes:5
17:40:37.0 (295818257)|STATEMENT_EXECUTE|[10]
17:40:37.0 (295821326)|STATEMENT_EXECUTE|[13]
17:40:37.0 (295862025)|STATEMENT_EXECUTE|[15]
17:40:37.0 (295864778)|STATEMENT_EXECUTE|[16]
17:40:37.0 (295888200)|VARIABLE_ASSIGNMENT|[16]|this.recordMap|{"Test":{"MasterLabel":"Test","DeveloperName":"Test","Checkbox_Field__c":false,"Id":"m031D0000013RiQQAU"}}|0x15fa3441
17:40:37.0 (295898353)|STATEMENT_EXECUTE|[17]
17:40:37.0 (295908003)|VARIABLE_ASSIGNMENT|[17]|this.stringDescribeResult|"List of size 13 too large to display"|0x15fa3441
17:40:37.0 (295926452)|CONSTRUCTOR_EXIT|[93]|01p1D00000W0Q32|<init>(Map<String,SObject>,List<Map<String,ANY>>)|CustomMetadataTypeWrapper
17:40:37.0 (295937222)|VARIABLE_SCOPE_BEGIN|[93]|tempWrapper|CustomMetadataTypeWrapper|true|false
17:40:37.0 (295967336)|VARIABLE_ASSIGNMENT|[93]|tempWrapper|{"recordMap":"0x7cf6b910","stringDescribeResult":"0xe6a0bd1"}|0x15fa3441
17:40:37.0 (295977872)|STATEMENT_EXECUTE|[94]
17:40:37.0 (295997021)|HEAP_ALLOCATE|[94]|Bytes:16
17:40:37.0 (296021247)|HEAP_ALLOCATE|[EXTERNAL]|Bytes:-4
17:40:37.0 (296048979)|HEAP_ALLOCATE|[61]|Bytes:5
17:40:37.0 (296065597)|VARIABLE_ASSIGNMENT|[61]|cmt|null|
17:40:37.0 (296377487)|HEAP_ALLOCATE|[61]|Bytes:5
17:40:37.0 (311942907)|HEAP_ALLOCATE|[EXTERNAL]|Bytes:4
17:40:37.0 (312143169)|HEAP_ALLOCATE|[EXTERNAL]|Bytes:4
17:40:37.0 (313303278)|HEAP_ALLOCATE|[EXTERNAL]|Bytes:4
17:40:37.0 (313423712)|HEAP_ALLOCATE|[EXTERNAL]|Bytes:4
17:40:37.0 (313868832)|HEAP_ALLOCATE|[EXTERNAL]|Bytes:4
17:40:37.0 (313966928)|HEAP_ALLOCATE|[EXTERNAL]|Bytes:4
17:40:37.0 (401676784)|HEAP_DUMP|[96]|07n1D0000004jSI|CmtUiService|none|96
17:40:37.0 (401766982)|STATEMENT_EXECUTE|[96]
17:40:37.0 (401788182)|HEAP_ALLOCATE|[96]|Bytes:4
17:40:37.0 (401875012)|USER_DEBUG|[96]|DEBUG|here
17:40:37.0 (401899624)|STATEMENT_EXECUTE|[98]
17:40:37.401 (401950118)|CUMULATIVE_LIMIT_USAGE
17:40:37.401 (401950118)|LIMIT_USAGE_FOR_NS|(default)|
  Number of SOQL queries: 1 out of 100
  Number of query rows: 29 out of 50000
  Number of SOSL queries: 0 out of 20
  Number of DML statements: 0 out of 0
  Number of Publish Immediate DML: 0 out of 150
  Number of DML rows: 0 out of 10000
  Maximum CPU time: 0 out of 10000
  Maximum heap size: 0 out of 6000000
  Number of callouts: 0 out of 100
  Number of Email Invocations: 0 out of 10
  Number of future calls: 0 out of 50
  Number of queueable jobs added to the queue: 0 out of 50
  Number of Mobile Apex push calls: 0 out of 10

17:40:37.401 (401950118)|CUMULATIVE_LIMIT_USAGE_END

17:40:37.0 (401987850)|CODE_UNIT_FINISHED|CmtUiService.getCMTRecordsSingleCall(List<String>)
17:40:37.0 (403273889)|CODE_UNIT_FINISHED|apex://CmtUiService/ACTION$getCMTRecordsSingleCall
17:40:37.0 (403285760)|EXECUTION_FINISHED
