54.0 APEX_CODE,FINEST;APEX_PROFILING,INFO;CALLOUT,INFO;DB,INFO;NBA,INFO;SYSTEM,DEBUG;VALIDATION,INFO;VISUALFORCE,INFO;WAVE,INFO;WORKFLOW,INFO
17:39:34.0 (168508)|USER_INFO|[EXTERNAL]|0051D00000BAMDm|test-prqudpxcsqbl@example.com|(GMT-07:00) Pacific Daylight Time (America/Los_Angeles)|GMT-07:00
17:39:34.0 (228289)|EXECUTION_STARTED
17:39:34.0 (235691)|CODE_UNIT_STARTED|[EXTERNAL]|apex://CmtUiService/ACTION$getCMTRecordsSingleCall
17:39:34.0 (1221392)|HEAP_ALLOCATE|[EXTERNAL]|Bytes:16
17:39:34.0 (1729382)|CODE_UNIT_STARTED|[EXTERNAL]|01p1D00000VS7UD|CmtUiService.getCMTRecordsSingleCall(List<String>)
17:39:34.0 (1962969)|HEAP_ALLOCATE|[79]|Bytes:3
17:39:34.0 (2009912)|HEAP_ALLOCATE|[84]|Bytes:152
17:39:34.0 (2034433)|HEAP_ALLOCATE|[399]|Bytes:408
17:39:34.0 (2054817)|HEAP_ALLOCATE|[412]|Bytes:408
17:39:34.0 (2074198)|HEAP_ALLOCATE|[520]|Bytes:48
17:39:34.0 (2105567)|HEAP_ALLOCATE|[139]|Bytes:6
17:39:34.0 (2163529)|HEAP_ALLOCATE|[EXTERNAL]|Bytes:8
17:39:34.0 (2172292)|HEAP_ALLOCATE|[EXTERNAL]|Bytes:2
17:39:34.0 (2183158)|METHOD_ENTRY|[8]|01p1D00000VS7UD|CmtUiService.CmtUiService()
17:39:34.0 (2194862)|STATEMENT_EXECUTE|[8]
17:39:34.0 (2201293)|STATEMENT_EXECUTE|[8]
17:39:34.0 (2257470)|HEAP_ALLOCATE|[52]|Bytes:5
17:39:34.0 (2289178)|HEAP_ALLOCATE|[58]|Bytes:5
17:39:34.0 (2300824)|HEAP_ALLOCATE|[66]|Bytes:7
17:39:34.0 (2327255)|HEAP_ALLOCATE|[EXTERNAL]|Bytes:5
17:39:34.0 (2340582)|METHOD_EXIT|[8]|CmtUiService
17:39:34.0 (2400060)|HEAP_ALLOCATE|[EXTERNAL]|Bytes:16
17:39:34.0 (2410811)|VARIABLE_SCOPE_BEGIN|[45]|cmts|List<String>|true|false
17:39:34.0 (2478724)|VARIABLE_ASSIGNMENT|[45]|cmts|["Badge_to_Keep","Badge_Product_to_Del (3 more) ...","Example_CMT"]|0x7e0149f
17:39:34.0 (2503319)|HEAP_ALLOCATE|[46]|Bytes:5
17:39:34.0 (2511124)|STATEMENT_EXECUTE|[45]
17:39:34.0 (2572654)|STATEMENT_EXECUTE|[46]
17:39:34.0 (2575765)|STATEMENT_EXECUTE|[51]
17:39:34.0 (46503362)|HEAP_ALLOCATE|[51]|Bytes:4340
17:39:34.0 (46548749)|VARIABLE_SCOPE_BEGIN|[51]|globalDescribeMap|Map<String,Schema.SObjectType>|true|false
17:39:34.0 (47379671)|VARIABLE_ASSIGNMENT|[51]|globalDescribeMap|"{acceptedeventrelation=AcceptedEventRelation, account=Account, accountchangeevent=AccountChangeEvent, accountcleaninfo=AccountCleanInfo, accountcontactrole=AccountContactRole, accountcontactrolechangeevent=AccountContactRoleChangeEvent, accountfeed=AccountFeed, accounthistory=AccountHistory, accountpartner=AccountPartner, accountshare=AccountShare, ...}"|0x4dea5814
17:39:34.0 (47400116)|STATEMENT_EXECUTE|[53]
17:39:34.0 (47478845)|HEAP_ALLOCATE|[53]|Bytes:4
17:39:34.0 (47601649)|VARIABLE_SCOPE_BEGIN|[53]|cmtDescribes|List<Schema.DescribeSObjectResult>|true|false
17:39:34.0 (47638143)|HEAP_ALLOCATE|[EXTERNAL]|Bytes:4
17:39:34.0 (47656555)|VARIABLE_ASSIGNMENT|[53]|cmtDescribes|[]|0x3966b0e8
17:39:34.0 (47787776)|HEAP_ALLOCATE|[55]|Bytes:5
17:39:34.0 (47812334)|HEAP_ALLOCATE|[55]|Bytes:13
17:39:34.0 (47824910)|VARIABLE_SCOPE_BEGIN|[55]|cmt|String|false|false
17:39:34.0 (47841038)|VARIABLE_ASSIGNMENT|[55]|cmt|"Badge_to_Keep"
17:39:34.0 (47849630)|STATEMENT_EXECUTE|[55]
17:39:34.0 (47852224)|STATEMENT_EXECUTE|[56]
17:39:34.0 (47903469)|HEAP_ALLOCATE|[56]|Bytes:13
17:39:34.0 (47920843)|HEAP_ALLOCATE|[56]|Bytes:5
17:39:34.0 (47934961)|HEAP_ALLOCATE|[56]|Bytes:18
17:39:34.0 (49435786)|HEAP_ALLOCATE|[56]|Bytes:4
17:39:34.0 (49487343)|HEAP_ALLOCATE|[EXTERNAL]|Bytes:4
17:39:34.0 (49513725)|HEAP_ALLOCATE|[55]|Bytes:5
17:39:34.0 (49528311)|HEAP_ALLOCATE|[55]|Bytes:23
17:39:34.0 (49539233)|VARIABLE_SCOPE_BEGIN|[55]|cmt|String|false|false
17:39:34.0 (49561658)|VARIABLE_ASSIGNMENT|[55]|cmt|"Badge_Product_to_Del (3 more) ..."
17:39:34.0 (49571696)|STATEMENT_EXECUTE|[55]
17:39:34.0 (49574136)|STATEMENT_EXECUTE|[56]
17:39:34.0 (49592082)|HEAP_ALLOCATE|[56]|Bytes:23
17:39:34.0 (49610607)|HEAP_ALLOCATE|[56]|Bytes:28
17:39:34.0 (51330119)|HEAP_ALLOCATE|[56]|Bytes:4
17:39:34.0 (51371688)|HEAP_ALLOCATE|[EXTERNAL]|Bytes:4
17:39:34.0 (51397808)|HEAP_ALLOCATE|[55]|Bytes:5
17:39:34.0 (51414742)|HEAP_ALLOCATE|[55]|Bytes:11
17:39:34.0 (51425387)|VARIABLE_SCOPE_BEGIN|[55]|cmt|String|false|false
17:39:34.0 (51444838)|VARIABLE_ASSIGNMENT|[55]|cmt|"Example_CMT"
17:39:34.0 (51454765)|STATEMENT_EXECUTE|[55]
17:39:34.0 (51458921)|STATEMENT_EXECUTE|[56]
17:39:34.0 (51476600)|HEAP_ALLOCATE|[56]|Bytes:11
17:39:34.0 (51493563)|HEAP_ALLOCATE|[56]|Bytes:16
17:39:34.0 (52836655)|HEAP_ALLOCATE|[56]|Bytes:4
17:39:34.0 (52885916)|HEAP_ALLOCATE|[EXTERNAL]|Bytes:4
17:39:34.0 (52929540)|HEAP_ALLOCATE|[55]|Bytes:5
17:39:34.0 (52969017)|VARIABLE_ASSIGNMENT|[55]|cmt|null
17:39:34.0 (52985992)|STATEMENT_EXECUTE|[59]
17:39:34.0 (56931332)|HEAP_ALLOCATE|[59]|Bytes:4
17:39:34.0 (56989270)|VARIABLE_SCOPE_BEGIN|[59]|customMetadataTypeInfos|Map<String,CustomMetadataTypeWrapper>|true|false
17:39:34.0 (57018425)|VARIABLE_ASSIGNMENT|[59]|customMetadataTypeInfos|{}|0x7c2bbc4
17:39:34.0 (57166968)|HEAP_ALLOCATE|[61]|Bytes:5
17:39:34.0 (57189126)|HEAP_ALLOCATE|[61]|Bytes:4
17:39:34.0 (57220938)|VARIABLE_SCOPE_BEGIN|[61]|cmt|Schema.DescribeSObjectResult|true|false
17:39:34.0 (57423904)|VARIABLE_ASSIGNMENT|[61]|cmt|"common.api.soap.wsdl.DescribeSObjectResult@fd21ccfc"|0x52266981
17:39:34.0 (57440844)|STATEMENT_EXECUTE|[61]
17:39:34.0 (57443272)|STATEMENT_EXECUTE|[62]
17:39:34.0 (57832565)|HEAP_ALLOCATE|[62]|Bytes:36
17:39:34.0 (57850458)|VARIABLE_SCOPE_BEGIN|[62]|cmtFields|Map<String,Schema.SObjectField>|true|false
17:39:34.0 (58053393)|VARIABLE_ASSIGNMENT|[62]|cmtFields|"{badge_name__c=Badge_Name__c, developername=DeveloperName, id=Id, label=Label, language=Language, masterlabel=MasterLabel, namespaceprefix=NamespacePrefix, qualifiedapiname=QualifiedApiName}"|0x2a8027f8
17:39:34.0 (58071847)|STATEMENT_EXECUTE|[63]
17:39:34.0 (58086778)|HEAP_ALLOCATE|[63]|Bytes:4
17:39:34.0 (58128831)|VARIABLE_SCOPE_BEGIN|[63]|fieldsToQuery|List<String>|true|false
17:39:34.0 (58167243)|HEAP_ALLOCATE|[EXTERNAL]|Bytes:4
17:39:34.0 (58182057)|VARIABLE_ASSIGNMENT|[63]|fieldsToQuery|[]|0x11ab47a1
17:39:34.0 (58193414)|STATEMENT_EXECUTE|[64]
17:39:34.0 (58220805)|HEAP_ALLOCATE|[64]|Bytes:4
17:39:34.0 (58246172)|VARIABLE_SCOPE_BEGIN|[64]|describeFieldResults|List<Map<String,ANY>>|true|false
17:39:34.0 (58280514)|HEAP_ALLOCATE|[EXTERNAL]|Bytes:4
17:39:34.0 (58291356)|VARIABLE_ASSIGNMENT|[64]|describeFieldResults|[]|0x6f1cbe39
17:39:34.0 (58306691)|HEAP_ALLOCATE|[66]|Bytes:4
17:39:34.0 (58374305)|HEAP_ALLOCATE|[66]|Bytes:119
17:39:34.0 (58402557)|HEAP_ALLOCATE|[66]|Bytes:32
17:39:34.0 (58431678)|HEAP_ALLOCATE|[66]|Bytes:5
17:39:34.0 (58449839)|VARIABLE_SCOPE_BEGIN|[66]|cmtField|String|false|false
17:39:34.0 (58466771)|VARIABLE_ASSIGNMENT|[66]|cmtField|"id"
17:39:34.0 (58476349)|STATEMENT_EXECUTE|[66]
17:39:34.0 (58478547)|STATEMENT_EXECUTE|[67]
17:39:34.0 (58538615)|SYSTEM_MODE_ENTER|true
17:39:34.0 (59152808)|HEAP_ALLOCATE|[EXTERNAL]|Bytes:4
17:39:34.0 (59319481)|HEAP_ALLOCATE|[67]|Bytes:8
17:39:34.0 (59352370)|VARIABLE_SCOPE_BEGIN|[67]|tempFieldResult|Schema.DescribeFieldResult|true|false
17:39:34.0 (59453566)|VARIABLE_ASSIGNMENT|[67]|tempFieldResult|"common.api.soap.wsdl.Field@64940111"|0x3de68eb4
17:39:34.0 (59487306)|STATEMENT_EXECUTE|[69]
17:39:34.0 (59504685)|HEAP_ALLOCATE|[66]|Bytes:5
17:39:34.0 (59524808)|VARIABLE_SCOPE_BEGIN|[66]|cmtField|String|false|false
17:39:34.0 (59543672)|VARIABLE_ASSIGNMENT|[66]|cmtField|"developername"
17:39:34.0 (59551961)|STATEMENT_EXECUTE|[66]
17:39:34.0 (59554126)|STATEMENT_EXECUTE|[67]
17:39:34.0 (59580468)|SYSTEM_MODE_ENTER|true
17:39:34.0 (59707946)|HEAP_ALLOCATE|[EXTERNAL]|Bytes:4
17:39:34.0 (59772128)|HEAP_ALLOCATE|[67]|Bytes:8
17:39:34.0 (59786301)|VARIABLE_SCOPE_BEGIN|[67]|tempFieldResult|Schema.DescribeFieldResult|true|false
17:39:34.0 (59870012)|VARIABLE_ASSIGNMENT|[67]|tempFieldResult|"common.api.soap.wsdl.Field@186d1d9b"|0x46d6883d
17:39:34.0 (59891296)|STATEMENT_EXECUTE|[69]
17:39:34.0 (59907825)|HEAP_ALLOCATE|[66]|Bytes:5
17:39:34.0 (59926083)|VARIABLE_SCOPE_BEGIN|[66]|cmtField|String|false|false
17:39:34.0 (59943964)|VARIABLE_ASSIGNMENT|[66]|cmtField|"masterlabel"
17:39:34.0 (59952242)|STATEMENT_EXECUTE|[66]
17:39:34.0 (59954399)|STATEMENT_EXECUTE|[67]
17:39:34.0 (59980679)|SYSTEM_MODE_ENTER|true
17:39:34.0 (60085522)|HEAP_ALLOCATE|[EXTERNAL]|Bytes:4
17:39:34.0 (60148315)|HEAP_ALLOCATE|[67]|Bytes:8
17:39:34.0 (60163905)|VARIABLE_SCOPE_BEGIN|[67]|tempFieldResult|Schema.DescribeFieldResult|true|false
17:39:34.0 (60247170)|VARIABLE_ASSIGNMENT|[67]|tempFieldResult|"common.api.soap.wsdl.Field@fdf79968"|0x593b88b4
17:39:34.0 (60265750)|STATEMENT_EXECUTE|[69]
17:39:34.0 (60281894)|HEAP_ALLOCATE|[66]|Bytes:5
17:39:34.0 (60297664)|VARIABLE_SCOPE_BEGIN|[66]|cmtField|String|false|false
17:39:34.0 (60315003)|VARIABLE_ASSIGNMENT|[66]|cmtField|"language"
17:39:34.0 (60322594)|STATEMENT_EXECUTE|[66]
17:39:34.0 (60324754)|STATEMENT_EXECUTE|[67]
17:39:34.0 (60349892)|SYSTEM_MODE_ENTER|true
17:39:34.0 (60462730)|HEAP_ALLOCATE|[EXTERNAL]|Bytes:4
17:39:34.0 (60525055)|HEAP_ALLOCATE|[67]|Bytes:8
17:39:34.0 (60541291)|VARIABLE_SCOPE_BEGIN|[67]|tempFieldResult|Schema.DescribeFieldResult|true|false
17:39:34.0 (61658128)|VARIABLE_ASSIGNMENT|[67]|tempFieldResult|"common.api.soap.wsdl.Field@f3b5dc9e"|0x526b8a89
17:39:34.0 (61687132)|STATEMENT_EXECUTE|[69]
17:39:34.0 (61705719)|HEAP_ALLOCATE|[66]|Bytes:5
17:39:34.0 (61727474)|VARIABLE_SCOPE_BEGIN|[66]|cmtField|String|false|false
17:39:34.0 (61747252)|VARIABLE_ASSIGNMENT|[66]|cmtField|"namespaceprefix"
17:39:34.0 (61755588)|STATEMENT_EXECUTE|[66]
17:39:34.0 (61757830)|STATEMENT_EXECUTE|[67]
17:39:34.0 (61786249)|SYSTEM_MODE_ENTER|true
17:39:34.0 (61905944)|HEAP_ALLOCATE|[EXTERNAL]|Bytes:4
17:39:34.0 (61970535)|HEAP_ALLOCATE|[67]|Bytes:8
17:39:34.0 (61985930)|VARIABLE_SCOPE_BEGIN|[67]|tempFieldResult|Schema.DescribeFieldResult|true|false
17:39:34.0 (62070318)|VARIABLE_ASSIGNMENT|[67]|tempFieldResult|"common.api.soap.wsdl.Field@c808c634"|0x28ed940c
17:39:34.0 (62093158)|STATEMENT_EXECUTE|[69]
17:39:34.0 (62109901)|HEAP_ALLOCATE|[66]|Bytes:5
17:39:34.0 (62126349)|VARIABLE_SCOPE_BEGIN|[66]|cmtField|String|false|false
17:39:34.0 (62144320)|VARIABLE_ASSIGNMENT|[66]|cmtField|"label"
17:39:34.0 (62152711)|STATEMENT_EXECUTE|[66]
17:39:34.0 (62154903)|STATEMENT_EXECUTE|[67]
17:39:34.0 (62181448)|SYSTEM_MODE_ENTER|true
17:39:34.0 (62284990)|HEAP_ALLOCATE|[EXTERNAL]|Bytes:4
17:39:34.0 (62347166)|HEAP_ALLOCATE|[67]|Bytes:8
17:39:34.0 (62369562)|VARIABLE_SCOPE_BEGIN|[67]|tempFieldResult|Schema.DescribeFieldResult|true|false
17:39:34.0 (62451083)|VARIABLE_ASSIGNMENT|[67]|tempFieldResult|"common.api.soap.wsdl.Field@5f876670"|0x3d9a5f9b
17:39:34.0 (62472506)|STATEMENT_EXECUTE|[69]
17:39:34.0 (62488455)|HEAP_ALLOCATE|[66]|Bytes:5
17:39:34.0 (62504845)|VARIABLE_SCOPE_BEGIN|[66]|cmtField|String|false|false
17:39:34.0 (62522518)|VARIABLE_ASSIGNMENT|[66]|cmtField|"qualifiedapiname"
17:39:34.0 (62530932)|STATEMENT_EXECUTE|[66]
17:39:34.0 (62533059)|STATEMENT_EXECUTE|[67]
17:39:34.0 (62559099)|SYSTEM_MODE_ENTER|true
17:39:34.0 (62661992)|HEAP_ALLOCATE|[EXTERNAL]|Bytes:4
17:39:34.0 (62721310)|HEAP_ALLOCATE|[67]|Bytes:8
17:39:34.0 (62737253)|VARIABLE_SCOPE_BEGIN|[67]|tempFieldResult|Schema.DescribeFieldResult|true|false
17:39:34.0 (62825128)|VARIABLE_ASSIGNMENT|[67]|tempFieldResult|"common.api.soap.wsdl.Field@1a58efc0"|0x97349fc
17:39:34.0 (62843906)|STATEMENT_EXECUTE|[69]
17:39:34.0 (62860051)|HEAP_ALLOCATE|[66]|Bytes:5
17:39:34.0 (62875508)|VARIABLE_SCOPE_BEGIN|[66]|cmtField|String|false|false
17:39:34.0 (62893056)|VARIABLE_ASSIGNMENT|[66]|cmtField|"badge_name__c"
17:39:34.0 (62900652)|STATEMENT_EXECUTE|[66]
17:39:34.0 (62902768)|STATEMENT_EXECUTE|[67]
17:39:34.0 (62928529)|SYSTEM_MODE_ENTER|true
17:39:34.0 (63041821)|HEAP_ALLOCATE|[EXTERNAL]|Bytes:4
17:39:34.0 (63106276)|HEAP_ALLOCATE|[67]|Bytes:8
17:39:34.0 (63121898)|VARIABLE_SCOPE_BEGIN|[67]|tempFieldResult|Schema.DescribeFieldResult|true|false
17:39:34.0 (63205035)|VARIABLE_ASSIGNMENT|[67]|tempFieldResult|"common.api.soap.wsdl.Field@192599d8"|0x283751af
17:39:34.0 (63225728)|STATEMENT_EXECUTE|[69]
17:39:34.0 (63228256)|STATEMENT_EXECUTE|[70]
17:39:34.0 (63242547)|HEAP_ALLOCATE|[70]|Bytes:4
17:39:34.0 (63257095)|VARIABLE_SCOPE_BEGIN|[70]|describeFieldResult|Map<String,ANY>|true|false
17:39:34.0 (63279559)|VARIABLE_ASSIGNMENT|[70]|describeFieldResult|{}|0xc05fd08
17:39:34.0 (63289836)|STATEMENT_EXECUTE|[71]
17:39:34.0 (63295564)|HEAP_ALLOCATE|[71]|Bytes:13
17:39:34.0 (63312851)|HEAP_ALLOCATE|[71]|Bytes:13
17:39:34.0 (63370657)|HEAP_ALLOCATE|[EXTERNAL]|Bytes:-4
17:39:34.0 (63385727)|STATEMENT_EXECUTE|[72]
17:39:34.0 (63389740)|HEAP_ALLOCATE|[72]|Bytes:11
17:39:34.0 (63405103)|HEAP_ALLOCATE|[72]|Bytes:10
17:39:34.0 (63434592)|HEAP_ALLOCATE|[EXTERNAL]|Bytes:-4
17:39:34.0 (63445541)|STATEMENT_EXECUTE|[73]
17:39:34.0 (63450648)|HEAP_ALLOCATE|[73]|Bytes:8
17:39:34.0 (64461514)|HEAP_ALLOCATE|[73]|Bytes:12
17:39:34.0 (64533912)|HEAP_ALLOCATE|[73]|Bytes:6
17:39:34.0 (64561241)|HEAP_ALLOCATE|[EXTERNAL]|Bytes:-4
17:39:34.0 (64589099)|HEAP_ALLOCATE|[75]|Bytes:12
17:39:34.0 (64622591)|HEAP_ALLOCATE|[75]|Bytes:6
17:39:34.0 (64640603)|HEAP_ALLOCATE|[75]|Bytes:8
17:39:34.0 (64678020)|STATEMENT_EXECUTE|[75]
17:39:34.0 (64681300)|STATEMENT_EXECUTE|[80]
17:39:34.0 (64712097)|HEAP_ALLOCATE|[EXTERNAL]|Bytes:4
17:39:34.0 (64725945)|STATEMENT_EXECUTE|[81]
17:39:34.0 (64734961)|HEAP_ALLOCATE|[81]|Bytes:13
17:39:34.0 (64759410)|HEAP_ALLOCATE|[EXTERNAL]|Bytes:4
17:39:34.0 (64778667)|HEAP_ALLOCATE|[66]|Bytes:5
17:39:34.0 (64795702)|VARIABLE_ASSIGNMENT|[66]|cmtField|null
17:39:34.0 (64806388)|STATEMENT_EXECUTE|[85]
17:39:34.0 (64809638)|HEAP_ALLOCATE|[85]|Bytes:35
17:39:34.0 (64816689)|HEAP_ALLOCATE|[86]|Bytes:2
17:39:34.0 (64856277)|HEAP_ALLOCATE|[86]|Bytes:5
17:39:34.0 (64864826)|HEAP_ALLOCATE|[86]|Bytes:13
17:39:34.0 (64872241)|HEAP_ALLOCATE|[86]|Bytes:5
17:39:34.0 (64878913)|HEAP_ALLOCATE|[86]|Bytes:13
17:39:34.0 (64892449)|HEAP_ALLOCATE|[86]|Bytes:6
17:39:34.0 (64907673)|HEAP_ALLOCATE|[86]|Bytes:18
17:39:34.0 (64920250)|HEAP_ALLOCATE|[85]|Bytes:72
17:39:34.0 (64928386)|VARIABLE_SCOPE_BEGIN|[85]|queryString|String|false|false
17:39:34.0 (64949884)|VARIABLE_ASSIGNMENT|[85]|queryString|"SELECT MasterLabel,  (52 more) ..."
17:39:34.0 (64958701)|STATEMENT_EXECUTE|[87]
17:39:34.0 (65268963)|SOQL_EXECUTE_BEGIN|[87]|Aggregations:0|SELECT MasterLabel, DeveloperName, Badge_Name__c FROM Badge_to_Keep__mdt
17:39:34.0 (68780723)|SOQL_EXECUTE_END|[87]|Rows:19
17:39:34.0 (68815707)|HEAP_ALLOCATE|[87]|Bytes:80
17:39:34.0 (68886761)|HEAP_ALLOCATE|[87]|Bytes:3269
17:39:34.0 (68960971)|HEAP_ALLOCATE|[87]|Bytes:80
17:39:34.0 (68982973)|VARIABLE_SCOPE_BEGIN|[87]|records|List<SObject>|true|false
17:39:34.0 (69014273)|VARIABLE_ASSIGNMENT|[87]|records|"List of size 19 too large to display"|0x4b0ce314
17:39:34.0 (69026628)|STATEMENT_EXECUTE|[88]
17:39:34.0 (69047536)|HEAP_ALLOCATE|[88]|Bytes:4
17:39:34.0 (69066431)|VARIABLE_SCOPE_BEGIN|[88]|recordMap|Map<String,SObject>|true|false
17:39:34.0 (69090043)|VARIABLE_ASSIGNMENT|[88]|recordMap|{}|0x4c6541bc
17:39:34.0 (69255413)|HEAP_ALLOCATE|[90]|Bytes:5
17:39:34.0 (69301158)|HEAP_ALLOCATE|[90]|Bytes:20
17:39:34.0 (69323523)|VARIABLE_SCOPE_BEGIN|[90]|record|SObject|true|false
17:39:34.0 (69364878)|VARIABLE_ASSIGNMENT|[90]|record|{"MasterLabel":"Quick Start: Create  (18 more) ...","DeveloperName":"Quick_Start_Create_a (17 more) ...","Badge_Name__c":"Quick Start: Create  (37 more) ...","Id":"m021D000001GSV7QAO"}|0x25770ecd
17:39:34.0 (69379575)|STATEMENT_EXECUTE|[90]
17:39:34.0 (69382146)|STATEMENT_EXECUTE|[91]
17:39:34.0 (69462023)|HEAP_ALLOCATE|[91]|Bytes:37
17:39:34.0 (69490221)|HEAP_ALLOCATE|[91]|Bytes:37
17:39:34.0 (69521814)|HEAP_ALLOCATE|[EXTERNAL]|Bytes:-4
17:39:34.0 (69543087)|HEAP_ALLOCATE|[90]|Bytes:5
17:39:34.0 (69558317)|HEAP_ALLOCATE|[90]|Bytes:20
17:39:34.0 (69571983)|VARIABLE_SCOPE_BEGIN|[90]|record|SObject|true|false
17:39:34.0 (70130907)|VARIABLE_ASSIGNMENT|[90]|record|{"MasterLabel":"Marketing Cloud Role (17 more) ...","DeveloperName":"Marketing_Cloud_Role (17 more) ...","Badge_Name__c":"Marketing Cloud Role (29 more) ...","Id":"m021D000001GSV3QAO"}|0x3600557b
17:39:34.0 (70145763)|STATEMENT_EXECUTE|[90]
17:39:34.0 (70148155)|STATEMENT_EXECUTE|[91]
17:39:34.0 (70180262)|HEAP_ALLOCATE|[91]|Bytes:37
17:39:34.0 (70203966)|HEAP_ALLOCATE|[91]|Bytes:37
17:39:34.0 (70226396)|HEAP_ALLOCATE|[EXTERNAL]|Bytes:-4
17:39:34.0 (70246192)|HEAP_ALLOCATE|[90]|Bytes:5
17:39:34.0 (70260023)|HEAP_ALLOCATE|[90]|Bytes:20
17:39:34.0 (70272336)|VARIABLE_SCOPE_BEGIN|[90]|record|SObject|true|false
17:39:34.0 (70301057)|VARIABLE_ASSIGNMENT|[90]|record|{"MasterLabel":"Marketing Cloud Prog (18 more) ...","DeveloperName":"Marketing_Cloud_Prog (18 more) ...","Badge_Name__c":"Marketing Cloud Prog (18 more) ...","Id":"m021D000001GSV2QAO"}|0x7bf82b97
17:39:34.0 (70312616)|STATEMENT_EXECUTE|[90]
17:39:34.0 (70314772)|STATEMENT_EXECUTE|[91]
17:39:34.0 (70340723)|HEAP_ALLOCATE|[91]|Bytes:38
17:39:34.0 (70368028)|HEAP_ALLOCATE|[91]|Bytes:38
17:39:34.0 (70389862)|HEAP_ALLOCATE|[EXTERNAL]|Bytes:-4
17:39:34.0 (70407833)|HEAP_ALLOCATE|[90]|Bytes:5
17:39:34.0 (70419712)|HEAP_ALLOCATE|[90]|Bytes:20
17:39:34.0 (70433136)|VARIABLE_SCOPE_BEGIN|[90]|record|SObject|true|false
17:39:34.0 (70460625)|VARIABLE_ASSIGNMENT|[90]|record|{"MasterLabel":"Volunteers for Sales (5 more) ...","DeveloperName":"Volunteers_for_Sales (5 more) ...","Badge_Name__c":"Volunteers for Sales (23 more) ...","Id":"m021D000001GSVCQA4"}|0x7f2a2ea4
17:39:34.0 (70474378)|STATEMENT_EXECUTE|[90]
17:39:34.0 (70476618)|STATEMENT_EXECUTE|[91]
17:39:34.0 (70501508)|HEAP_ALLOCATE|[91]|Bytes:25
17:39:34.0 (70523205)|HEAP_ALLOCATE|[91]|Bytes:25
17:39:34.0 (70543078)|HEAP_ALLOCATE|[EXTERNAL]|Bytes:-4
17:39:34.0 (70560929)|HEAP_ALLOCATE|[90]|Bytes:5
17:39:34.0 (70571806)|HEAP_ALLOCATE|[90]|Bytes:20
17:39:34.0 (70584890)|VARIABLE_SCOPE_BEGIN|[90]|record|SObject|true|false
17:39:34.0 (70611148)|VARIABLE_ASSIGNMENT|[90]|record|{"MasterLabel":"Einstein Marketing I (19 more) ...","DeveloperName":"Einstein_Marketing_I (19 more) ...","Badge_Name__c":"Einstein Marketing I (31 more) ...","Id":"m021D000001GSUyQAO"}|0x623646ea
17:39:34.0 (70622272)|STATEMENT_EXECUTE|[90]
17:39:34.0 (70625681)|STATEMENT_EXECUTE|[91]
17:39:34.0 (70650158)|HEAP_ALLOCATE|[91]|Bytes:39
17:39:34.0 (70670400)|HEAP_ALLOCATE|[91]|Bytes:39
17:39:34.0 (70690384)|HEAP_ALLOCATE|[EXTERNAL]|Bytes:-4
17:39:34.0 (70709173)|HEAP_ALLOCATE|[90]|Bytes:5
17:39:34.0 (70719908)|HEAP_ALLOCATE|[90]|Bytes:20
17:39:34.0 (70732879)|VARIABLE_SCOPE_BEGIN|[90]|record|SObject|true|false
17:39:34.0 (70758347)|VARIABLE_ASSIGNMENT|[90]|record|{"MasterLabel":"Marketing Cloud APIs","DeveloperName":"Marketing_Cloud_APIs","Badge_Name__c":"Marketing Cloud APIs","Id":"m021D000001GSUzQAO"}|0x56a96c5a
17:39:34.0 (70770421)|STATEMENT_EXECUTE|[90]
17:39:34.0 (70772521)|STATEMENT_EXECUTE|[91]
17:39:34.0 (70797280)|HEAP_ALLOCATE|[91]|Bytes:20
17:39:34.0 (70817277)|HEAP_ALLOCATE|[91]|Bytes:20
17:39:34.0 (70836959)|HEAP_ALLOCATE|[EXTERNAL]|Bytes:-4
17:39:34.0 (70854361)|HEAP_ALLOCATE|[90]|Bytes:5
17:39:34.0 (70867196)|HEAP_ALLOCATE|[90]|Bytes:20
17:39:34.0 (70879383)|VARIABLE_SCOPE_BEGIN|[90]|record|SObject|true|false
17:39:34.0 (70906542)|VARIABLE_ASSIGNMENT|[90]|record|{"MasterLabel":"Marketing Cloud Prod (4 more) ...","DeveloperName":"Marketing_Cloud_Prod (4 more) ...","Badge_Name__c":"Marketing Cloud Prod (4 more) ...","Id":"m021D000001GSV1QAO"}|0x6c37518b
17:39:34.0 (70918326)|STATEMENT_EXECUTE|[90]
17:39:34.0 (70920382)|STATEMENT_EXECUTE|[91]
17:39:34.0 (70945102)|HEAP_ALLOCATE|[91]|Bytes:24
17:39:34.0 (70964509)|HEAP_ALLOCATE|[91]|Bytes:24
17:39:34.0 (70984494)|HEAP_ALLOCATE|[EXTERNAL]|Bytes:-4
17:39:34.0 (71001702)|HEAP_ALLOCATE|[90]|Bytes:5
17:39:34.0 (71016910)|HEAP_ALLOCATE|[90]|Bytes:20
17:39:34.0 (71029210)|VARIABLE_SCOPE_BEGIN|[90]|record|SObject|true|false
17:39:34.0 (71053297)|VARIABLE_ASSIGNMENT|[90]|record|{"MasterLabel":"API Basics","DeveloperName":"API_Basics","Badge_Name__c":"API Basics","Id":"m021D000001GSUuQAO"}|0x42460da7
17:39:34.0 (71063458)|STATEMENT_EXECUTE|[90]
17:39:34.0 (71066960)|STATEMENT_EXECUTE|[91]
17:39:34.0 (71089729)|HEAP_ALLOCATE|[91]|Bytes:10
17:39:34.0 (71109630)|HEAP_ALLOCATE|[91]|Bytes:10
17:39:34.0 (71131302)|HEAP_ALLOCATE|[EXTERNAL]|Bytes:-4
17:39:34.0 (71146138)|HEAP_ALLOCATE|[90]|Bytes:5
17:39:34.0 (71158631)|HEAP_ALLOCATE|[90]|Bytes:20
17:39:34.0 (71171442)|VARIABLE_SCOPE_BEGIN|[90]|record|SObject|true|false
17:39:34.0 (71207850)|VARIABLE_ASSIGNMENT|[90]|record|{"MasterLabel":"Marketing Cloud Send (20 more) ...","DeveloperName":"Marketing_Cloud_Send (19 more) ...","Badge_Name__c":"Marketing Cloud Send (20 more) ...","Id":"m021D000001GSV4QAO"}|0x12971213
17:39:34.0 (71218342)|STATEMENT_EXECUTE|[90]
17:39:34.0 (71220619)|STATEMENT_EXECUTE|[91]
17:39:34.0 (71243184)|HEAP_ALLOCATE|[91]|Bytes:39
17:39:34.0 (71262693)|HEAP_ALLOCATE|[91]|Bytes:39
17:39:34.0 (71283751)|HEAP_ALLOCATE|[EXTERNAL]|Bytes:-4
17:39:34.0 (71298548)|HEAP_ALLOCATE|[90]|Bytes:5
17:39:34.0 (71310834)|HEAP_ALLOCATE|[90]|Bytes:20
17:39:34.0 (71323617)|VARIABLE_SCOPE_BEGIN|[90]|record|SObject|true|false
17:39:34.0 (71349010)|VARIABLE_ASSIGNMENT|[90]|record|{"MasterLabel":"Student Success Hub","DeveloperName":"Student_Success_Hub","Badge_Name__c":"Student Success Hub: (11 more) ...","Id":"m021D000001GSVBQA4"}|0xf4177a7
17:39:34.0 (71365870)|STATEMENT_EXECUTE|[90]
17:39:34.0 (71368095)|STATEMENT_EXECUTE|[91]
17:39:34.0 (71393296)|HEAP_ALLOCATE|[91]|Bytes:19
17:39:34.0 (71414142)|HEAP_ALLOCATE|[91]|Bytes:19
17:39:34.0 (71434041)|HEAP_ALLOCATE|[EXTERNAL]|Bytes:-4
17:39:34.0 (71450728)|HEAP_ALLOCATE|[90]|Bytes:5
17:39:34.0 (71463479)|HEAP_ALLOCATE|[90]|Bytes:20
17:39:34.0 (71477411)|VARIABLE_SCOPE_BEGIN|[90]|record|SObject|true|false
17:39:34.0 (71504331)|VARIABLE_ASSIGNMENT|[90]|record|{"MasterLabel":"Self-Serve SSL Certi (20 more) ...","DeveloperName":"Self_Serve_SSL_Certi (20 more) ...","Badge_Name__c":"Self-Serve SSL Certi (38 more) ...","Id":"m021D000001GSVAQA4"}|0x592cd4cd
17:39:34.0 (71515842)|STATEMENT_EXECUTE|[90]
17:39:34.0 (71517909)|STATEMENT_EXECUTE|[91]
17:39:34.0 (71542216)|HEAP_ALLOCATE|[91]|Bytes:40
17:39:34.0 (71561947)|HEAP_ALLOCATE|[91]|Bytes:40
17:39:34.0 (71582102)|HEAP_ALLOCATE|[EXTERNAL]|Bytes:-4
17:39:34.0 (71598978)|HEAP_ALLOCATE|[90]|Bytes:5
17:39:34.0 (71611366)|HEAP_ALLOCATE|[90]|Bytes:20
17:39:34.0 (71624306)|VARIABLE_SCOPE_BEGIN|[90]|record|SObject|true|false
17:39:34.0 (71651147)|VARIABLE_ASSIGNMENT|[90]|record|{"MasterLabel":"Marketing Cloud Basi (2 more) ...","DeveloperName":"Marketing_Cloud_Basi (2 more) ...","Badge_Name__c":"Marketing Cloud Basi (2 more) ...","Id":"m021D000001GSV0QAO"}|0x2b75c17a
17:39:34.0 (71663624)|STATEMENT_EXECUTE|[90]
17:39:34.0 (71665711)|STATEMENT_EXECUTE|[91]
17:39:34.0 (71689744)|HEAP_ALLOCATE|[91]|Bytes:22
17:39:34.0 (71708988)|HEAP_ALLOCATE|[91]|Bytes:22
17:39:34.0 (71726639)|HEAP_ALLOCATE|[EXTERNAL]|Bytes:-4
17:39:34.0 (71742102)|HEAP_ALLOCATE|[90]|Bytes:5
17:39:34.0 (71753258)|HEAP_ALLOCATE|[90]|Bytes:20
17:39:34.0 (71763834)|VARIABLE_SCOPE_BEGIN|[90]|record|SObject|true|false
17:39:34.0 (71787547)|VARIABLE_ASSIGNMENT|[90]|record|{"MasterLabel":"Salesforce Marketer: (11 more) ...","DeveloperName":"Salesforce_Marketer_ (10 more) ...","Badge_Name__c":"Salesforce Marketer: (11 more) ...","Id":"m021D000001GSV9QAO"}|0x158498d
17:39:34.0 (71799502)|STATEMENT_EXECUTE|[90]
17:39:34.0 (71801545)|STATEMENT_EXECUTE|[91]
17:39:34.0 (71825747)|HEAP_ALLOCATE|[91]|Bytes:30
17:39:34.0 (71845466)|HEAP_ALLOCATE|[91]|Bytes:30
17:39:34.0 (71866574)|HEAP_ALLOCATE|[EXTERNAL]|Bytes:-4
17:39:34.0 (71883667)|HEAP_ALLOCATE|[90]|Bytes:5
17:39:34.0 (71896814)|HEAP_ALLOCATE|[90]|Bytes:20
17:39:34.0 (71908881)|VARIABLE_SCOPE_BEGIN|[90]|record|SObject|true|false
17:39:34.0 (71935770)|VARIABLE_ASSIGNMENT|[90]|record|{"MasterLabel":"Digital Transformati (2 more) ...","DeveloperName":"Digital_Transformati (2 more) ...","Badge_Name__c":"Digital Transformati (42 more) ...","Id":"m021D000001GSUwQAO"}|0x520fa4e
17:39:34.0 (71947407)|STATEMENT_EXECUTE|[90]
17:39:34.0 (71949478)|STATEMENT_EXECUTE|[91]
17:39:34.0 (71973817)|HEAP_ALLOCATE|[91]|Bytes:22
17:39:34.0 (71993593)|HEAP_ALLOCATE|[91]|Bytes:22
17:39:34.0 (72012954)|HEAP_ALLOCATE|[EXTERNAL]|Bytes:-4
17:39:34.0 (72030660)|HEAP_ALLOCATE|[90]|Bytes:5
17:39:34.0 (72042645)|HEAP_ALLOCATE|[90]|Bytes:20
17:39:34.0 (72053451)|VARIABLE_SCOPE_BEGIN|[90]|record|SObject|true|false
17:39:34.0 (72081517)|VARIABLE_ASSIGNMENT|[90]|record|{"MasterLabel":"Quick Start: Create  (17 more) ...","DeveloperName":"Quick_Start_Create_a (16 more) ...","Badge_Name__c":"Quick Start: Create  (38 more) ...","Id":"m021D000001GSV8QAO"}|0x3a95dc9b
17:39:34.0 (72093066)|STATEMENT_EXECUTE|[90]
17:39:34.0 (72095169)|STATEMENT_EXECUTE|[91]
17:39:34.0 (72119162)|HEAP_ALLOCATE|[91]|Bytes:36
17:39:34.0 (72138458)|HEAP_ALLOCATE|[91]|Bytes:36
17:39:34.0 (72158304)|HEAP_ALLOCATE|[EXTERNAL]|Bytes:-4
17:39:34.0 (72175003)|HEAP_ALLOCATE|[90]|Bytes:5
17:39:34.0 (72186729)|HEAP_ALLOCATE|[90]|Bytes:20
17:39:34.0 (72197735)|VARIABLE_SCOPE_BEGIN|[90]|record|SObject|true|false
17:39:34.0 (72225093)|VARIABLE_ASSIGNMENT|[90]|record|{"MasterLabel":"Einstein Copy Insigh (14 more) ...","DeveloperName":"Einstein_Copy_Insigh (13 more) ...","Badge_Name__c":"Einstein Copy Insigh (14 more) ...","Id":"m021D000001GSUxQAO"}|0x3f6ea4a2
17:39:34.0 (72234679)|STATEMENT_EXECUTE|[90]
17:39:34.0 (72236778)|STATEMENT_EXECUTE|[91]
17:39:34.0 (72259339)|HEAP_ALLOCATE|[91]|Bytes:33
17:39:34.0 (72278913)|HEAP_ALLOCATE|[91]|Bytes:33
17:39:34.0 (72299787)|HEAP_ALLOCATE|[EXTERNAL]|Bytes:-4
17:39:34.0 (72316126)|HEAP_ALLOCATE|[90]|Bytes:5
17:39:34.0 (72328333)|HEAP_ALLOCATE|[90]|Bytes:20
17:39:34.0 (72339091)|VARIABLE_SCOPE_BEGIN|[90]|record|SObject|true|false
17:39:34.0 (72370985)|VARIABLE_ASSIGNMENT|[90]|record|{"MasterLabel":"Pardot Email Sending","DeveloperName":"Pardot_Email_Sending","Badge_Name__c":"Pardot Email Sending (12 more) ...","Id":"m021D000001GSV6QAO"}|0x7cb996e3
17:39:34.0 (72382542)|STATEMENT_EXECUTE|[90]
17:39:34.0 (72384826)|STATEMENT_EXECUTE|[91]
17:39:34.0 (72408020)|HEAP_ALLOCATE|[91]|Bytes:20
17:39:34.0 (72427436)|HEAP_ALLOCATE|[91]|Bytes:20
17:39:34.0 (72448900)|HEAP_ALLOCATE|[EXTERNAL]|Bytes:-4
17:39:34.0 (72464017)|HEAP_ALLOCATE|[90]|Bytes:5
17:39:34.0 (72476444)|HEAP_ALLOCATE|[90]|Bytes:20
17:39:34.0 (72489902)|VARIABLE_SCOPE_BEGIN|[90]|record|SObject|true|false
17:39:34.0 (72514741)|VARIABLE_ASSIGNMENT|[90]|record|{"MasterLabel":"Data Storage","DeveloperName":"Data_Storage","Badge_Name__c":"Data Storage for Edu (33 more) ...","Id":"m021D000001GSUvQAO"}|0x7ec9f1b0
17:39:34.0 (72526531)|STATEMENT_EXECUTE|[90]
17:39:34.0 (72528593)|STATEMENT_EXECUTE|[91]
17:39:34.0 (72552867)|HEAP_ALLOCATE|[91]|Bytes:12
17:39:34.0 (72572600)|HEAP_ALLOCATE|[91]|Bytes:12
17:39:34.0 (72592926)|HEAP_ALLOCATE|[EXTERNAL]|Bytes:-4
17:39:34.0 (72610428)|HEAP_ALLOCATE|[90]|Bytes:5
17:39:34.0 (72623614)|HEAP_ALLOCATE|[90]|Bytes:20
17:39:34.0 (72636201)|VARIABLE_SCOPE_BEGIN|[90]|record|SObject|true|false
17:39:34.0 (72661723)|VARIABLE_ASSIGNMENT|[90]|record|{"MasterLabel":"Marketing Cloud Setu (1 more) ...","DeveloperName":"Marketing_Cloud_Setu (1 more) ...","Badge_Name__c":"Marketing Cloud Setu (1 more) ...","Id":"m021D000001GSV5QAO"}|0x6aac8bf6
17:39:34.0 (72673407)|STATEMENT_EXECUTE|[90]
17:39:34.0 (72675459)|STATEMENT_EXECUTE|[91]
17:39:34.0 (72699536)|HEAP_ALLOCATE|[91]|Bytes:21
17:39:34.0 (72718754)|HEAP_ALLOCATE|[91]|Bytes:21
17:39:34.0 (72738635)|HEAP_ALLOCATE|[EXTERNAL]|Bytes:-4
17:39:34.0 (72755677)|HEAP_ALLOCATE|[90]|Bytes:5
17:39:34.0 (72770213)|VARIABLE_ASSIGNMENT|[90]|record|null|
17:39:34.0 (72779105)|STATEMENT_EXECUTE|[93]
17:39:34.0 (72791410)|HEAP_ALLOCATE|[93]|Bytes:2
17:39:34.0 (72805068)|METHOD_ENTRY|[8]|01p1D00000W0Q32|CustomMetadataTypeWrapper.CustomMetadataTypeWrapper()
17:39:34.0 (72813336)|STATEMENT_EXECUTE|[8]
17:39:34.0 (72817319)|STATEMENT_EXECUTE|[8]
17:39:34.0 (72825881)|HEAP_ALLOCATE|[93]|Bytes:5
17:39:34.0 (72839574)|METHOD_EXIT|[8]|CustomMetadataTypeWrapper
17:39:34.0 (72850119)|HEAP_ALLOCATE|[93]|Bytes:12
17:39:34.0 (72869232)|CONSTRUCTOR_ENTRY|[93]|01p1D00000W0Q32|<init>(Map<String,SObject>,List<Map<String,ANY>>)|CustomMetadataTypeWrapper
17:39:34.0 (72900147)|VARIABLE_SCOPE_BEGIN|[15]|this|CustomMetadataTypeWrapper|true|false
17:39:34.0 (72942266)|VARIABLE_ASSIGNMENT|[15]|this|{}|0x46373ad4
17:39:34.0 (72953089)|VARIABLE_SCOPE_BEGIN|[15]|recordMap|Map<String,SObject>|true|false
17:39:34.0 (72969594)|VARIABLE_ASSIGNMENT|[15]|recordMap|"Map of size 19 too large to display"|0x4c6541bc
17:39:34.0 (72979154)|VARIABLE_SCOPE_BEGIN|[15]|stringDescribeResult|List<Map<String,ANY>>|true|false
17:39:34.0 (73004123)|VARIABLE_ASSIGNMENT|[15]|stringDescribeResult|[{"DeveloperName":"Badge_Name__c","MasterLabel":"Badge Name","DataType":"STRING"}]|0x6f1cbe39
17:39:34.0 (73022236)|HEAP_ALLOCATE|[16]|Bytes:5
17:39:34.0 (73030012)|STATEMENT_EXECUTE|[8]
17:39:34.0 (73034378)|HEAP_ALLOCATE|[16]|Bytes:5
17:39:34.0 (73040041)|STATEMENT_EXECUTE|[10]
17:39:34.0 (73042241)|STATEMENT_EXECUTE|[13]
17:39:34.0 (73052638)|HEAP_ALLOCATE|[16]|Bytes:6
17:39:34.0 (75874813)|STATEMENT_EXECUTE|[15]
17:39:34.0 (75883434)|STATEMENT_EXECUTE|[16]
17:39:34.0 (75914000)|VARIABLE_ASSIGNMENT|[16]|this.recordMap|"Map of size 19 too large to display"|0x46373ad4
17:39:34.0 (75932060)|STATEMENT_EXECUTE|[17]
17:39:34.0 (75962937)|VARIABLE_ASSIGNMENT|[17]|this.stringDescribeResult|[{"DeveloperName":"Badge_Name__c","MasterLabel":"Badge Name","DataType":"STRING"}]|0x46373ad4
17:39:34.0 (76002896)|CONSTRUCTOR_EXIT|[93]|01p1D00000W0Q32|<init>(Map<String,SObject>,List<Map<String,ANY>>)|CustomMetadataTypeWrapper
17:39:34.0 (76019990)|VARIABLE_SCOPE_BEGIN|[93]|tempWrapper|CustomMetadataTypeWrapper|true|false
17:39:34.0 (76076566)|VARIABLE_ASSIGNMENT|[93]|tempWrapper|{"recordMap":"0x4c6541bc","stringDescribeResult":"0x6f1cbe39"}|0x46373ad4
17:39:34.0 (76092055)|STATEMENT_EXECUTE|[94]
17:39:34.0 (76120911)|HEAP_ALLOCATE|[94]|Bytes:18
17:39:34.0 (76212003)|HEAP_ALLOCATE|[EXTERNAL]|Bytes:-4
17:39:34.0 (76266390)|HEAP_ALLOCATE|[61]|Bytes:5
17:39:34.0 (76296075)|HEAP_ALLOCATE|[61]|Bytes:4
17:39:34.0 (76333841)|VARIABLE_SCOPE_BEGIN|[61]|cmt|Schema.DescribeSObjectResult|true|false
17:39:34.0 (76474698)|VARIABLE_ASSIGNMENT|[61]|cmt|"common.api.soap.wsdl.DescribeSObjectResult@5f43bf0f"|0x28525b9f
17:39:34.0 (76488014)|STATEMENT_EXECUTE|[61]
17:39:34.0 (76491708)|STATEMENT_EXECUTE|[62]
17:39:34.0 (76885237)|HEAP_ALLOCATE|[62]|Bytes:40
17:39:34.0 (76903139)|VARIABLE_SCOPE_BEGIN|[62]|cmtFields|Map<String,Schema.SObjectField>|true|false
17:39:34.0 (77130102)|VARIABLE_ASSIGNMENT|[62]|cmtFields|"{badge_product__c=Badge_Product__c, developername=DeveloperName, id=Id, label=Label, language=Language, masterlabel=MasterLabel, namespaceprefix=NamespacePrefix, qualifiedapiname=QualifiedApiName, trail_product__c=Trail_Product__c}"|0x2cb4fc97
17:39:34.0 (77154133)|STATEMENT_EXECUTE|[63]
17:39:34.0 (77172471)|HEAP_ALLOCATE|[63]|Bytes:4
17:39:34.0 (77199309)|VARIABLE_SCOPE_BEGIN|[63]|fieldsToQuery|List<String>|true|false
17:39:34.0 (77235022)|HEAP_ALLOCATE|[EXTERNAL]|Bytes:4
17:39:34.0 (77248402)|VARIABLE_ASSIGNMENT|[63]|fieldsToQuery|[]|0x6e413581
17:39:34.0 (77258868)|STATEMENT_EXECUTE|[64]
17:39:34.0 (77273037)|HEAP_ALLOCATE|[64]|Bytes:4
17:39:34.0 (77288421)|VARIABLE_SCOPE_BEGIN|[64]|describeFieldResults|List<Map<String,ANY>>|true|false
17:39:34.0 (77313690)|HEAP_ALLOCATE|[EXTERNAL]|Bytes:4
17:39:34.0 (77323568)|VARIABLE_ASSIGNMENT|[64]|describeFieldResults|[]|0x1ff0f470
17:39:34.0 (77338318)|HEAP_ALLOCATE|[66]|Bytes:4
17:39:34.0 (77389021)|HEAP_ALLOCATE|[66]|Bytes:142
17:39:34.0 (77413819)|HEAP_ALLOCATE|[66]|Bytes:36
17:39:34.0 (77443074)|HEAP_ALLOCATE|[66]|Bytes:5
17:39:34.0 (77459463)|VARIABLE_SCOPE_BEGIN|[66]|cmtField|String|false|false
17:39:34.0 (77476820)|VARIABLE_ASSIGNMENT|[66]|cmtField|"id"
17:39:34.0 (77485851)|STATEMENT_EXECUTE|[66]
17:39:34.0 (77488192)|STATEMENT_EXECUTE|[67]
17:39:34.0 (77516416)|SYSTEM_MODE_ENTER|true
17:39:34.0 (78057151)|HEAP_ALLOCATE|[EXTERNAL]|Bytes:4
17:39:34.0 (78147796)|HEAP_ALLOCATE|[67]|Bytes:8
17:39:34.0 (78163434)|VARIABLE_SCOPE_BEGIN|[67]|tempFieldResult|Schema.DescribeFieldResult|true|false
17:39:34.0 (78249273)|VARIABLE_ASSIGNMENT|[67]|tempFieldResult|"common.api.soap.wsdl.Field@64940111"|0x2e94cc72
17:39:34.0 (78270902)|STATEMENT_EXECUTE|[69]
17:39:34.0 (78289007)|HEAP_ALLOCATE|[66]|Bytes:5
17:39:34.0 (78305948)|VARIABLE_SCOPE_BEGIN|[66]|cmtField|String|false|false
17:39:34.0 (78323257)|VARIABLE_ASSIGNMENT|[66]|cmtField|"developername"
17:39:34.0 (78331718)|STATEMENT_EXECUTE|[66]
17:39:34.0 (78333930)|STATEMENT_EXECUTE|[67]
17:39:34.0 (78368219)|SYSTEM_MODE_ENTER|true
17:39:34.0 (78485507)|HEAP_ALLOCATE|[EXTERNAL]|Bytes:4
17:39:34.0 (78547697)|HEAP_ALLOCATE|[67]|Bytes:8
17:39:34.0 (78561923)|VARIABLE_SCOPE_BEGIN|[67]|tempFieldResult|Schema.DescribeFieldResult|true|false
17:39:34.0 (78640659)|VARIABLE_ASSIGNMENT|[67]|tempFieldResult|"common.api.soap.wsdl.Field@186d1d9b"|0x19315e56
17:39:34.0 (78658505)|STATEMENT_EXECUTE|[69]
17:39:34.0 (78674294)|HEAP_ALLOCATE|[66]|Bytes:5
17:39:34.0 (78689754)|VARIABLE_SCOPE_BEGIN|[66]|cmtField|String|false|false
17:39:34.0 (78707065)|VARIABLE_ASSIGNMENT|[66]|cmtField|"masterlabel"
17:39:34.0 (78714413)|STATEMENT_EXECUTE|[66]
17:39:34.0 (78718013)|STATEMENT_EXECUTE|[67]
17:39:34.0 (78742133)|SYSTEM_MODE_ENTER|true
17:39:34.0 (78846169)|HEAP_ALLOCATE|[EXTERNAL]|Bytes:4
17:39:34.0 (78910818)|HEAP_ALLOCATE|[67]|Bytes:8
17:39:34.0 (78926758)|VARIABLE_SCOPE_BEGIN|[67]|tempFieldResult|Schema.DescribeFieldResult|true|false
17:39:34.0 (79003502)|VARIABLE_ASSIGNMENT|[67]|tempFieldResult|"common.api.soap.wsdl.Field@fdf79968"|0xadae00a
17:39:34.0 (79023476)|STATEMENT_EXECUTE|[69]
17:39:34.0 (79037957)|HEAP_ALLOCATE|[66]|Bytes:5
17:39:34.0 (79055013)|VARIABLE_SCOPE_BEGIN|[66]|cmtField|String|false|false
17:39:34.0 (79070932)|VARIABLE_ASSIGNMENT|[66]|cmtField|"language"
17:39:34.0 (79079935)|STATEMENT_EXECUTE|[66]
17:39:34.0 (79082053)|STATEMENT_EXECUTE|[67]
17:39:34.0 (79105670)|SYSTEM_MODE_ENTER|true
17:39:34.0 (79205519)|HEAP_ALLOCATE|[EXTERNAL]|Bytes:4
17:39:34.0 (79265072)|HEAP_ALLOCATE|[67]|Bytes:8
17:39:34.0 (79280436)|VARIABLE_SCOPE_BEGIN|[67]|tempFieldResult|Schema.DescribeFieldResult|true|false
17:39:34.0 (79458372)|VARIABLE_ASSIGNMENT|[67]|tempFieldResult|"common.api.soap.wsdl.Field@f3b5dc9e"|0x51d4751f
17:39:34.0 (79480043)|STATEMENT_EXECUTE|[69]
17:39:34.0 (79494960)|HEAP_ALLOCATE|[66]|Bytes:5
17:39:34.0 (79513161)|VARIABLE_SCOPE_BEGIN|[66]|cmtField|String|false|false
17:39:34.0 (79530111)|VARIABLE_ASSIGNMENT|[66]|cmtField|"namespaceprefix"
17:39:34.0 (79537347)|STATEMENT_EXECUTE|[66]
17:39:34.0 (79539525)|STATEMENT_EXECUTE|[67]
17:39:34.0 (79563607)|SYSTEM_MODE_ENTER|true
17:39:34.0 (79668712)|HEAP_ALLOCATE|[EXTERNAL]|Bytes:4
17:39:34.0 (79730376)|HEAP_ALLOCATE|[67]|Bytes:8
17:39:34.0 (79744352)|VARIABLE_SCOPE_BEGIN|[67]|tempFieldResult|Schema.DescribeFieldResult|true|false
17:39:34.0 (79822001)|VARIABLE_ASSIGNMENT|[67]|tempFieldResult|"common.api.soap.wsdl.Field@c808c634"|0x2cde4ee4
17:39:34.0 (79840990)|STATEMENT_EXECUTE|[69]
17:39:34.0 (79854690)|HEAP_ALLOCATE|[66]|Bytes:5
17:39:34.0 (79872776)|VARIABLE_SCOPE_BEGIN|[66]|cmtField|String|false|false
17:39:34.0 (79889201)|VARIABLE_ASSIGNMENT|[66]|cmtField|"label"
17:39:34.0 (79896598)|STATEMENT_EXECUTE|[66]
17:39:34.0 (79898755)|STATEMENT_EXECUTE|[67]
17:39:34.0 (79923891)|SYSTEM_MODE_ENTER|true
17:39:34.0 (80021453)|HEAP_ALLOCATE|[EXTERNAL]|Bytes:4
17:39:34.0 (80080040)|HEAP_ALLOCATE|[67]|Bytes:8
17:39:34.0 (80093492)|VARIABLE_SCOPE_BEGIN|[67]|tempFieldResult|Schema.DescribeFieldResult|true|false
17:39:34.0 (80169989)|VARIABLE_ASSIGNMENT|[67]|tempFieldResult|"common.api.soap.wsdl.Field@5f876670"|0x56971ba8
17:39:34.0 (80188472)|STATEMENT_EXECUTE|[69]
17:39:34.0 (80201584)|HEAP_ALLOCATE|[66]|Bytes:5
17:39:34.0 (80217706)|VARIABLE_SCOPE_BEGIN|[66]|cmtField|String|false|false
17:39:34.0 (80234414)|VARIABLE_ASSIGNMENT|[66]|cmtField|"qualifiedapiname"
17:39:34.0 (80242148)|STATEMENT_EXECUTE|[66]
17:39:34.0 (80244204)|STATEMENT_EXECUTE|[67]
17:39:34.0 (80267511)|SYSTEM_MODE_ENTER|true
17:39:34.0 (80370554)|HEAP_ALLOCATE|[EXTERNAL]|Bytes:4
17:39:34.0 (80429845)|HEAP_ALLOCATE|[67]|Bytes:8
17:39:34.0 (80444969)|VARIABLE_SCOPE_BEGIN|[67]|tempFieldResult|Schema.DescribeFieldResult|true|false
17:39:34.0 (80522853)|VARIABLE_ASSIGNMENT|[67]|tempFieldResult|"common.api.soap.wsdl.Field@1a58efc0"|0x4e44d74b
17:39:34.0 (80540245)|STATEMENT_EXECUTE|[69]
17:39:34.0 (80554069)|HEAP_ALLOCATE|[66]|Bytes:5
17:39:34.0 (80568612)|VARIABLE_SCOPE_BEGIN|[66]|cmtField|String|false|false
17:39:34.0 (80584469)|VARIABLE_ASSIGNMENT|[66]|cmtField|"badge_product__c"
17:39:34.0 (80592103)|STATEMENT_EXECUTE|[66]
17:39:34.0 (80594150)|STATEMENT_EXECUTE|[67]
17:39:34.0 (80618743)|SYSTEM_MODE_ENTER|true
17:39:34.0 (80732276)|HEAP_ALLOCATE|[EXTERNAL]|Bytes:4
17:39:34.0 (80806513)|HEAP_ALLOCATE|[67]|Bytes:8
17:39:34.0 (80822505)|VARIABLE_SCOPE_BEGIN|[67]|tempFieldResult|Schema.DescribeFieldResult|true|false
17:39:34.0 (80914513)|VARIABLE_ASSIGNMENT|[67]|tempFieldResult|"common.api.soap.wsdl.Field@12f41465"|0x237a2a41
17:39:34.0 (80934833)|STATEMENT_EXECUTE|[69]
17:39:34.0 (80937680)|STATEMENT_EXECUTE|[70]
17:39:34.0 (80951907)|HEAP_ALLOCATE|[70]|Bytes:4
17:39:34.0 (80962253)|VARIABLE_SCOPE_BEGIN|[70]|describeFieldResult|Map<String,ANY>|true|false
17:39:34.0 (80984499)|VARIABLE_ASSIGNMENT|[70]|describeFieldResult|{}|0x1ef2fa94
17:39:34.0 (80995131)|STATEMENT_EXECUTE|[71]
17:39:34.0 (81005140)|HEAP_ALLOCATE|[71]|Bytes:16
17:39:34.0 (81025460)|HEAP_ALLOCATE|[EXTERNAL]|Bytes:-4
17:39:34.0 (81036579)|STATEMENT_EXECUTE|[72]
17:39:34.0 (81044934)|HEAP_ALLOCATE|[72]|Bytes:13
17:39:34.0 (81056456)|HEAP_ALLOCATE|[EXTERNAL]|Bytes:-4
17:39:34.0 (81063350)|STATEMENT_EXECUTE|[73]
17:39:34.0 (81089734)|HEAP_ALLOCATE|[73]|Bytes:12
17:39:34.0 (81124769)|HEAP_ALLOCATE|[73]|Bytes:7
17:39:34.0 (81143076)|HEAP_ALLOCATE|[EXTERNAL]|Bytes:-4
17:39:34.0 (81158361)|HEAP_ALLOCATE|[75]|Bytes:12
17:39:34.0 (81175166)|HEAP_ALLOCATE|[75]|Bytes:7
17:39:34.0 (81204631)|STATEMENT_EXECUTE|[75]
17:39:34.0 (81207442)|STATEMENT_EXECUTE|[80]
17:39:34.0 (81218174)|HEAP_ALLOCATE|[EXTERNAL]|Bytes:4
17:39:34.0 (81228376)|STATEMENT_EXECUTE|[81]
17:39:34.0 (81234936)|HEAP_ALLOCATE|[81]|Bytes:16
17:39:34.0 (81244605)|HEAP_ALLOCATE|[EXTERNAL]|Bytes:4
17:39:34.0 (81262349)|HEAP_ALLOCATE|[66]|Bytes:5
17:39:34.0 (81278277)|VARIABLE_SCOPE_BEGIN|[66]|cmtField|String|false|false
17:39:34.0 (81292861)|VARIABLE_ASSIGNMENT|[66]|cmtField|"trail_product__c"
17:39:34.0 (81301773)|STATEMENT_EXECUTE|[66]
17:39:34.0 (81303822)|STATEMENT_EXECUTE|[67]
17:39:34.0 (81327020)|SYSTEM_MODE_ENTER|true
17:39:34.0 (81438565)|HEAP_ALLOCATE|[EXTERNAL]|Bytes:4
17:39:34.0 (81502513)|HEAP_ALLOCATE|[67]|Bytes:8
17:39:34.0 (81516632)|VARIABLE_SCOPE_BEGIN|[67]|tempFieldResult|Schema.DescribeFieldResult|true|false
17:39:34.0 (81595787)|VARIABLE_ASSIGNMENT|[67]|tempFieldResult|"common.api.soap.wsdl.Field@6e199a65"|0xe08c1c9
17:39:34.0 (81615327)|STATEMENT_EXECUTE|[69]
17:39:34.0 (81617687)|STATEMENT_EXECUTE|[70]
17:39:34.0 (81628530)|HEAP_ALLOCATE|[70]|Bytes:4
17:39:34.0 (81638563)|VARIABLE_SCOPE_BEGIN|[70]|describeFieldResult|Map<String,ANY>|true|false
17:39:34.0 (81656666)|VARIABLE_ASSIGNMENT|[70]|describeFieldResult|{}|0x7f7baaef
17:39:34.0 (81667108)|STATEMENT_EXECUTE|[71]
17:39:34.0 (81674499)|HEAP_ALLOCATE|[71]|Bytes:16
17:39:34.0 (81687743)|HEAP_ALLOCATE|[EXTERNAL]|Bytes:-4
17:39:34.0 (81698082)|STATEMENT_EXECUTE|[72]
17:39:34.0 (81703897)|HEAP_ALLOCATE|[72]|Bytes:13
17:39:34.0 (81715246)|HEAP_ALLOCATE|[EXTERNAL]|Bytes:-4
17:39:34.0 (81723974)|STATEMENT_EXECUTE|[73]
17:39:34.0 (81738332)|HEAP_ALLOCATE|[73]|Bytes:12
17:39:34.0 (81762007)|HEAP_ALLOCATE|[73]|Bytes:7
17:39:34.0 (81779995)|HEAP_ALLOCATE|[EXTERNAL]|Bytes:-4
17:39:34.0 (81794552)|HEAP_ALLOCATE|[75]|Bytes:12
17:39:34.0 (81810726)|HEAP_ALLOCATE|[75]|Bytes:7
17:39:34.0 (81833879)|STATEMENT_EXECUTE|[75]
17:39:34.0 (81836514)|STATEMENT_EXECUTE|[80]
17:39:34.0 (81844164)|HEAP_ALLOCATE|[EXTERNAL]|Bytes:4
17:39:34.0 (81853928)|STATEMENT_EXECUTE|[81]
17:39:34.0 (81858258)|HEAP_ALLOCATE|[81]|Bytes:16
17:39:34.0 (81867324)|HEAP_ALLOCATE|[EXTERNAL]|Bytes:4
17:39:34.0 (81884615)|HEAP_ALLOCATE|[66]|Bytes:5
17:39:34.0 (81901030)|VARIABLE_ASSIGNMENT|[66]|cmtField|null
17:39:34.0 (81911204)|STATEMENT_EXECUTE|[85]
17:39:34.0 (81942126)|HEAP_ALLOCATE|[86]|Bytes:5
17:39:34.0 (81951819)|HEAP_ALLOCATE|[86]|Bytes:16
17:39:34.0 (81957653)|HEAP_ALLOCATE|[86]|Bytes:5
17:39:34.0 (81963905)|HEAP_ALLOCATE|[86]|Bytes:16
17:39:34.0 (81968776)|HEAP_ALLOCATE|[86]|Bytes:5
17:39:34.0 (81975141)|HEAP_ALLOCATE|[86]|Bytes:34
17:39:34.0 (81992642)|HEAP_ALLOCATE|[86]|Bytes:28
17:39:34.0 (82004108)|HEAP_ALLOCATE|[85]|Bytes:103
17:39:34.0 (82011190)|VARIABLE_SCOPE_BEGIN|[85]|queryString|String|false|false
17:39:34.0 (82025533)|VARIABLE_ASSIGNMENT|[85]|queryString|"SELECT MasterLabel,  (83 more) ..."
17:39:34.0 (82033118)|STATEMENT_EXECUTE|[87]
17:39:34.0 (82339152)|SOQL_EXECUTE_BEGIN|[87]|Aggregations:0|SELECT MasterLabel, DeveloperName, Badge_Product__c, Trail_Product__c FROM Badge_Product_to_Delete__mdt
17:39:34.0 (84783715)|SOQL_EXECUTE_END|[87]|Rows:9
17:39:34.0 (84819753)|HEAP_ALLOCATE|[87]|Bytes:40
17:39:34.0 (84872529)|HEAP_ALLOCATE|[87]|Bytes:1262
17:39:34.0 (84951466)|HEAP_ALLOCATE|[87]|Bytes:40
17:39:34.0 (84971655)|VARIABLE_SCOPE_BEGIN|[87]|records|List<SObject>|true|false
17:39:34.0 (84998046)|VARIABLE_ASSIGNMENT|[87]|records|"List of size 9 too large to display"|0x57d3b709
17:39:34.0 (85010264)|STATEMENT_EXECUTE|[88]
17:39:34.0 (85023483)|HEAP_ALLOCATE|[88]|Bytes:4
17:39:34.0 (85034042)|VARIABLE_SCOPE_BEGIN|[88]|recordMap|Map<String,SObject>|true|false
17:39:34.0 (85055540)|VARIABLE_ASSIGNMENT|[88]|recordMap|{}|0x6e19843e
17:39:34.0 (85203975)|HEAP_ALLOCATE|[90]|Bytes:5
17:39:34.0 (85240000)|HEAP_ALLOCATE|[90]|Bytes:24
17:39:34.0 (85262122)|VARIABLE_SCOPE_BEGIN|[90]|record|SObject|true|false
17:39:34.0 (85294827)|VARIABLE_ASSIGNMENT|[90]|record|{"MasterLabel":"Nonprofit Cloud","DeveloperName":"Nonprofit_Cloud","Badge_Product__c":true,"Trail_Product__c":true,"Id":"m011D000001GJONQA4"}|0x19ca3568
17:39:34.0 (85312815)|STATEMENT_EXECUTE|[90]
17:39:34.0 (85315347)|STATEMENT_EXECUTE|[91]
17:39:34.0 (85368903)|HEAP_ALLOCATE|[91]|Bytes:15
17:39:34.0 (85394112)|HEAP_ALLOCATE|[91]|Bytes:15
17:39:34.0 (85419505)|HEAP_ALLOCATE|[EXTERNAL]|Bytes:-4
17:39:34.0 (85440372)|HEAP_ALLOCATE|[90]|Bytes:5
17:39:34.0 (85455911)|HEAP_ALLOCATE|[90]|Bytes:24
17:39:34.0 (85470187)|VARIABLE_SCOPE_BEGIN|[90]|record|SObject|true|false
17:39:34.0 (85497184)|VARIABLE_ASSIGNMENT|[90]|record|{"MasterLabel":"Marketing Cloud","DeveloperName":"Marketing_Cloud","Badge_Product__c":true,"Trail_Product__c":true,"Id":"m011D000001GJOLQA4"}|0x125c0b00
17:39:34.0 (85509055)|STATEMENT_EXECUTE|[90]
17:39:34.0 (85511314)|STATEMENT_EXECUTE|[91]
17:39:34.0 (85541305)|HEAP_ALLOCATE|[91]|Bytes:15
17:39:34.0 (85561040)|HEAP_ALLOCATE|[91]|Bytes:15
17:39:34.0 (85582555)|HEAP_ALLOCATE|[EXTERNAL]|Bytes:-4
17:39:34.0 (85601031)|HEAP_ALLOCATE|[90]|Bytes:5
17:39:34.0 (85613798)|HEAP_ALLOCATE|[90]|Bytes:24
17:39:34.0 (85626641)|VARIABLE_SCOPE_BEGIN|[90]|record|SObject|true|false
17:39:34.0 (85651149)|VARIABLE_ASSIGNMENT|[90]|record|{"MasterLabel":"Pardot","DeveloperName":"Pardot","Badge_Product__c":true,"Trail_Product__c":false,"Id":"m011D000001GJOOQA4"}|0xdbb900a
17:39:34.0 (85660392)|STATEMENT_EXECUTE|[90]
17:39:34.0 (85663968)|STATEMENT_EXECUTE|[91]
17:39:34.0 (85689699)|HEAP_ALLOCATE|[91]|Bytes:6
17:39:34.0 (85710262)|HEAP_ALLOCATE|[91]|Bytes:6
17:39:34.0 (85740897)|HEAP_ALLOCATE|[EXTERNAL]|Bytes:-4
17:39:34.0 (85757338)|HEAP_ALLOCATE|[90]|Bytes:5
17:39:34.0 (85770307)|HEAP_ALLOCATE|[90]|Bytes:24
17:39:34.0 (85783667)|VARIABLE_SCOPE_BEGIN|[90]|record|SObject|true|false
17:39:34.0 (85808318)|VARIABLE_ASSIGNMENT|[90]|record|{"MasterLabel":"Mulesoft","DeveloperName":"Mulesoft","Badge_Product__c":true,"Trail_Product__c":false,"Id":"m011D000001GJOMQA4"}|0x3c651c9c
17:39:34.0 (85818503)|STATEMENT_EXECUTE|[90]
17:39:34.0 (85820641)|STATEMENT_EXECUTE|[91]
17:39:34.0 (85846526)|HEAP_ALLOCATE|[91]|Bytes:8
17:39:34.0 (85866936)|HEAP_ALLOCATE|[91]|Bytes:8
17:39:34.0 (85887546)|HEAP_ALLOCATE|[EXTERNAL]|Bytes:-4
17:39:34.0 (85904378)|HEAP_ALLOCATE|[90]|Bytes:5
17:39:34.0 (85916849)|HEAP_ALLOCATE|[90]|Bytes:24
17:39:34.0 (85928684)|VARIABLE_SCOPE_BEGIN|[90]|record|SObject|true|false
17:39:34.0 (85952300)|VARIABLE_ASSIGNMENT|[90]|record|{"MasterLabel":"Education Cloud","DeveloperName":"Education_Cloud","Badge_Product__c":true,"Trail_Product__c":false,"Id":"m011D000001GJOHQA4"}|0x744c1f0d
17:39:34.0 (85963849)|STATEMENT_EXECUTE|[90]
17:39:34.0 (85965984)|STATEMENT_EXECUTE|[91]
17:39:34.0 (85989652)|HEAP_ALLOCATE|[91]|Bytes:15
17:39:34.0 (86007417)|HEAP_ALLOCATE|[91]|Bytes:15
17:39:34.0 (86028259)|HEAP_ALLOCATE|[EXTERNAL]|Bytes:-4
17:39:34.0 (86043868)|HEAP_ALLOCATE|[90]|Bytes:5
17:39:34.0 (86055016)|HEAP_ALLOCATE|[90]|Bytes:24
17:39:34.0 (86067571)|VARIABLE_SCOPE_BEGIN|[90]|record|SObject|true|false
17:39:34.0 (86089058)|VARIABLE_ASSIGNMENT|[90]|record|{"MasterLabel":"Financial Services C (4 more) ...","DeveloperName":"Financial_Services_C (4 more) ...","Badge_Product__c":true,"Trail_Product__c":false,"Id":"m011D000001GJOJQA4"}|0x63a0e8f
17:39:34.0 (86097338)|STATEMENT_EXECUTE|[90]
17:39:34.0 (86101177)|STATEMENT_EXECUTE|[91]
17:39:34.0 (86124538)|HEAP_ALLOCATE|[91]|Bytes:24
17:39:34.0 (86144568)|HEAP_ALLOCATE|[91]|Bytes:24
17:39:34.0 (86164254)|HEAP_ALLOCATE|[EXTERNAL]|Bytes:-4
17:39:34.0 (86179221)|HEAP_ALLOCATE|[90]|Bytes:5
17:39:34.0 (86189852)|HEAP_ALLOCATE|[90]|Bytes:24
17:39:34.0 (86202977)|VARIABLE_SCOPE_BEGIN|[90]|record|SObject|true|false
17:39:34.0 (86224166)|VARIABLE_ASSIGNMENT|[90]|record|{"MasterLabel":"Commerce Cloud","DeveloperName":"Commerce_Cloud","Badge_Product__c":true,"Trail_Product__c":true,"Id":"m011D000001GJOGQA4"}|0x57d0e582
17:39:34.0 (86235166)|STATEMENT_EXECUTE|[90]
17:39:34.0 (86237289)|STATEMENT_EXECUTE|[91]
17:39:34.0 (86261976)|HEAP_ALLOCATE|[91]|Bytes:14
17:39:34.0 (86279830)|HEAP_ALLOCATE|[91]|Bytes:14
17:39:34.0 (86299602)|HEAP_ALLOCATE|[EXTERNAL]|Bytes:-4
17:39:34.0 (86316222)|HEAP_ALLOCATE|[90]|Bytes:5
17:39:34.0 (86327172)|HEAP_ALLOCATE|[90]|Bytes:24
17:39:34.0 (86339852)|VARIABLE_SCOPE_BEGIN|[90]|record|SObject|true|false
17:39:34.0 (86372252)|VARIABLE_ASSIGNMENT|[90]|record|{"MasterLabel":"Education Cloud, Non (12 more) ...","DeveloperName":"Education_Cloud_Nonp (11 more) ...","Badge_Product__c":true,"Trail_Product__c":false,"Id":"m011D000001GJOIQA4"}|0x43c59218
17:39:34.0 (86383679)|STATEMENT_EXECUTE|[90]
17:39:34.0 (86386164)|STATEMENT_EXECUTE|[91]
17:39:34.0 (86412190)|HEAP_ALLOCATE|[91]|Bytes:31
17:39:34.0 (86431918)|HEAP_ALLOCATE|[91]|Bytes:31
17:39:34.0 (86452782)|HEAP_ALLOCATE|[EXTERNAL]|Bytes:-4
17:39:34.0 (86469548)|HEAP_ALLOCATE|[90]|Bytes:5
17:39:34.0 (86482313)|HEAP_ALLOCATE|[90]|Bytes:24
17:39:34.0 (86494768)|VARIABLE_SCOPE_BEGIN|[90]|record|SObject|true|false
17:39:34.0 (86518993)|VARIABLE_ASSIGNMENT|[90]|record|{"MasterLabel":"Health Cloud","DeveloperName":"Health_Cloud","Badge_Product__c":true,"Trail_Product__c":false,"Id":"m011D000001GJOKQA4"}|0x57e5491a
17:39:34.0 (86529510)|STATEMENT_EXECUTE|[90]
17:39:34.0 (86531617)|STATEMENT_EXECUTE|[91]
17:39:34.0 (86554782)|HEAP_ALLOCATE|[91]|Bytes:12
17:39:34.0 (86581033)|HEAP_ALLOCATE|[91]|Bytes:12
17:39:34.0 (86615833)|HEAP_ALLOCATE|[EXTERNAL]|Bytes:-4
17:39:34.0 (86635410)|HEAP_ALLOCATE|[90]|Bytes:5
17:39:34.0 (86650669)|VARIABLE_ASSIGNMENT|[90]|record|null|
17:39:34.0 (86659808)|STATEMENT_EXECUTE|[93]
17:39:34.0 (86666663)|HEAP_ALLOCATE|[93]|Bytes:12
17:39:34.0 (86693212)|CONSTRUCTOR_ENTRY|[93]|01p1D00000W0Q32|<init>(Map<String,SObject>,List<Map<String,ANY>>)|CustomMetadataTypeWrapper
17:39:34.0 (86714200)|VARIABLE_SCOPE_BEGIN|[15]|this|CustomMetadataTypeWrapper|true|false
17:39:34.0 (86759814)|VARIABLE_ASSIGNMENT|[15]|this|{}|0x5e79738f
17:39:34.0 (86769152)|VARIABLE_SCOPE_BEGIN|[15]|recordMap|Map<String,SObject>|true|false
17:39:34.0 (86786607)|VARIABLE_ASSIGNMENT|[15]|recordMap|"Map of size 9 too large to display"|0x6e19843e
17:39:34.0 (86795997)|VARIABLE_SCOPE_BEGIN|[15]|stringDescribeResult|List<Map<String,ANY>>|true|false
17:39:34.0 (86825316)|VARIABLE_ASSIGNMENT|[15]|stringDescribeResult|[{"DeveloperName":"Badge_Product__c","MasterLabel":"Badge Product","DataType":"BOOLEAN"},{"DeveloperName":"Trail_Product__c","MasterLabel":"Trail Product","DataType":"BOOLEAN"}]|0x1ff0f470
17:39:34.0 (86846043)|HEAP_ALLOCATE|[16]|Bytes:5
17:39:34.0 (86853905)|STATEMENT_EXECUTE|[8]
17:39:34.0 (86857793)|HEAP_ALLOCATE|[16]|Bytes:5
17:39:34.0 (86863515)|STATEMENT_EXECUTE|[10]
17:39:34.0 (86865654)|STATEMENT_EXECUTE|[13]
17:39:34.0 (86893088)|STATEMENT_EXECUTE|[15]
17:39:34.0 (86895688)|STATEMENT_EXECUTE|[16]
17:39:34.0 (86912558)|VARIABLE_ASSIGNMENT|[16]|this.recordMap|"Map of size 9 too large to display"|0x5e79738f
17:39:34.0 (86923103)|STATEMENT_EXECUTE|[17]
17:39:34.0 (86942195)|VARIABLE_ASSIGNMENT|[17]|this.stringDescribeResult|[{"DeveloperName":"Badge_Product__c","MasterLabel":"Badge Product","DataType":"BOOLEAN"},{"DeveloperName":"Trail_Product__c","MasterLabel":"Trail Product","DataType":"BOOLEAN"}]|0x5e79738f
17:39:34.0 (86961988)|CONSTRUCTOR_EXIT|[93]|01p1D00000W0Q32|<init>(Map<String,SObject>,List<Map<String,ANY>>)|CustomMetadataTypeWrapper
17:39:34.0 (86973620)|VARIABLE_SCOPE_BEGIN|[93]|tempWrapper|CustomMetadataTypeWrapper|true|false
17:39:34.0 (87005643)|VARIABLE_ASSIGNMENT|[93]|tempWrapper|{"recordMap":"0x6e19843e","stringDescribeResult":"0x1ff0f470"}|0x5e79738f
17:39:34.0 (87018503)|STATEMENT_EXECUTE|[94]
17:39:34.0 (87027964)|HEAP_ALLOCATE|[94]|Bytes:28
17:39:34.0 (87044621)|HEAP_ALLOCATE|[EXTERNAL]|Bytes:-4
17:39:34.0 (87062783)|HEAP_ALLOCATE|[61]|Bytes:5
17:39:34.0 (87079869)|HEAP_ALLOCATE|[61]|Bytes:4
17:39:34.0 (87108528)|VARIABLE_SCOPE_BEGIN|[61]|cmt|Schema.DescribeSObjectResult|true|false
17:39:34.0 (87199580)|VARIABLE_ASSIGNMENT|[61]|cmt|"common.api.soap.wsdl.DescribeSObjectResult@52704349"|0x6fbed996
17:39:34.0 (87214752)|STATEMENT_EXECUTE|[61]
17:39:34.0 (87217141)|STATEMENT_EXECUTE|[62]
17:39:34.0 (87598836)|HEAP_ALLOCATE|[62]|Bytes:84
17:39:34.0 (87617568)|VARIABLE_SCOPE_BEGIN|[62]|cmtFields|Map<String,Schema.SObjectField>|true|false
17:39:34.0 (87835200)|VARIABLE_ASSIGNMENT|[62]|cmtFields|"{checkbox_field__c=Checkbox_Field__c, date_field__c=Date_Field__c, date_time_field__c=Date_Time_Field__c, decimal_field__c=Decimal_Field__c, developername=DeveloperName, email_field__c=Email_Field__c, id=Id, label=Label, language=Language, masterlabel=MasterLabel, ...}"|0x4672d040
17:39:34.0 (87852154)|STATEMENT_EXECUTE|[63]
17:39:34.0 (87864260)|HEAP_ALLOCATE|[63]|Bytes:4
17:39:34.0 (87886034)|VARIABLE_SCOPE_BEGIN|[63]|fieldsToQuery|List<String>|true|false
17:39:34.0 (87917226)|HEAP_ALLOCATE|[EXTERNAL]|Bytes:4
17:39:34.0 (87929506)|VARIABLE_ASSIGNMENT|[63]|fieldsToQuery|[]|0x7824f1a5
17:39:34.0 (87940290)|STATEMENT_EXECUTE|[64]
17:39:34.0 (87954981)|HEAP_ALLOCATE|[64]|Bytes:4
17:39:34.0 (87970217)|VARIABLE_SCOPE_BEGIN|[64]|describeFieldResults|List<Map<String,ANY>>|true|false
17:39:34.0 (87995913)|HEAP_ALLOCATE|[EXTERNAL]|Bytes:4
17:39:34.0 (88005420)|VARIABLE_ASSIGNMENT|[64]|describeFieldResults|[]|0x6c1734e4
17:39:34.0 (88019742)|HEAP_ALLOCATE|[66]|Bytes:4
17:39:34.0 (88066571)|HEAP_ALLOCATE|[66]|Bytes:360
17:39:34.0 (88091775)|HEAP_ALLOCATE|[66]|Bytes:80
17:39:34.0 (88118596)|HEAP_ALLOCATE|[66]|Bytes:5
17:39:34.0 (88133604)|VARIABLE_SCOPE_BEGIN|[66]|cmtField|String|false|false
17:39:34.0 (88151290)|VARIABLE_ASSIGNMENT|[66]|cmtField|"id"
17:39:34.0 (88159780)|STATEMENT_EXECUTE|[66]
17:39:34.0 (88162060)|STATEMENT_EXECUTE|[67]
17:39:34.0 (88187004)|SYSTEM_MODE_ENTER|true
17:39:34.0 (88679724)|HEAP_ALLOCATE|[EXTERNAL]|Bytes:4
17:39:34.0 (88752150)|HEAP_ALLOCATE|[67]|Bytes:8
17:39:34.0 (88766867)|VARIABLE_SCOPE_BEGIN|[67]|tempFieldResult|Schema.DescribeFieldResult|true|false
17:39:34.0 (88849809)|VARIABLE_ASSIGNMENT|[67]|tempFieldResult|"common.api.soap.wsdl.Field@64940111"|0x42c0e3a0
17:39:34.0 (88872375)|STATEMENT_EXECUTE|[69]
17:39:34.0 (88888295)|HEAP_ALLOCATE|[66]|Bytes:5
17:39:34.0 (88903778)|VARIABLE_SCOPE_BEGIN|[66]|cmtField|String|false|false
17:39:34.0 (88921139)|VARIABLE_ASSIGNMENT|[66]|cmtField|"developername"
17:39:34.0 (88929212)|STATEMENT_EXECUTE|[66]
17:39:34.0 (88931412)|STATEMENT_EXECUTE|[67]
17:39:34.0 (88957137)|SYSTEM_MODE_ENTER|true
17:39:34.0 (89069876)|HEAP_ALLOCATE|[EXTERNAL]|Bytes:4
17:39:34.0 (89134883)|HEAP_ALLOCATE|[67]|Bytes:8
17:39:34.0 (89150117)|VARIABLE_SCOPE_BEGIN|[67]|tempFieldResult|Schema.DescribeFieldResult|true|false
17:39:34.0 (89229875)|VARIABLE_ASSIGNMENT|[67]|tempFieldResult|"common.api.soap.wsdl.Field@186d1d9b"|0x7756b567
17:39:34.0 (89248769)|STATEMENT_EXECUTE|[69]
17:39:34.0 (89263311)|HEAP_ALLOCATE|[66]|Bytes:5
17:39:34.0 (89280113)|VARIABLE_SCOPE_BEGIN|[66]|cmtField|String|false|false
17:39:34.0 (89295413)|VARIABLE_ASSIGNMENT|[66]|cmtField|"masterlabel"
17:39:34.0 (89302833)|STATEMENT_EXECUTE|[66]
17:39:34.0 (89306810)|STATEMENT_EXECUTE|[67]
17:39:34.0 (89330884)|SYSTEM_MODE_ENTER|true
17:39:34.0 (89439280)|HEAP_ALLOCATE|[EXTERNAL]|Bytes:4
17:39:34.0 (89497517)|HEAP_ALLOCATE|[67]|Bytes:8
17:39:34.0 (89512685)|VARIABLE_SCOPE_BEGIN|[67]|tempFieldResult|Schema.DescribeFieldResult|true|false
17:39:34.0 (89588248)|VARIABLE_ASSIGNMENT|[67]|tempFieldResult|"common.api.soap.wsdl.Field@fdf79968"|0x55cef1db
17:39:34.0 (89608218)|STATEMENT_EXECUTE|[69]
17:39:34.0 (89622212)|HEAP_ALLOCATE|[66]|Bytes:5
17:39:34.0 (89639814)|VARIABLE_SCOPE_BEGIN|[66]|cmtField|String|false|false
17:39:34.0 (89654783)|VARIABLE_ASSIGNMENT|[66]|cmtField|"language"
17:39:34.0 (89663874)|STATEMENT_EXECUTE|[66]
17:39:34.0 (89666019)|STATEMENT_EXECUTE|[67]
17:39:34.0 (89689872)|SYSTEM_MODE_ENTER|true
17:39:34.0 (89807757)|HEAP_ALLOCATE|[EXTERNAL]|Bytes:4
17:39:34.0 (89872625)|HEAP_ALLOCATE|[67]|Bytes:8
17:39:34.0 (89891421)|VARIABLE_SCOPE_BEGIN|[67]|tempFieldResult|Schema.DescribeFieldResult|true|false
17:39:34.0 (90075724)|VARIABLE_ASSIGNMENT|[67]|tempFieldResult|"common.api.soap.wsdl.Field@f3b5dc9e"|0x31b066e3
17:39:34.0 (90097875)|STATEMENT_EXECUTE|[69]
17:39:34.0 (90113805)|HEAP_ALLOCATE|[66]|Bytes:5
17:39:34.0 (90132438)|VARIABLE_SCOPE_BEGIN|[66]|cmtField|String|false|false
17:39:34.0 (90149552)|VARIABLE_ASSIGNMENT|[66]|cmtField|"namespaceprefix"
17:39:34.0 (90157303)|STATEMENT_EXECUTE|[66]
17:39:34.0 (90159442)|STATEMENT_EXECUTE|[67]
17:39:34.0 (90184345)|SYSTEM_MODE_ENTER|true
17:39:34.0 (90288472)|HEAP_ALLOCATE|[EXTERNAL]|Bytes:4
17:39:34.0 (90351695)|HEAP_ALLOCATE|[67]|Bytes:8
17:39:34.0 (90371017)|VARIABLE_SCOPE_BEGIN|[67]|tempFieldResult|Schema.DescribeFieldResult|true|false
17:39:34.0 (90456644)|VARIABLE_ASSIGNMENT|[67]|tempFieldResult|"common.api.soap.wsdl.Field@c808c634"|0x2a926f65
17:39:34.0 (90477237)|STATEMENT_EXECUTE|[69]
17:39:34.0 (90491773)|HEAP_ALLOCATE|[66]|Bytes:5
17:39:34.0 (90508975)|VARIABLE_SCOPE_BEGIN|[66]|cmtField|String|false|false
17:39:34.0 (90525548)|VARIABLE_ASSIGNMENT|[66]|cmtField|"label"
17:39:34.0 (90533281)|STATEMENT_EXECUTE|[66]
17:39:34.0 (90535485)|STATEMENT_EXECUTE|[67]
17:39:34.0 (90560371)|SYSTEM_MODE_ENTER|true
17:39:34.0 (90660686)|HEAP_ALLOCATE|[EXTERNAL]|Bytes:4
17:39:34.0 (90719045)|HEAP_ALLOCATE|[67]|Bytes:8
17:39:34.0 (90732690)|VARIABLE_SCOPE_BEGIN|[67]|tempFieldResult|Schema.DescribeFieldResult|true|false
17:39:34.0 (90809847)|VARIABLE_ASSIGNMENT|[67]|tempFieldResult|"common.api.soap.wsdl.Field@5f876670"|0x26cfa544
17:39:34.0 (90829556)|STATEMENT_EXECUTE|[69]
17:39:34.0 (90842778)|HEAP_ALLOCATE|[66]|Bytes:5
17:39:34.0 (90859432)|VARIABLE_SCOPE_BEGIN|[66]|cmtField|String|false|false
17:39:34.0 (90875855)|VARIABLE_ASSIGNMENT|[66]|cmtField|"qualifiedapiname"
17:39:34.0 (90883749)|STATEMENT_EXECUTE|[66]
17:39:34.0 (90885910)|STATEMENT_EXECUTE|[67]
17:39:34.0 (90909280)|SYSTEM_MODE_ENTER|true
17:39:34.0 (91004953)|HEAP_ALLOCATE|[EXTERNAL]|Bytes:4
17:39:34.0 (91064335)|HEAP_ALLOCATE|[67]|Bytes:8
17:39:34.0 (91077095)|VARIABLE_SCOPE_BEGIN|[67]|tempFieldResult|Schema.DescribeFieldResult|true|false
17:39:34.0 (91156917)|VARIABLE_ASSIGNMENT|[67]|tempFieldResult|"common.api.soap.wsdl.Field@1a58efc0"|0x1bbdb56b
17:39:34.0 (91174110)|STATEMENT_EXECUTE|[69]
17:39:34.0 (91187324)|HEAP_ALLOCATE|[66]|Bytes:5
17:39:34.0 (91201699)|VARIABLE_SCOPE_BEGIN|[66]|cmtField|String|false|false
17:39:34.0 (91220030)|VARIABLE_ASSIGNMENT|[66]|cmtField|"checkbox_field__c"
17:39:34.0 (91231736)|STATEMENT_EXECUTE|[66]
17:39:34.0 (91234621)|STATEMENT_EXECUTE|[67]
17:39:34.0 (91267823)|SYSTEM_MODE_ENTER|true
17:39:34.0 (91397681)|HEAP_ALLOCATE|[EXTERNAL]|Bytes:4
17:39:34.0 (91463039)|HEAP_ALLOCATE|[67]|Bytes:8
17:39:34.0 (91476927)|VARIABLE_SCOPE_BEGIN|[67]|tempFieldResult|Schema.DescribeFieldResult|true|false
17:39:34.0 (91555004)|VARIABLE_ASSIGNMENT|[67]|tempFieldResult|"common.api.soap.wsdl.Field@f35d8495"|0x28261de8
17:39:34.0 (91574649)|STATEMENT_EXECUTE|[69]
17:39:34.0 (91577101)|STATEMENT_EXECUTE|[70]
17:39:34.0 (91588275)|HEAP_ALLOCATE|[70]|Bytes:4
17:39:34.0 (91600329)|VARIABLE_SCOPE_BEGIN|[70]|describeFieldResult|Map<String,ANY>|true|false
17:39:34.0 (91622248)|VARIABLE_ASSIGNMENT|[70]|describeFieldResult|{}|0x1ab5af16
17:39:34.0 (91632951)|STATEMENT_EXECUTE|[71]
17:39:34.0 (91642335)|HEAP_ALLOCATE|[71]|Bytes:17
17:39:34.0 (91659447)|HEAP_ALLOCATE|[EXTERNAL]|Bytes:-4
17:39:34.0 (91669974)|STATEMENT_EXECUTE|[72]
17:39:34.0 (91677561)|HEAP_ALLOCATE|[72]|Bytes:14
17:39:34.0 (91689543)|HEAP_ALLOCATE|[EXTERNAL]|Bytes:-4
17:39:34.0 (91696646)|STATEMENT_EXECUTE|[73]
17:39:34.0 (91721242)|HEAP_ALLOCATE|[73]|Bytes:12
17:39:34.0 (91749767)|HEAP_ALLOCATE|[73]|Bytes:7
17:39:34.0 (91768522)|HEAP_ALLOCATE|[EXTERNAL]|Bytes:-4
17:39:34.0 (91783688)|HEAP_ALLOCATE|[75]|Bytes:12
17:39:34.0 (91800756)|HEAP_ALLOCATE|[75]|Bytes:7
17:39:34.0 (91828459)|STATEMENT_EXECUTE|[75]
17:39:34.0 (91831411)|STATEMENT_EXECUTE|[80]
17:39:34.0 (91841509)|HEAP_ALLOCATE|[EXTERNAL]|Bytes:4
17:39:34.0 (91852106)|STATEMENT_EXECUTE|[81]
17:39:34.0 (91857211)|HEAP_ALLOCATE|[81]|Bytes:17
17:39:34.0 (91869437)|HEAP_ALLOCATE|[EXTERNAL]|Bytes:4
17:39:34.0 (91887422)|HEAP_ALLOCATE|[66]|Bytes:5
17:39:34.0 (91903372)|VARIABLE_SCOPE_BEGIN|[66]|cmtField|String|false|false
17:39:34.0 (91920301)|VARIABLE_ASSIGNMENT|[66]|cmtField|"date_field__c"
17:39:34.0 (91929124)|STATEMENT_EXECUTE|[66]
17:39:34.0 (91931165)|STATEMENT_EXECUTE|[67]
17:39:34.0 (91954209)|SYSTEM_MODE_ENTER|true
17:39:34.0 (92059582)|HEAP_ALLOCATE|[EXTERNAL]|Bytes:4
17:39:34.0 (92126237)|HEAP_ALLOCATE|[67]|Bytes:8
17:39:34.0 (92139362)|VARIABLE_SCOPE_BEGIN|[67]|tempFieldResult|Schema.DescribeFieldResult|true|false
17:39:34.0 (92219019)|VARIABLE_ASSIGNMENT|[67]|tempFieldResult|"common.api.soap.wsdl.Field@9024cbf8"|0x1787e05c
17:39:34.0 (92239170)|STATEMENT_EXECUTE|[69]
17:39:34.0 (92241493)|STATEMENT_EXECUTE|[70]
17:39:34.0 (92252389)|HEAP_ALLOCATE|[70]|Bytes:4
17:39:34.0 (92261815)|VARIABLE_SCOPE_BEGIN|[70]|describeFieldResult|Map<String,ANY>|true|false
17:39:34.0 (92281073)|VARIABLE_ASSIGNMENT|[70]|describeFieldResult|{}|0x6eb5201c
17:39:34.0 (92291994)|STATEMENT_EXECUTE|[71]
17:39:34.0 (92298783)|HEAP_ALLOCATE|[71]|Bytes:13
17:39:34.0 (92313017)|HEAP_ALLOCATE|[EXTERNAL]|Bytes:-4
17:39:34.0 (92323911)|STATEMENT_EXECUTE|[72]
17:39:34.0 (92330285)|HEAP_ALLOCATE|[72]|Bytes:10
17:39:34.0 (92347673)|HEAP_ALLOCATE|[EXTERNAL]|Bytes:-4
17:39:34.0 (92367129)|STATEMENT_EXECUTE|[73]
17:39:34.0 (92388553)|HEAP_ALLOCATE|[73]|Bytes:12
17:39:34.0 (92414285)|HEAP_ALLOCATE|[73]|Bytes:4
17:39:34.0 (92432691)|HEAP_ALLOCATE|[EXTERNAL]|Bytes:-4
17:39:34.0 (92448695)|HEAP_ALLOCATE|[75]|Bytes:12
17:39:34.0 (92466893)|HEAP_ALLOCATE|[75]|Bytes:4
17:39:34.0 (92503553)|STATEMENT_EXECUTE|[75]
17:39:34.0 (92510082)|STATEMENT_EXECUTE|[80]
17:39:34.0 (92521202)|HEAP_ALLOCATE|[EXTERNAL]|Bytes:4
17:39:34.0 (92534195)|STATEMENT_EXECUTE|[81]
17:39:34.0 (92542941)|HEAP_ALLOCATE|[81]|Bytes:13
17:39:34.0 (92557463)|HEAP_ALLOCATE|[EXTERNAL]|Bytes:4
17:39:34.0 (92586278)|HEAP_ALLOCATE|[66]|Bytes:5
17:39:34.0 (92614031)|VARIABLE_SCOPE_BEGIN|[66]|cmtField|String|false|false
17:39:34.0 (92641897)|VARIABLE_ASSIGNMENT|[66]|cmtField|"date_time_field__c"
17:39:34.0 (92657760)|STATEMENT_EXECUTE|[66]
17:39:34.0 (92661113)|STATEMENT_EXECUTE|[67]
17:39:34.0 (92697422)|SYSTEM_MODE_ENTER|true
17:39:34.0 (92809698)|HEAP_ALLOCATE|[EXTERNAL]|Bytes:4
17:39:34.0 (92875009)|HEAP_ALLOCATE|[67]|Bytes:8
17:39:34.0 (92890298)|VARIABLE_SCOPE_BEGIN|[67]|tempFieldResult|Schema.DescribeFieldResult|true|false
17:39:34.0 (92970204)|VARIABLE_ASSIGNMENT|[67]|tempFieldResult|"common.api.soap.wsdl.Field@8bcaf23d"|0x7777ab4
17:39:34.0 (92987738)|STATEMENT_EXECUTE|[69]
17:39:34.0 (92991481)|STATEMENT_EXECUTE|[70]
17:39:34.0 (93001159)|HEAP_ALLOCATE|[70]|Bytes:4
17:39:34.0 (93012360)|VARIABLE_SCOPE_BEGIN|[70]|describeFieldResult|Map<String,ANY>|true|false
17:39:34.0 (93032252)|VARIABLE_ASSIGNMENT|[70]|describeFieldResult|{}|0x655e318e
17:39:34.0 (93041181)|STATEMENT_EXECUTE|[71]
17:39:34.0 (93048911)|HEAP_ALLOCATE|[71]|Bytes:18
17:39:34.0 (93062154)|HEAP_ALLOCATE|[EXTERNAL]|Bytes:-4
17:39:34.0 (93072720)|STATEMENT_EXECUTE|[72]
17:39:34.0 (93078564)|HEAP_ALLOCATE|[72]|Bytes:15
17:39:34.0 (93090209)|HEAP_ALLOCATE|[EXTERNAL]|Bytes:-4
17:39:34.0 (93098937)|STATEMENT_EXECUTE|[73]
17:39:34.0 (93114186)|HEAP_ALLOCATE|[73]|Bytes:12
17:39:34.0 (93138858)|HEAP_ALLOCATE|[73]|Bytes:8
17:39:34.0 (93156317)|HEAP_ALLOCATE|[EXTERNAL]|Bytes:-4
17:39:34.0 (93171806)|HEAP_ALLOCATE|[75]|Bytes:12
17:39:34.0 (93187896)|HEAP_ALLOCATE|[75]|Bytes:8
17:39:34.0 (93208010)|STATEMENT_EXECUTE|[75]
17:39:34.0 (93210640)|STATEMENT_EXECUTE|[80]
17:39:34.0 (93218505)|HEAP_ALLOCATE|[EXTERNAL]|Bytes:4
17:39:34.0 (93227369)|STATEMENT_EXECUTE|[81]
17:39:34.0 (93231455)|HEAP_ALLOCATE|[81]|Bytes:18
17:39:34.0 (93242379)|HEAP_ALLOCATE|[EXTERNAL]|Bytes:4
17:39:34.0 (93258380)|HEAP_ALLOCATE|[66]|Bytes:5
17:39:34.0 (93271351)|VARIABLE_SCOPE_BEGIN|[66]|cmtField|String|false|false
17:39:34.0 (93287632)|VARIABLE_ASSIGNMENT|[66]|cmtField|"email_field__c"
17:39:34.0 (93295793)|STATEMENT_EXECUTE|[66]
17:39:34.0 (93297854)|STATEMENT_EXECUTE|[67]
17:39:34.0 (93320915)|SYSTEM_MODE_ENTER|true
17:39:34.0 (93431604)|HEAP_ALLOCATE|[EXTERNAL]|Bytes:4
17:39:34.0 (93495254)|HEAP_ALLOCATE|[67]|Bytes:8
17:39:34.0 (93510453)|VARIABLE_SCOPE_BEGIN|[67]|tempFieldResult|Schema.DescribeFieldResult|true|false
17:39:34.0 (93589255)|VARIABLE_ASSIGNMENT|[67]|tempFieldResult|"common.api.soap.wsdl.Field@504a4f71"|0x41cfaee
17:39:34.0 (93606561)|STATEMENT_EXECUTE|[69]
17:39:34.0 (93608816)|STATEMENT_EXECUTE|[70]
17:39:34.0 (93618553)|HEAP_ALLOCATE|[70]|Bytes:4
17:39:34.0 (93627454)|VARIABLE_SCOPE_BEGIN|[70]|describeFieldResult|Map<String,ANY>|true|false
17:39:34.0 (93645733)|VARIABLE_ASSIGNMENT|[70]|describeFieldResult|{}|0x38a944c9
17:39:34.0 (93652644)|STATEMENT_EXECUTE|[71]
17:39:34.0 (93658714)|HEAP_ALLOCATE|[71]|Bytes:14
17:39:34.0 (93671689)|HEAP_ALLOCATE|[EXTERNAL]|Bytes:-4
17:39:34.0 (93680518)|STATEMENT_EXECUTE|[72]
17:39:34.0 (93686143)|HEAP_ALLOCATE|[72]|Bytes:11
17:39:34.0 (93694976)|HEAP_ALLOCATE|[EXTERNAL]|Bytes:-4
17:39:34.0 (93703800)|STATEMENT_EXECUTE|[73]
17:39:34.0 (93718861)|HEAP_ALLOCATE|[73]|Bytes:12
17:39:34.0 (93741532)|HEAP_ALLOCATE|[73]|Bytes:5
17:39:34.0 (93759797)|HEAP_ALLOCATE|[EXTERNAL]|Bytes:-4
17:39:34.0 (93772808)|HEAP_ALLOCATE|[75]|Bytes:12
17:39:34.0 (93788738)|HEAP_ALLOCATE|[75]|Bytes:5
17:39:34.0 (93807069)|STATEMENT_EXECUTE|[75]
17:39:34.0 (93809645)|STATEMENT_EXECUTE|[80]
17:39:34.0 (93818684)|HEAP_ALLOCATE|[EXTERNAL]|Bytes:4
17:39:34.0 (93826686)|STATEMENT_EXECUTE|[81]
17:39:34.0 (93831052)|HEAP_ALLOCATE|[81]|Bytes:14
17:39:34.0 (93841703)|HEAP_ALLOCATE|[EXTERNAL]|Bytes:4
17:39:34.0 (93857470)|HEAP_ALLOCATE|[66]|Bytes:5
17:39:34.0 (93872160)|VARIABLE_SCOPE_BEGIN|[66]|cmtField|String|false|false
17:39:34.0 (93886287)|VARIABLE_ASSIGNMENT|[66]|cmtField|"number_field__c"
17:39:34.0 (93893632)|STATEMENT_EXECUTE|[66]
17:39:34.0 (93895691)|STATEMENT_EXECUTE|[67]
17:39:34.0 (93918407)|SYSTEM_MODE_ENTER|true
17:39:34.0 (94634063)|HEAP_ALLOCATE|[EXTERNAL]|Bytes:4
17:39:34.0 (94700445)|HEAP_ALLOCATE|[67]|Bytes:8
17:39:34.0 (94714694)|VARIABLE_SCOPE_BEGIN|[67]|tempFieldResult|Schema.DescribeFieldResult|true|false
17:39:34.0 (94795564)|VARIABLE_ASSIGNMENT|[67]|tempFieldResult|"common.api.soap.wsdl.Field@f0eb043a"|0x3d7ccca7
17:39:34.0 (94814308)|STATEMENT_EXECUTE|[69]
17:39:34.0 (94816637)|STATEMENT_EXECUTE|[70]
17:39:34.0 (94826334)|HEAP_ALLOCATE|[70]|Bytes:4
17:39:34.0 (94836910)|VARIABLE_SCOPE_BEGIN|[70]|describeFieldResult|Map<String,ANY>|true|false
17:39:34.0 (94851931)|VARIABLE_ASSIGNMENT|[70]|describeFieldResult|{}|0x45b62c86
17:39:34.0 (94860685)|STATEMENT_EXECUTE|[71]
17:39:34.0 (94866920)|HEAP_ALLOCATE|[71]|Bytes:15
17:39:34.0 (94882016)|HEAP_ALLOCATE|[EXTERNAL]|Bytes:-4
17:39:34.0 (94892228)|STATEMENT_EXECUTE|[72]
17:39:34.0 (94897915)|HEAP_ALLOCATE|[72]|Bytes:12
17:39:34.0 (94908999)|HEAP_ALLOCATE|[EXTERNAL]|Bytes:-4
17:39:34.0 (94917161)|STATEMENT_EXECUTE|[73]
17:39:34.0 (94931859)|HEAP_ALLOCATE|[73]|Bytes:12
17:39:34.0 (94953942)|HEAP_ALLOCATE|[73]|Bytes:6
17:39:34.0 (94971792)|HEAP_ALLOCATE|[EXTERNAL]|Bytes:-4
17:39:34.0 (94986994)|HEAP_ALLOCATE|[75]|Bytes:12
17:39:34.0 (95003453)|HEAP_ALLOCATE|[75]|Bytes:6
17:39:34.0 (95024911)|STATEMENT_EXECUTE|[75]
17:39:34.0 (95029646)|STATEMENT_EXECUTE|[80]
17:39:34.0 (95037421)|HEAP_ALLOCATE|[EXTERNAL]|Bytes:4
17:39:34.0 (95047250)|STATEMENT_EXECUTE|[81]
17:39:34.0 (95051272)|HEAP_ALLOCATE|[81]|Bytes:15
17:39:34.0 (95061571)|HEAP_ALLOCATE|[EXTERNAL]|Bytes:4
17:39:34.0 (95078105)|HEAP_ALLOCATE|[66]|Bytes:5
17:39:34.0 (95093468)|VARIABLE_SCOPE_BEGIN|[66]|cmtField|String|false|false
17:39:34.0 (95111509)|VARIABLE_ASSIGNMENT|[66]|cmtField|"decimal_field__c"
17:39:34.0 (95119210)|STATEMENT_EXECUTE|[66]
17:39:34.0 (95121285)|STATEMENT_EXECUTE|[67]
17:39:34.0 (95144538)|SYSTEM_MODE_ENTER|true
17:39:34.0 (95249217)|HEAP_ALLOCATE|[EXTERNAL]|Bytes:4
17:39:34.0 (95311380)|HEAP_ALLOCATE|[67]|Bytes:8
17:39:34.0 (95326307)|VARIABLE_SCOPE_BEGIN|[67]|tempFieldResult|Schema.DescribeFieldResult|true|false
17:39:34.0 (95411337)|VARIABLE_ASSIGNMENT|[67]|tempFieldResult|"common.api.soap.wsdl.Field@531c6f68"|0x5e8fa689
17:39:34.0 (95428803)|STATEMENT_EXECUTE|[69]
17:39:34.0 (95432307)|STATEMENT_EXECUTE|[70]
17:39:34.0 (95441800)|HEAP_ALLOCATE|[70]|Bytes:4
17:39:34.0 (95453069)|VARIABLE_SCOPE_BEGIN|[70]|describeFieldResult|Map<String,ANY>|true|false
17:39:34.0 (95472832)|VARIABLE_ASSIGNMENT|[70]|describeFieldResult|{}|0x6bd3478
17:39:34.0 (95483016)|STATEMENT_EXECUTE|[71]
17:39:34.0 (95489345)|HEAP_ALLOCATE|[71]|Bytes:16
17:39:34.0 (95504418)|HEAP_ALLOCATE|[EXTERNAL]|Bytes:-4
17:39:34.0 (95512958)|STATEMENT_EXECUTE|[72]
17:39:34.0 (95518582)|HEAP_ALLOCATE|[72]|Bytes:13
17:39:34.0 (95527754)|HEAP_ALLOCATE|[EXTERNAL]|Bytes:-4
17:39:34.0 (95537044)|STATEMENT_EXECUTE|[73]
17:39:34.0 (95551084)|HEAP_ALLOCATE|[73]|Bytes:12
17:39:34.0 (95573240)|HEAP_ALLOCATE|[73]|Bytes:6
17:39:34.0 (95591495)|HEAP_ALLOCATE|[EXTERNAL]|Bytes:-4
17:39:34.0 (95604470)|HEAP_ALLOCATE|[75]|Bytes:12
17:39:34.0 (95618210)|HEAP_ALLOCATE|[75]|Bytes:6
17:39:34.0 (95636246)|STATEMENT_EXECUTE|[75]
17:39:34.0 (95638766)|STATEMENT_EXECUTE|[80]
17:39:34.0 (95646569)|HEAP_ALLOCATE|[EXTERNAL]|Bytes:4
17:39:34.0 (95656664)|STATEMENT_EXECUTE|[81]
17:39:34.0 (95660745)|HEAP_ALLOCATE|[81]|Bytes:16
17:39:34.0 (95671231)|HEAP_ALLOCATE|[EXTERNAL]|Bytes:4
17:39:34.0 (95687075)|HEAP_ALLOCATE|[66]|Bytes:5
17:39:34.0 (95700225)|VARIABLE_SCOPE_BEGIN|[66]|cmtField|String|false|false
17:39:34.0 (95716281)|VARIABLE_ASSIGNMENT|[66]|cmtField|"percent_field__c"
17:39:34.0 (95724220)|STATEMENT_EXECUTE|[66]
17:39:34.0 (95726251)|STATEMENT_EXECUTE|[67]
17:39:34.0 (95750219)|SYSTEM_MODE_ENTER|true
17:39:34.0 (95850046)|HEAP_ALLOCATE|[EXTERNAL]|Bytes:4
17:39:34.0 (95911350)|HEAP_ALLOCATE|[67]|Bytes:8
17:39:34.0 (95925671)|VARIABLE_SCOPE_BEGIN|[67]|tempFieldResult|Schema.DescribeFieldResult|true|false
17:39:34.0 (96003691)|VARIABLE_ASSIGNMENT|[67]|tempFieldResult|"common.api.soap.wsdl.Field@19a234ce"|0x1e65a747
17:39:34.0 (96023588)|STATEMENT_EXECUTE|[69]
17:39:34.0 (96025977)|STATEMENT_EXECUTE|[70]
17:39:34.0 (96035238)|HEAP_ALLOCATE|[70]|Bytes:4
17:39:34.0 (96046002)|VARIABLE_SCOPE_BEGIN|[70]|describeFieldResult|Map<String,ANY>|true|false
17:39:34.0 (96062603)|VARIABLE_ASSIGNMENT|[70]|describeFieldResult|{}|0x36b0db0a
17:39:34.0 (96069721)|STATEMENT_EXECUTE|[71]
17:39:34.0 (96076278)|HEAP_ALLOCATE|[71]|Bytes:16
17:39:34.0 (96089982)|HEAP_ALLOCATE|[EXTERNAL]|Bytes:-4
17:39:34.0 (96098243)|STATEMENT_EXECUTE|[72]
17:39:34.0 (96103900)|HEAP_ALLOCATE|[72]|Bytes:13
17:39:34.0 (96112826)|HEAP_ALLOCATE|[EXTERNAL]|Bytes:-4
17:39:34.0 (96119615)|STATEMENT_EXECUTE|[73]
17:39:34.0 (96135233)|HEAP_ALLOCATE|[73]|Bytes:12
17:39:34.0 (96155623)|HEAP_ALLOCATE|[73]|Bytes:7
17:39:34.0 (96171238)|HEAP_ALLOCATE|[EXTERNAL]|Bytes:-4
17:39:34.0 (96185163)|HEAP_ALLOCATE|[75]|Bytes:12
17:39:34.0 (96199933)|HEAP_ALLOCATE|[75]|Bytes:7
17:39:34.0 (96218345)|STATEMENT_EXECUTE|[75]
17:39:34.0 (96220955)|STATEMENT_EXECUTE|[80]
17:39:34.0 (96228746)|HEAP_ALLOCATE|[EXTERNAL]|Bytes:4
17:39:34.0 (96239107)|STATEMENT_EXECUTE|[81]
17:39:34.0 (96243328)|HEAP_ALLOCATE|[81]|Bytes:16
17:39:34.0 (96254003)|HEAP_ALLOCATE|[EXTERNAL]|Bytes:4
17:39:34.0 (96271855)|HEAP_ALLOCATE|[66]|Bytes:5
17:39:34.0 (96287115)|VARIABLE_SCOPE_BEGIN|[66]|cmtField|String|false|false
17:39:34.0 (96303671)|VARIABLE_ASSIGNMENT|[66]|cmtField|"phone_field__c"
17:39:34.0 (96312952)|STATEMENT_EXECUTE|[66]
17:39:34.0 (96314981)|STATEMENT_EXECUTE|[67]
17:39:34.0 (96337629)|SYSTEM_MODE_ENTER|true
17:39:34.0 (96445597)|HEAP_ALLOCATE|[EXTERNAL]|Bytes:4
17:39:34.0 (96511015)|HEAP_ALLOCATE|[67]|Bytes:8
17:39:34.0 (96524861)|VARIABLE_SCOPE_BEGIN|[67]|tempFieldResult|Schema.DescribeFieldResult|true|false
17:39:34.0 (96605120)|VARIABLE_ASSIGNMENT|[67]|tempFieldResult|"common.api.soap.wsdl.Field@4d8cd9eb"|0x32f5b504
17:39:34.0 (96625353)|STATEMENT_EXECUTE|[69]
17:39:34.0 (96627684)|STATEMENT_EXECUTE|[70]
17:39:34.0 (96638380)|HEAP_ALLOCATE|[70]|Bytes:4
17:39:34.0 (96649097)|VARIABLE_SCOPE_BEGIN|[70]|describeFieldResult|Map<String,ANY>|true|false
17:39:34.0 (96668358)|VARIABLE_ASSIGNMENT|[70]|describeFieldResult|{}|0x7517d0f2
17:39:34.0 (96679320)|STATEMENT_EXECUTE|[71]
17:39:34.0 (96685353)|HEAP_ALLOCATE|[71]|Bytes:14
17:39:34.0 (96704402)|HEAP_ALLOCATE|[EXTERNAL]|Bytes:-4
17:39:34.0 (96715304)|STATEMENT_EXECUTE|[72]
17:39:34.0 (96721831)|HEAP_ALLOCATE|[72]|Bytes:11
17:39:34.0 (96733342)|HEAP_ALLOCATE|[EXTERNAL]|Bytes:-4
17:39:34.0 (96742184)|STATEMENT_EXECUTE|[73]
17:39:34.0 (96757336)|HEAP_ALLOCATE|[73]|Bytes:12
17:39:34.0 (96778667)|HEAP_ALLOCATE|[73]|Bytes:5
17:39:34.0 (96795831)|HEAP_ALLOCATE|[EXTERNAL]|Bytes:-4
17:39:34.0 (96810715)|HEAP_ALLOCATE|[75]|Bytes:12
17:39:34.0 (96827184)|HEAP_ALLOCATE|[75]|Bytes:5
17:39:34.0 (96849322)|STATEMENT_EXECUTE|[75]
17:39:34.0 (96851965)|STATEMENT_EXECUTE|[80]
17:39:34.0 (96859733)|HEAP_ALLOCATE|[EXTERNAL]|Bytes:4
17:39:34.0 (96869233)|STATEMENT_EXECUTE|[81]
17:39:34.0 (96873543)|HEAP_ALLOCATE|[81]|Bytes:14
17:39:34.0 (96883264)|HEAP_ALLOCATE|[EXTERNAL]|Bytes:4
17:39:34.0 (96900408)|HEAP_ALLOCATE|[66]|Bytes:5
17:39:34.0 (96915739)|VARIABLE_SCOPE_BEGIN|[66]|cmtField|String|false|false
17:39:34.0 (96933478)|VARIABLE_ASSIGNMENT|[66]|cmtField|"text_field__c"
17:39:34.0 (96941500)|STATEMENT_EXECUTE|[66]
17:39:34.0 (96943580)|STATEMENT_EXECUTE|[67]
17:39:34.0 (96968426)|SYSTEM_MODE_ENTER|true
17:39:34.0 (97071456)|HEAP_ALLOCATE|[EXTERNAL]|Bytes:4
17:39:34.0 (97135794)|HEAP_ALLOCATE|[67]|Bytes:8
17:39:34.0 (97151053)|VARIABLE_SCOPE_BEGIN|[67]|tempFieldResult|Schema.DescribeFieldResult|true|false
17:39:34.0 (97232957)|VARIABLE_ASSIGNMENT|[67]|tempFieldResult|"common.api.soap.wsdl.Field@b47441b8"|0x5198f1a1
17:39:34.0 (97251819)|STATEMENT_EXECUTE|[69]
17:39:34.0 (97254350)|STATEMENT_EXECUTE|[70]
17:39:34.0 (97264051)|HEAP_ALLOCATE|[70]|Bytes:4
17:39:34.0 (97274906)|VARIABLE_SCOPE_BEGIN|[70]|describeFieldResult|Map<String,ANY>|true|false
17:39:34.0 (97294153)|VARIABLE_ASSIGNMENT|[70]|describeFieldResult|{}|0x5834a27c
17:39:34.0 (97303052)|STATEMENT_EXECUTE|[71]
17:39:34.0 (97309475)|HEAP_ALLOCATE|[71]|Bytes:13
17:39:34.0 (97322515)|HEAP_ALLOCATE|[EXTERNAL]|Bytes:-4
17:39:34.0 (97333221)|STATEMENT_EXECUTE|[72]
17:39:34.0 (97338638)|HEAP_ALLOCATE|[72]|Bytes:10
17:39:34.0 (97350013)|HEAP_ALLOCATE|[EXTERNAL]|Bytes:-4
17:39:34.0 (97365315)|STATEMENT_EXECUTE|[73]
17:39:34.0 (97383496)|HEAP_ALLOCATE|[73]|Bytes:12
17:39:34.0 (97405730)|HEAP_ALLOCATE|[73]|Bytes:6
17:39:34.0 (97423594)|HEAP_ALLOCATE|[EXTERNAL]|Bytes:-4
17:39:34.0 (97439502)|HEAP_ALLOCATE|[75]|Bytes:12
17:39:34.0 (97455991)|HEAP_ALLOCATE|[75]|Bytes:6
17:39:34.0 (97475594)|STATEMENT_EXECUTE|[75]
17:39:34.0 (97478213)|STATEMENT_EXECUTE|[80]
17:39:34.0 (97486057)|HEAP_ALLOCATE|[EXTERNAL]|Bytes:4
17:39:34.0 (97496262)|STATEMENT_EXECUTE|[81]
17:39:34.0 (97500538)|HEAP_ALLOCATE|[81]|Bytes:13
17:39:34.0 (97511819)|HEAP_ALLOCATE|[EXTERNAL]|Bytes:4
17:39:34.0 (97529295)|HEAP_ALLOCATE|[66]|Bytes:5
17:39:34.0 (97542741)|VARIABLE_SCOPE_BEGIN|[66]|cmtField|String|false|false
17:39:34.0 (97557769)|VARIABLE_ASSIGNMENT|[66]|cmtField|"text_area_field__c"
17:39:34.0 (97565280)|STATEMENT_EXECUTE|[66]
17:39:34.0 (97567364)|STATEMENT_EXECUTE|[67]
17:39:34.0 (97591423)|SYSTEM_MODE_ENTER|true
17:39:34.0 (97691212)|HEAP_ALLOCATE|[EXTERNAL]|Bytes:4
17:39:34.0 (97750252)|HEAP_ALLOCATE|[67]|Bytes:8
17:39:34.0 (97765879)|VARIABLE_SCOPE_BEGIN|[67]|tempFieldResult|Schema.DescribeFieldResult|true|false
17:39:34.0 (97846111)|VARIABLE_ASSIGNMENT|[67]|tempFieldResult|"common.api.soap.wsdl.Field@24d427ae"|0x557b8299
17:39:34.0 (97865325)|STATEMENT_EXECUTE|[69]
17:39:34.0 (97867693)|STATEMENT_EXECUTE|[70]
17:39:34.0 (97877141)|HEAP_ALLOCATE|[70]|Bytes:4
17:39:34.0 (97886032)|VARIABLE_SCOPE_BEGIN|[70]|describeFieldResult|Map<String,ANY>|true|false
17:39:34.0 (97900648)|VARIABLE_ASSIGNMENT|[70]|describeFieldResult|{}|0xd5081f5
17:39:34.0 (97907925)|STATEMENT_EXECUTE|[71]
17:39:34.0 (97913742)|HEAP_ALLOCATE|[71]|Bytes:18
17:39:34.0 (97926954)|HEAP_ALLOCATE|[EXTERNAL]|Bytes:-4
17:39:34.0 (97935859)|STATEMENT_EXECUTE|[72]
17:39:34.0 (97941642)|HEAP_ALLOCATE|[72]|Bytes:15
17:39:34.0 (97952274)|HEAP_ALLOCATE|[EXTERNAL]|Bytes:-4
17:39:34.0 (97959431)|STATEMENT_EXECUTE|[73]
17:39:34.0 (97977053)|HEAP_ALLOCATE|[73]|Bytes:12
17:39:34.0 (97998788)|HEAP_ALLOCATE|[73]|Bytes:8
17:39:34.0 (98014142)|HEAP_ALLOCATE|[EXTERNAL]|Bytes:-4
17:39:34.0 (98030145)|HEAP_ALLOCATE|[75]|Bytes:12
17:39:34.0 (98044932)|HEAP_ALLOCATE|[75]|Bytes:8
17:39:34.0 (98065764)|STATEMENT_EXECUTE|[75]
17:39:34.0 (98069731)|STATEMENT_EXECUTE|[80]
17:39:34.0 (98077709)|HEAP_ALLOCATE|[EXTERNAL]|Bytes:4
17:39:34.0 (98085700)|STATEMENT_EXECUTE|[81]
17:39:34.0 (98091394)|HEAP_ALLOCATE|[81]|Bytes:18
17:39:34.0 (98100208)|HEAP_ALLOCATE|[EXTERNAL]|Bytes:4
17:39:34.0 (98116086)|HEAP_ALLOCATE|[66]|Bytes:5
17:39:34.0 (98129331)|VARIABLE_SCOPE_BEGIN|[66]|cmtField|String|false|false
17:39:34.0 (98144177)|VARIABLE_ASSIGNMENT|[66]|cmtField|"text_area_long_field (3 more) ..."
17:39:34.0 (98150263)|STATEMENT_EXECUTE|[66]
17:39:34.0 (98152338)|STATEMENT_EXECUTE|[67]
17:39:34.0 (98174783)|SYSTEM_MODE_ENTER|true
17:39:34.0 (98278981)|HEAP_ALLOCATE|[EXTERNAL]|Bytes:4
17:39:34.0 (98338635)|HEAP_ALLOCATE|[67]|Bytes:8
17:39:34.0 (98351544)|VARIABLE_SCOPE_BEGIN|[67]|tempFieldResult|Schema.DescribeFieldResult|true|false
17:39:34.0 (98432385)|VARIABLE_ASSIGNMENT|[67]|tempFieldResult|"common.api.soap.wsdl.Field@f227259d"|0x816c892
17:39:34.0 (98452023)|STATEMENT_EXECUTE|[69]
17:39:34.0 (98454356)|STATEMENT_EXECUTE|[70]
17:39:34.0 (98464891)|HEAP_ALLOCATE|[70]|Bytes:4
17:39:34.0 (98474011)|VARIABLE_SCOPE_BEGIN|[70]|describeFieldResult|Map<String,ANY>|true|false
17:39:34.0 (98492760)|VARIABLE_ASSIGNMENT|[70]|describeFieldResult|{}|0x1d3afde5
17:39:34.0 (98503321)|STATEMENT_EXECUTE|[71]
17:39:34.0 (98509276)|HEAP_ALLOCATE|[71]|Bytes:23
17:39:34.0 (98523900)|HEAP_ALLOCATE|[EXTERNAL]|Bytes:-4
17:39:34.0 (98532668)|STATEMENT_EXECUTE|[72]
17:39:34.0 (98539857)|HEAP_ALLOCATE|[72]|Bytes:20
17:39:34.0 (98549561)|HEAP_ALLOCATE|[EXTERNAL]|Bytes:-4
17:39:34.0 (98558449)|STATEMENT_EXECUTE|[73]
17:39:34.0 (98575119)|HEAP_ALLOCATE|[73]|Bytes:12
17:39:34.0 (98597684)|HEAP_ALLOCATE|[73]|Bytes:8
17:39:34.0 (98614729)|HEAP_ALLOCATE|[EXTERNAL]|Bytes:-4
17:39:34.0 (98630152)|HEAP_ALLOCATE|[75]|Bytes:12
17:39:34.0 (98646283)|HEAP_ALLOCATE|[75]|Bytes:8
17:39:34.0 (98666482)|STATEMENT_EXECUTE|[75]
17:39:34.0 (98669107)|STATEMENT_EXECUTE|[80]
17:39:34.0 (98678739)|HEAP_ALLOCATE|[EXTERNAL]|Bytes:4
17:39:34.0 (98687149)|STATEMENT_EXECUTE|[81]
17:39:34.0 (98691193)|HEAP_ALLOCATE|[81]|Bytes:23
17:39:34.0 (98701975)|HEAP_ALLOCATE|[EXTERNAL]|Bytes:4
17:39:34.0 (98719654)|HEAP_ALLOCATE|[66]|Bytes:5
17:39:34.0 (98735855)|VARIABLE_SCOPE_BEGIN|[66]|cmtField|String|false|false
17:39:34.0 (98752050)|VARIABLE_ASSIGNMENT|[66]|cmtField|"url_field__c"
17:39:34.0 (98759356)|STATEMENT_EXECUTE|[66]
17:39:34.0 (98762916)|STATEMENT_EXECUTE|[67]
17:39:34.0 (98785355)|SYSTEM_MODE_ENTER|true
17:39:34.0 (98886881)|HEAP_ALLOCATE|[EXTERNAL]|Bytes:4
17:39:34.0 (98951263)|HEAP_ALLOCATE|[67]|Bytes:8
17:39:34.0 (98966486)|VARIABLE_SCOPE_BEGIN|[67]|tempFieldResult|Schema.DescribeFieldResult|true|false
17:39:34.0 (99046018)|VARIABLE_ASSIGNMENT|[67]|tempFieldResult|"common.api.soap.wsdl.Field@359c9816"|0x4925f024
17:39:34.0 (99066263)|STATEMENT_EXECUTE|[69]
17:39:34.0 (99068635)|STATEMENT_EXECUTE|[70]
17:39:34.0 (99079282)|HEAP_ALLOCATE|[70]|Bytes:4
17:39:34.0 (99088271)|VARIABLE_SCOPE_BEGIN|[70]|describeFieldResult|Map<String,ANY>|true|false
17:39:34.0 (99108720)|VARIABLE_ASSIGNMENT|[70]|describeFieldResult|{}|0x3e1321ea
17:39:34.0 (99119192)|STATEMENT_EXECUTE|[71]
17:39:34.0 (99125195)|HEAP_ALLOCATE|[71]|Bytes:12
17:39:34.0 (99140238)|HEAP_ALLOCATE|[EXTERNAL]|Bytes:-4
17:39:34.0 (99151271)|STATEMENT_EXECUTE|[72]
17:39:34.0 (99156907)|HEAP_ALLOCATE|[72]|Bytes:9
17:39:34.0 (99168034)|HEAP_ALLOCATE|[EXTERNAL]|Bytes:-4
17:39:34.0 (99175348)|STATEMENT_EXECUTE|[73]
17:39:34.0 (99191669)|HEAP_ALLOCATE|[73]|Bytes:12
17:39:34.0 (99213437)|HEAP_ALLOCATE|[73]|Bytes:3
17:39:34.0 (99236101)|HEAP_ALLOCATE|[EXTERNAL]|Bytes:-4
17:39:34.0 (99251589)|HEAP_ALLOCATE|[75]|Bytes:12
17:39:34.0 (99268041)|HEAP_ALLOCATE|[75]|Bytes:3
17:39:34.0 (99288248)|STATEMENT_EXECUTE|[75]
17:39:34.0 (99290916)|STATEMENT_EXECUTE|[80]
17:39:34.0 (99300161)|HEAP_ALLOCATE|[EXTERNAL]|Bytes:4
17:39:34.0 (99308213)|STATEMENT_EXECUTE|[81]
17:39:34.0 (99312328)|HEAP_ALLOCATE|[81]|Bytes:12
17:39:34.0 (99323191)|HEAP_ALLOCATE|[EXTERNAL]|Bytes:4
17:39:34.0 (99340955)|HEAP_ALLOCATE|[66]|Bytes:5
17:39:34.0 (99356152)|VARIABLE_SCOPE_BEGIN|[66]|cmtField|String|false|false
17:39:34.0 (99379728)|VARIABLE_ASSIGNMENT|[66]|cmtField|"picklist_field__c"
17:39:34.0 (99387568)|STATEMENT_EXECUTE|[66]
17:39:34.0 (99389616)|STATEMENT_EXECUTE|[67]
17:39:34.0 (99412476)|SYSTEM_MODE_ENTER|true
17:39:34.0 (99516184)|HEAP_ALLOCATE|[EXTERNAL]|Bytes:4
17:39:34.0 (99578913)|HEAP_ALLOCATE|[67]|Bytes:8
17:39:34.0 (99592010)|VARIABLE_SCOPE_BEGIN|[67]|tempFieldResult|Schema.DescribeFieldResult|true|false
17:39:34.0 (100348369)|VARIABLE_ASSIGNMENT|[67]|tempFieldResult|"common.api.soap.wsdl.Field@d72e5361"|0x4795b615
17:39:34.0 (100380052)|STATEMENT_EXECUTE|[69]
17:39:34.0 (100382856)|STATEMENT_EXECUTE|[70]
17:39:34.0 (100395068)|HEAP_ALLOCATE|[70]|Bytes:4
17:39:34.0 (100406883)|VARIABLE_SCOPE_BEGIN|[70]|describeFieldResult|Map<String,ANY>|true|false
17:39:34.0 (100427624)|VARIABLE_ASSIGNMENT|[70]|describeFieldResult|{}|0x3a15766c
17:39:34.0 (100438171)|STATEMENT_EXECUTE|[71]
17:39:34.0 (100450159)|HEAP_ALLOCATE|[71]|Bytes:17
17:39:34.0 (100469034)|HEAP_ALLOCATE|[EXTERNAL]|Bytes:-4
17:39:34.0 (100480520)|STATEMENT_EXECUTE|[72]
17:39:34.0 (100486700)|HEAP_ALLOCATE|[72]|Bytes:14
17:39:34.0 (100498805)|HEAP_ALLOCATE|[EXTERNAL]|Bytes:-4
17:39:34.0 (100507529)|STATEMENT_EXECUTE|[73]
17:39:34.0 (100524002)|HEAP_ALLOCATE|[73]|Bytes:12
17:39:34.0 (100548555)|HEAP_ALLOCATE|[73]|Bytes:8
17:39:34.0 (100567323)|HEAP_ALLOCATE|[EXTERNAL]|Bytes:-4
17:39:34.0 (100583085)|HEAP_ALLOCATE|[75]|Bytes:12
17:39:34.0 (100599692)|HEAP_ALLOCATE|[75]|Bytes:8
17:39:34.0 (100625977)|STATEMENT_EXECUTE|[75]
17:39:34.0 (100628573)|STATEMENT_EXECUTE|[76]
17:39:34.0 (100673926)|HEAP_ALLOCATE|[EXTERNAL]|Bytes:16
17:39:34.0 (100761005)|HEAP_ALLOCATE|[76]|Bytes:16
17:39:34.0 (100774255)|VARIABLE_SCOPE_BEGIN|[76]|tempPicklistEntries|List<Schema.PicklistEntry>|true|false
17:39:34.0 (100806961)|VARIABLE_ASSIGNMENT|[76]|tempPicklistEntries|[A,B,C]|0x6ace5b30
17:39:34.0 (100815979)|STATEMENT_EXECUTE|[77]
17:39:34.0 (100820949)|HEAP_ALLOCATE|[77]|Bytes:14
17:39:34.0 (100880069)|HEAP_ALLOCATE|[EXTERNAL]|Bytes:-4
17:39:34.0 (100892951)|STATEMENT_EXECUTE|[80]
17:39:34.0 (100900692)|HEAP_ALLOCATE|[EXTERNAL]|Bytes:4
17:39:34.0 (100909316)|STATEMENT_EXECUTE|[81]
17:39:34.0 (100914233)|HEAP_ALLOCATE|[81]|Bytes:17
17:39:34.0 (100923268)|HEAP_ALLOCATE|[EXTERNAL]|Bytes:4
17:39:34.0 (100941233)|HEAP_ALLOCATE|[66]|Bytes:5
17:39:34.0 (100959278)|VARIABLE_ASSIGNMENT|[66]|cmtField|null
17:39:34.0 (100968123)|STATEMENT_EXECUTE|[85]
17:39:34.0 (101000753)|HEAP_ALLOCATE|[86]|Bytes:5
17:39:34.0 (101011805)|HEAP_ALLOCATE|[86]|Bytes:17
17:39:34.0 (101018301)|HEAP_ALLOCATE|[86]|Bytes:5
17:39:34.0 (101024539)|HEAP_ALLOCATE|[86]|Bytes:13
17:39:34.0 (101031496)|HEAP_ALLOCATE|[86]|Bytes:5
17:39:34.0 (101037916)|HEAP_ALLOCATE|[86]|Bytes:18
17:39:34.0 (101044162)|HEAP_ALLOCATE|[86]|Bytes:5
17:39:34.0 (101048635)|HEAP_ALLOCATE|[86]|Bytes:14
17:39:34.0 (101055115)|HEAP_ALLOCATE|[86]|Bytes:5
17:39:34.0 (101061558)|HEAP_ALLOCATE|[86]|Bytes:15
17:39:34.0 (101068088)|HEAP_ALLOCATE|[86]|Bytes:5
17:39:34.0 (101074726)|HEAP_ALLOCATE|[86]|Bytes:16
17:39:34.0 (101079539)|HEAP_ALLOCATE|[86]|Bytes:5
17:39:34.0 (101085679)|HEAP_ALLOCATE|[86]|Bytes:16
17:39:34.0 (101092439)|HEAP_ALLOCATE|[86]|Bytes:5
17:39:34.0 (101098544)|HEAP_ALLOCATE|[86]|Bytes:14
17:39:34.0 (101104445)|HEAP_ALLOCATE|[86]|Bytes:5
17:39:34.0 (101109010)|HEAP_ALLOCATE|[86]|Bytes:13
17:39:34.0 (101115810)|HEAP_ALLOCATE|[86]|Bytes:5
17:39:34.0 (101122057)|HEAP_ALLOCATE|[86]|Bytes:18
17:39:34.0 (101128301)|HEAP_ALLOCATE|[86]|Bytes:5
17:39:34.0 (101132614)|HEAP_ALLOCATE|[86]|Bytes:23
17:39:34.0 (101138870)|HEAP_ALLOCATE|[86]|Bytes:5
17:39:34.0 (101145017)|HEAP_ALLOCATE|[86]|Bytes:12
17:39:34.0 (101151228)|HEAP_ALLOCATE|[86]|Bytes:5
17:39:34.0 (101155926)|HEAP_ALLOCATE|[86]|Bytes:17
17:39:34.0 (101162136)|HEAP_ALLOCATE|[86]|Bytes:5
17:39:34.0 (101168938)|HEAP_ALLOCATE|[86]|Bytes:230
17:39:34.0 (101188869)|HEAP_ALLOCATE|[86]|Bytes:16
17:39:34.0 (101200579)|HEAP_ALLOCATE|[85]|Bytes:287
17:39:34.0 (101206158)|VARIABLE_SCOPE_BEGIN|[85]|queryString|String|false|false
17:39:34.0 (101225977)|VARIABLE_ASSIGNMENT|[85]|queryString|"SELECT MasterLabel,  (267 more) ..."
17:39:34.0 (101234875)|STATEMENT_EXECUTE|[87]
17:39:34.0 (101797189)|SOQL_EXECUTE_BEGIN|[87]|Aggregations:0|SELECT MasterLabel, DeveloperName, Checkbox_Field__c, Date_Field__c, Date_Time_Field__c, Email_Field__c, Number_Field__c, Decimal_Field__c, Percent_Field__c, Phone_Field__c, Text_Field__c, Text_Area_Field__c, Text_Area_Long_Field__c, URL_Field__c, Picklist_Field__c FROM Example_CMT__mdt
17:39:34.0 (107142884)|SOQL_EXECUTE_END|[87]|Rows:1
17:39:34.0 (107177865)|HEAP_ALLOCATE|[87]|Bytes:8
17:39:34.0 (107216720)|HEAP_ALLOCATE|[87]|Bytes:94
17:39:34.0 (107304140)|HEAP_ALLOCATE|[87]|Bytes:8
17:39:34.0 (107327927)|VARIABLE_SCOPE_BEGIN|[87]|records|List<SObject>|true|false
17:39:34.0 (107375685)|VARIABLE_ASSIGNMENT|[87]|records|[{"MasterLabel":"Test","DeveloperName":"Test","Checkbox_Field__c":false,"Id":"m031D0000013RiQQAU"}]|0x6cb40c87
17:39:34.0 (107390414)|STATEMENT_EXECUTE|[88]
17:39:34.0 (107410050)|HEAP_ALLOCATE|[88]|Bytes:4
17:39:34.0 (107428035)|VARIABLE_SCOPE_BEGIN|[88]|recordMap|Map<String,SObject>|true|false
17:39:34.0 (107459842)|VARIABLE_ASSIGNMENT|[88]|recordMap|{}|0x533f741b
17:39:34.0 (107716259)|HEAP_ALLOCATE|[90]|Bytes:5
17:39:34.0 (107758653)|HEAP_ALLOCATE|[90]|Bytes:20
17:39:34.0 (107783394)|VARIABLE_SCOPE_BEGIN|[90]|record|SObject|true|false
17:39:34.0 (107813031)|VARIABLE_ASSIGNMENT|[90]|record|{"MasterLabel":"Test","DeveloperName":"Test","Checkbox_Field__c":false,"Id":"m031D0000013RiQQAU"}|0x26ce40b4
17:39:34.0 (107826355)|STATEMENT_EXECUTE|[90]
17:39:34.0 (107828843)|STATEMENT_EXECUTE|[91]
17:39:34.0 (107882980)|HEAP_ALLOCATE|[91]|Bytes:4
17:39:34.0 (107909316)|HEAP_ALLOCATE|[91]|Bytes:4
17:39:34.0 (107935416)|HEAP_ALLOCATE|[EXTERNAL]|Bytes:-4
17:39:34.0 (107956736)|HEAP_ALLOCATE|[90]|Bytes:5
17:39:34.0 (107974154)|VARIABLE_ASSIGNMENT|[90]|record|null|
17:39:34.0 (107983565)|STATEMENT_EXECUTE|[93]
17:39:34.0 (107992555)|HEAP_ALLOCATE|[93]|Bytes:12
17:39:34.0 (108014147)|CONSTRUCTOR_ENTRY|[93]|01p1D00000W0Q32|<init>(Map<String,SObject>,List<Map<String,ANY>>)|CustomMetadataTypeWrapper
17:39:34.0 (108029256)|VARIABLE_SCOPE_BEGIN|[15]|this|CustomMetadataTypeWrapper|true|false
17:39:34.0 (108070410)|VARIABLE_ASSIGNMENT|[15]|this|{}|0x35df3d87
17:39:34.0 (108080928)|VARIABLE_SCOPE_BEGIN|[15]|recordMap|Map<String,SObject>|true|false
17:39:34.0 (108106162)|VARIABLE_ASSIGNMENT|[15]|recordMap|{"Test":{"MasterLabel":"Test","DeveloperName":"Test","Checkbox_Field__c":false,"Id":"m031D0000013RiQQAU"}}|0x533f741b
17:39:34.0 (108116177)|VARIABLE_SCOPE_BEGIN|[15]|stringDescribeResult|List<Map<String,ANY>>|true|false
17:39:34.0 (108135970)|VARIABLE_ASSIGNMENT|[15]|stringDescribeResult|"List of size 13 too large to display"|0x6c1734e4
17:39:34.0 (108153999)|HEAP_ALLOCATE|[16]|Bytes:5
17:39:34.0 (108161689)|STATEMENT_EXECUTE|[8]
17:39:34.0 (108165498)|HEAP_ALLOCATE|[16]|Bytes:5
17:39:34.0 (108171526)|STATEMENT_EXECUTE|[10]
17:39:34.0 (108173685)|STATEMENT_EXECUTE|[13]
17:39:34.0 (108201440)|STATEMENT_EXECUTE|[15]
17:39:34.0 (108203768)|STATEMENT_EXECUTE|[16]
17:39:34.0 (108227228)|VARIABLE_ASSIGNMENT|[16]|this.recordMap|{"Test":{"MasterLabel":"Test","DeveloperName":"Test","Checkbox_Field__c":false,"Id":"m031D0000013RiQQAU"}}|0x35df3d87
17:39:34.0 (108238123)|STATEMENT_EXECUTE|[17]
17:39:34.0 (108248469)|VARIABLE_ASSIGNMENT|[17]|this.stringDescribeResult|"List of size 13 too large to display"|0x35df3d87
17:39:34.0 (108266125)|CONSTRUCTOR_EXIT|[93]|01p1D00000W0Q32|<init>(Map<String,SObject>,List<Map<String,ANY>>)|CustomMetadataTypeWrapper
17:39:34.0 (108275875)|VARIABLE_SCOPE_BEGIN|[93]|tempWrapper|CustomMetadataTypeWrapper|true|false
17:39:34.0 (108308054)|VARIABLE_ASSIGNMENT|[93]|tempWrapper|{"recordMap":"0x533f741b","stringDescribeResult":"0x6c1734e4"}|0x35df3d87
17:39:34.0 (108318702)|STATEMENT_EXECUTE|[94]
17:39:34.0 (108329274)|HEAP_ALLOCATE|[94]|Bytes:16
17:39:34.0 (108346889)|HEAP_ALLOCATE|[EXTERNAL]|Bytes:-4
17:39:34.0 (108370115)|HEAP_ALLOCATE|[61]|Bytes:5
17:39:34.0 (108386774)|VARIABLE_ASSIGNMENT|[61]|cmt|null|
17:39:34.0 (108720774)|HEAP_ALLOCATE|[61]|Bytes:5
17:39:34.0 (126123820)|HEAP_ALLOCATE|[EXTERNAL]|Bytes:4
17:39:34.0 (126386401)|HEAP_ALLOCATE|[EXTERNAL]|Bytes:4
17:39:34.0 (127990310)|HEAP_ALLOCATE|[EXTERNAL]|Bytes:4
17:39:34.0 (128157526)|HEAP_ALLOCATE|[EXTERNAL]|Bytes:4
17:39:34.0 (128931728)|HEAP_ALLOCATE|[EXTERNAL]|Bytes:4
17:39:34.0 (129074596)|HEAP_ALLOCATE|[EXTERNAL]|Bytes:4
17:39:34.0 (214571018)|HEAP_DUMP|[96]|07n1D0000004jSD|CmtUiService|none|96
17:39:34.0 (214606333)|STATEMENT_EXECUTE|[96]
17:39:34.0 (214623420)|HEAP_ALLOCATE|[96]|Bytes:4
17:39:34.0 (214706250)|USER_DEBUG|[96]|DEBUG|here
17:39:34.0 (214728723)|STATEMENT_EXECUTE|[98]
17:39:34.214 (214776758)|CUMULATIVE_LIMIT_USAGE
17:39:34.214 (214776758)|LIMIT_USAGE_FOR_NS|(default)|
  Number of SOQL queries: 1 out of 100
  Number of query rows: 29 out of 50000
  Number of SOSL queries: 0 out of 20
  Number of DML statements: 0 out of 0
  Number of Publish Immediate DML: 0 out of 150
  Number of DML rows: 0 out of 10000
  Maximum CPU time: 0 out of 10000
  Maximum heap size: 0 out of 6000000
  Number of callouts: 0 out of 100
  Number of Email Invocations: 0 out of 10
  Number of future calls: 0 out of 50
  Number of queueable jobs added to the queue: 0 out of 50
  Number of Mobile Apex push calls: 0 out of 10

17:39:34.214 (214776758)|CUMULATIVE_LIMIT_USAGE_END

17:39:34.0 (214815902)|CODE_UNIT_FINISHED|CmtUiService.getCMTRecordsSingleCall(List<String>)
17:39:34.0 (216196860)|CODE_UNIT_FINISHED|apex://CmtUiService/ACTION$getCMTRecordsSingleCall
17:39:34.0 (216209272)|EXECUTION_FINISHED
